<?xml version="1.0" encoding="UTF-8"?>
<coverage generated="1772104752777" clover="3.2.0">
  <project timestamp="1772104752777" name="All files">
    <metrics statements="183" coveredstatements="178" conditionals="207" coveredconditionals="142" methods="84" coveredmethods="78" elements="474" coveredelements="398" complexity="0" loc="183" ncloc="183" packages="3" files="3" classes="3"/>
    <package name="graph_stores">
      <metrics statements="105" coveredstatements="101" conditionals="148" coveredconditionals="102" methods="36" coveredmethods="34"/>
      <file name="memgraph.ts" path="C:\Users\Selet\source\repos\mem0\mem0\mem0-ts\src\oss\src\graph_stores\memgraph.ts">
        <metrics statements="105" coveredstatements="101" conditionals="148" coveredconditionals="102" methods="36" coveredmethods="34"/>
        <line num="16" count="2" type="stmt"/>
        <line num="27" count="2" type="stmt"/>
        <line num="41" count="2" type="stmt"/>
        <line num="49" count="1" type="cond" truecount="3" falsecount="1"/>
        <line num="50" count="1" type="cond" truecount="3" falsecount="1"/>
        <line num="51" count="1" type="cond" truecount="3" falsecount="1"/>
        <line num="52" count="1" type="stmt"/>
        <line num="60" count="1" type="stmt"/>
        <line num="66" count="42" type="stmt"/>
        <line num="67" count="42" type="stmt"/>
        <line num="68" count="42" type="stmt"/>
        <line num="70" count="42" type="stmt"/>
        <line num="75" count="41" type="cond" truecount="9" falsecount="3"/>
        <line num="81" count="1" type="stmt"/>
        <line num="83" count="1" type="stmt"/>
        <line num="89" count="0" type="cond" truecount="0" falsecount="1"/>
        <line num="93" count="1" type="stmt"/>
        <line num="96" count="0" type="cond" truecount="0" falsecount="1"/>
        <line num="102" count="1" type="stmt"/>
        <line num="113" count="2" type="stmt"/>
        <line num="114" count="2" type="stmt"/>
        <line num="116" count="2" type="stmt"/>
        <line num="118" count="2" type="stmt"/>
        <line num="135" count="2" type="stmt"/>
        <line num="149" count="3" type="stmt"/>
        <line num="150" count="3" type="stmt"/>
        <line num="152" count="3" type="stmt"/>
        <line num="153" count="3" type="stmt"/>
        <line num="160" count="3" type="cond" truecount="1" falsecount="0"/>
        <line num="161" count="1" type="stmt"/>
        <line num="162" count="1" type="stmt"/>
        <line num="173" count="1" type="stmt"/>
        <line num="174" count="1" type="stmt"/>
        <line num="176" count="1" type="stmt"/>
        <line num="177" count="1" type="stmt"/>
        <line num="192" count="1" type="stmt"/>
        <line num="193" count="1" type="stmt"/>
        <line num="195" count="1" type="stmt"/>
        <line num="197" count="1" type="stmt"/>
        <line num="233" count="1" type="stmt"/>
        <line num="234" count="1" type="stmt"/>
        <line num="235" count="1" type="stmt"/>
        <line num="236" count="1" type="stmt"/>
        <line num="237" count="1" type="cond" truecount="1" falsecount="0"/>
        <line num="238" count="1" type="stmt"/>
        <line num="239" count="1" type="stmt"/>
        <line num="247" count="1" type="stmt"/>
        <line num="256" count="22" type="stmt"/>
        <line num="257" count="22" type="stmt"/>
        <line num="258" count="22" type="cond" truecount="4" falsecount="0"/>
        <line num="259" count="22" type="cond" truecount="4" falsecount="0"/>
        <line num="260" count="22" type="stmt"/>
        <line num="261" count="22" type="cond" truecount="2" falsecount="0"/>
        <line num="262" count="22" type="stmt"/>
        <line num="264" count="22" type="stmt"/>
        <line num="267" count="22" type="stmt"/>
        <line num="300" count="22" type="stmt"/>
        <line num="301" count="22" type="stmt"/>
        <line num="319" count="1" type="stmt"/>
        <line num="320" count="1" type="stmt"/>
        <line num="321" count="1" type="stmt"/>
        <line num="323" count="1" type="stmt"/>
        <line num="324" count="1" type="stmt"/>
        <line num="345" count="2" type="stmt"/>
        <line num="346" count="2" type="stmt"/>
        <line num="347" count="2" type="cond" truecount="3" falsecount="1"/>
        <line num="348" count="2" type="cond" truecount="3" falsecount="1"/>
        <line num="352" count="2" type="cond" truecount="2" falsecount="2"/>
        <line num="356" count="2" type="stmt"/>
        <line num="357" count="2" type="stmt"/>
        <line num="384" count="2" type="cond" truecount="0" falsecount="1"/>
        <line num="385" count="0" type="stmt"/>
        <line num="388" count="2" type="stmt"/>
        <line num="389" count="2" type="cond" truecount="3" falsecount="1"/>
        <line num="390" count="2" type="cond" truecount="3" falsecount="1"/>
        <line num="392" count="3" type="stmt"/>
        <line num="399" count="3" type="stmt"/>
        <line num="409" count="2" type="stmt"/>
        <line num="418" count="1" type="stmt"/>
        <line num="419" count="1" type="stmt"/>
        <line num="420" count="1" type="cond" truecount="3" falsecount="1"/>
        <line num="421" count="1" type="cond" truecount="3" falsecount="1"/>
        <line num="424" count="1" type="cond" truecount="2" falsecount="2"/>
        <line num="428" count="1" type="stmt"/>
        <line num="430" count="1" type="stmt"/>
        <line num="455" count="1" type="cond" truecount="0" falsecount="1"/>
        <line num="456" count="0" type="stmt"/>
        <line num="459" count="1" type="stmt"/>
        <line num="460" count="1" type="cond" truecount="3" falsecount="1"/>
        <line num="461" count="1" type="cond" truecount="3" falsecount="1"/>
        <line num="463" count="3" type="stmt"/>
        <line num="471" count="1" type="stmt"/>
        <line num="472" count="4" type="stmt"/>
        <line num="473" count="3" type="stmt"/>
        <line num="483" count="1" type="stmt"/>
        <line num="493" count="6" type="stmt"/>
        <line num="494" count="6" type="stmt"/>
        <line num="496" count="6" type="stmt"/>
        <line num="497" count="6" type="stmt"/>
        <line num="504" count="6" type="stmt"/>
        <line num="513" count="2" type="stmt"/>
        <line num="514" count="2" type="stmt"/>
        <line num="516" count="2" type="stmt"/>
        <line num="517" count="2" type="stmt"/>
        <line num="522" count="1" type="stmt"/>
      </file>
    </package>
    <package name="storage">
      <metrics statements="17" coveredstatements="17" conditionals="25" coveredconditionals="18" methods="15" coveredmethods="13"/>
      <file name="MemgraphHistoryManager.ts" path="C:\Users\Selet\source\repos\mem0\mem0\mem0-ts\src\oss\src\storage\MemgraphHistoryManager.ts">
        <metrics statements="17" coveredstatements="17" conditionals="25" coveredconditionals="18" methods="15" coveredmethods="13"/>
        <line num="1" count="2" type="stmt"/>
        <line num="10" count="2" type="stmt"/>
        <line num="14" count="5" type="stmt"/>
        <line num="22" count="5" type="stmt"/>
        <line num="26" count="61" type="stmt"/>
        <line num="27" count="61" type="stmt"/>
        <line num="28" count="61" type="stmt"/>
        <line num="30" count="61" type="stmt"/>
        <line num="35" count="5" type="stmt"/>
        <line num="36" count="5" type="stmt"/>
        <line num="51" count="41" type="stmt"/>
        <line num="52" count="41" type="stmt"/>
        <line num="77" count="12" type="stmt"/>
        <line num="78" count="12" type="stmt"/>
        <line num="85" count="16" type="stmt"/>
        <line num="90" count="3" type="stmt"/>
        <line num="94" count="4" type="stmt"/>
      </file>
    </package>
    <package name="vector_stores">
      <metrics statements="61" coveredstatements="60" conditionals="34" coveredconditionals="22" methods="33" coveredmethods="31"/>
      <file name="memgraph.ts" path="C:\Users\Selet\source\repos\mem0\mem0\mem0-ts\src\oss\src\vector_stores\memgraph.ts">
        <metrics statements="61" coveredstatements="60" conditionals="34" coveredconditionals="22" methods="33" coveredmethods="31"/>
        <line num="1" count="2" type="stmt"/>
        <line num="14" count="2" type="stmt"/>
        <line num="19" count="3" type="stmt"/>
        <line num="23" count="3" type="cond" truecount="1" falsecount="2"/>
        <line num="24" count="3" type="cond" truecount="1" falsecount="1"/>
        <line num="25" count="3" type="cond" truecount="2" falsecount="0"/>
        <line num="26" count="3" type="stmt"/>
        <line num="34" count="3" type="stmt"/>
        <line num="38" count="109" type="stmt"/>
        <line num="39" count="109" type="stmt"/>
        <line num="40" count="109" type="stmt"/>
        <line num="42" count="109" type="stmt"/>
        <line num="47" count="3" type="stmt"/>
        <line num="48" count="3" type="stmt"/>
        <line num="54" count="0" type="cond" truecount="0" falsecount="1"/>
        <line num="60" count="1" type="stmt"/>
        <line num="68" count="32" type="stmt"/>
        <line num="73" count="35" type="stmt"/>
        <line num="79" count="32" type="stmt"/>
        <line num="80" count="32" type="stmt"/>
        <line num="98" count="29" type="stmt"/>
        <line num="103" count="29" type="stmt"/>
        <line num="104" count="29" type="stmt"/>
        <line num="108" count="29" type="stmt"/>
        <line num="116" count="29" type="stmt"/>
        <line num="117" count="239" type="stmt"/>
        <line num="122" count="239" type="cond" truecount="2" falsecount="0"/>
        <line num="128" count="21" type="stmt"/>
        <line num="129" count="21" type="stmt"/>
        <line num="130" count="21" type="stmt"/>
        <line num="134" count="21" type="cond" truecount="1" falsecount="0"/>
        <line num="135" count="15" type="stmt"/>
        <line num="136" count="15" type="stmt"/>
        <line num="145" count="5" type="stmt"/>
        <line num="149" count="5" type="cond" truecount="3" falsecount="1"/>
        <line num="150" count="5" type="stmt"/>
        <line num="151" count="5" type="stmt"/>
        <line num="152" count="5" type="cond" truecount="2" falsecount="0"/>
        <line num="153" count="4" type="stmt"/>
        <line num="159" count="1" type="stmt"/>
        <line num="169" count="6" type="stmt"/>
        <line num="170" count="6" type="stmt"/>
        <line num="171" count="6" type="stmt"/>
        <line num="176" count="4" type="stmt"/>
        <line num="177" count="4" type="stmt"/>
        <line num="182" count="1" type="stmt"/>
        <line num="189" count="9" type="stmt"/>
        <line num="190" count="9" type="stmt"/>
        <line num="193" count="9" type="stmt"/>
        <line num="196" count="9" type="stmt"/>
        <line num="198" count="110" type="stmt"/>
        <line num="199" count="110" type="stmt"/>
        <line num="200" count="110" type="stmt"/>
        <line num="202" count="110" type="stmt"/>
        <line num="203" count="9" type="stmt"/>
        <line num="208" count="43" type="stmt"/>
        <line num="212" count="10" type="stmt"/>
        <line num="216" count="1" type="stmt"/>
        <line num="220" count="348" type="cond" truecount="1" falsecount="0"/>
        <line num="221" count="346" type="stmt"/>
        <line num="225" count="1" type="stmt"/>
      </file>
    </package>
  </project>
</coverage>
