TN:
SF:src\oss\src\graph_stores\memgraph.ts
FN:48,(anonymous_1)
FN:65,(anonymous_2)
FN:74,(anonymous_3)
FN:80,(anonymous_4)
FN:81,(anonymous_5)
FN:88,(anonymous_6)
FN:95,(anonymous_7)
FN:101,(anonymous_8)
FN:107,(anonymous_9)
FN:116,(anonymous_10)
FN:135,(anonymous_11)
FN:145,(anonymous_12)
FN:152,(anonymous_13)
FN:172,(anonymous_14)
FN:176,(anonymous_15)
FN:186,(anonymous_16)
FN:195,(anonymous_17)
FN:251,(anonymous_18)
FN:264,(anonymous_19)
FN:313,(anonymous_20)
FN:323,(anonymous_21)
FN:340,(anonymous_22)
FN:356,(anonymous_23)
FN:392,(anonymous_24)
FN:399,(anonymous_25)
FN:413,(anonymous_26)
FN:428,(anonymous_27)
FN:463,(anonymous_28)
FN:472,(anonymous_29)
FN:473,(anonymous_30)
FN:489,(anonymous_31)
FN:496,(anonymous_32)
FN:504,(anonymous_33)
FN:512,(anonymous_34)
FN:516,(anonymous_35)
FN:521,(anonymous_36)
FNF:36
FNH:34
FNDA:1,(anonymous_1)
FNDA:42,(anonymous_2)
FNDA:41,(anonymous_3)
FNDA:1,(anonymous_4)
FNDA:1,(anonymous_5)
FNDA:0,(anonymous_6)
FNDA:0,(anonymous_7)
FNDA:1,(anonymous_8)
FNDA:2,(anonymous_9)
FNDA:2,(anonymous_10)
FNDA:2,(anonymous_11)
FNDA:3,(anonymous_12)
FNDA:3,(anonymous_13)
FNDA:1,(anonymous_14)
FNDA:1,(anonymous_15)
FNDA:1,(anonymous_16)
FNDA:1,(anonymous_17)
FNDA:22,(anonymous_18)
FNDA:22,(anonymous_19)
FNDA:1,(anonymous_20)
FNDA:1,(anonymous_21)
FNDA:2,(anonymous_22)
FNDA:2,(anonymous_23)
FNDA:3,(anonymous_24)
FNDA:3,(anonymous_25)
FNDA:1,(anonymous_26)
FNDA:1,(anonymous_27)
FNDA:3,(anonymous_28)
FNDA:4,(anonymous_29)
FNDA:3,(anonymous_30)
FNDA:6,(anonymous_31)
FNDA:6,(anonymous_32)
FNDA:4,(anonymous_33)
FNDA:2,(anonymous_34)
FNDA:2,(anonymous_35)
FNDA:1,(anonymous_36)
DA:16,2
DA:27,2
DA:41,2
DA:49,1
DA:50,1
DA:51,1
DA:52,1
DA:60,1
DA:66,42
DA:67,42
DA:68,42
DA:70,42
DA:75,41
DA:81,1
DA:83,1
DA:89,0
DA:93,1
DA:96,0
DA:102,1
DA:113,2
DA:114,2
DA:116,2
DA:118,2
DA:135,2
DA:149,3
DA:150,3
DA:152,3
DA:153,3
DA:160,3
DA:161,1
DA:162,1
DA:173,1
DA:174,1
DA:176,1
DA:177,1
DA:192,1
DA:193,1
DA:195,1
DA:197,1
DA:233,1
DA:234,1
DA:235,1
DA:236,1
DA:237,1
DA:238,1
DA:239,1
DA:247,1
DA:256,22
DA:257,22
DA:258,22
DA:259,22
DA:260,22
DA:261,22
DA:262,22
DA:264,22
DA:267,22
DA:300,22
DA:301,22
DA:319,1
DA:320,1
DA:321,1
DA:323,1
DA:324,1
DA:345,2
DA:346,2
DA:347,2
DA:348,2
DA:352,2
DA:356,2
DA:357,2
DA:384,2
DA:385,0
DA:388,2
DA:389,2
DA:390,2
DA:392,3
DA:399,3
DA:409,2
DA:418,1
DA:419,1
DA:420,1
DA:421,1
DA:424,1
DA:428,1
DA:430,1
DA:455,1
DA:456,0
DA:459,1
DA:460,1
DA:461,1
DA:463,3
DA:471,1
DA:472,4
DA:473,3
DA:483,1
DA:493,6
DA:494,6
DA:496,6
DA:497,6
DA:504,6
DA:513,2
DA:514,2
DA:516,2
DA:517,2
DA:522,1
LF:105
LH:101
BRDA:48,0,0,0
BRDA:49,1,0,1
BRDA:49,1,1,0
BRDA:49,2,0,1
BRDA:49,2,1,1
BRDA:50,3,0,1
BRDA:50,3,1,0
BRDA:50,4,0,1
BRDA:50,4,1,1
BRDA:51,5,0,0
BRDA:51,5,1,1
BRDA:51,6,0,1
BRDA:51,6,1,1
BRDA:53,7,0,1
BRDA:53,7,1,0
BRDA:53,8,0,1
BRDA:53,8,1,1
BRDA:53,9,0,1
BRDA:53,9,1,0
BRDA:53,10,0,1
BRDA:53,10,1,1
BRDA:55,11,0,1
BRDA:55,11,1,0
BRDA:55,12,0,1
BRDA:55,12,1,1
BRDA:55,13,0,1
BRDA:55,13,1,0
BRDA:55,14,0,1
BRDA:55,14,1,1
BRDA:56,15,0,1
BRDA:56,15,1,0
BRDA:56,16,0,1
BRDA:56,16,1,1
BRDA:56,17,0,1
BRDA:56,17,1,0
BRDA:56,18,0,1
BRDA:56,18,1,1
BRDA:75,19,0,41
BRDA:75,19,1,0
BRDA:75,20,0,41
BRDA:75,20,1,41
BRDA:75,21,0,41
BRDA:75,21,1,0
BRDA:75,22,0,41
BRDA:75,22,1,41
BRDA:75,23,0,41
BRDA:75,23,1,0
BRDA:75,24,0,41
BRDA:75,24,1,41
BRDA:89,25,0,0
BRDA:96,26,0,0
BRDA:110,27,0,0
BRDA:111,28,0,0
BRDA:138,29,0,2
BRDA:138,29,1,0
BRDA:138,30,0,2
BRDA:138,30,1,2
BRDA:139,31,0,2
BRDA:139,31,1,0
BRDA:160,32,0,2
BRDA:165,33,0,1
BRDA:165,33,1,0
BRDA:165,34,0,1
BRDA:165,34,1,1
BRDA:166,35,0,1
BRDA:166,35,1,0
BRDA:166,36,0,1
BRDA:166,36,1,1
BRDA:167,37,0,1
BRDA:167,37,1,0
BRDA:189,38,0,0
BRDA:190,39,0,0
BRDA:237,40,0,1
BRDA:258,41,0,4
BRDA:258,41,1,18
BRDA:258,42,0,22
BRDA:258,42,1,22
BRDA:259,43,0,4
BRDA:259,43,1,18
BRDA:259,44,0,22
BRDA:259,44,1,22
BRDA:261,45,0,2
BRDA:261,45,1,20
BRDA:308,46,0,2
BRDA:308,46,1,20
BRDA:308,47,0,22
BRDA:308,47,1,22
BRDA:343,48,0,0
BRDA:347,49,0,2
BRDA:347,49,1,0
BRDA:347,50,0,2
BRDA:347,50,1,2
BRDA:348,51,0,0
BRDA:348,51,1,2
BRDA:348,52,0,2
BRDA:348,52,1,2
BRDA:352,53,0,0
BRDA:352,53,1,2
BRDA:352,54,0,2
BRDA:352,54,1,0
BRDA:384,55,0,0
BRDA:389,56,0,2
BRDA:389,56,1,0
BRDA:389,57,0,2
BRDA:389,57,1,2
BRDA:390,58,0,2
BRDA:390,58,1,0
BRDA:390,59,0,2
BRDA:390,59,1,2
BRDA:395,60,0,3
BRDA:395,60,1,0
BRDA:395,61,0,3
BRDA:395,61,1,3
BRDA:396,62,0,3
BRDA:396,62,1,0
BRDA:406,63,0,3
BRDA:406,63,1,0
BRDA:416,64,0,0
BRDA:420,65,0,1
BRDA:420,65,1,0
BRDA:420,66,0,1
BRDA:420,66,1,1
BRDA:421,67,0,0
BRDA:421,67,1,1
BRDA:421,68,0,1
BRDA:421,68,1,1
BRDA:424,69,0,0
BRDA:424,69,1,1
BRDA:424,70,0,1
BRDA:424,70,1,0
BRDA:455,71,0,0
BRDA:460,72,0,1
BRDA:460,72,1,0
BRDA:460,73,0,1
BRDA:460,73,1,1
BRDA:461,74,0,1
BRDA:461,74,1,0
BRDA:461,75,0,1
BRDA:461,75,1,1
BRDA:466,76,0,3
BRDA:466,76,1,0
BRDA:466,77,0,3
BRDA:466,77,1,3
BRDA:467,78,0,3
BRDA:467,78,1,0
BRDA:480,79,0,3
BRDA:480,79,1,0
BRDA:491,80,0,6
BRF:148
BRH:102
end_of_record
TN:
SF:src\oss\src\storage\MemgraphHistoryManager.ts
FN:13,(anonymous_1)
FN:22,(anonymous_2)
FN:25,(anonymous_3)
FN:34,(anonymous_4)
FN:35,(anonymous_5)
FN:36,(anonymous_6)
FN:42,(anonymous_7)
FN:51,(anonymous_8)
FN:76,(anonymous_9)
FN:77,(anonymous_10)
FN:85,(anonymous_11)
FN:89,(anonymous_12)
FN:90,(anonymous_13)
FN:93,(anonymous_14)
FN:94,(anonymous_15)
FNF:15
FNH:13
FNDA:5,(anonymous_1)
FNDA:0,(anonymous_2)
FNDA:61,(anonymous_3)
FNDA:5,(anonymous_4)
FNDA:5,(anonymous_5)
FNDA:5,(anonymous_6)
FNDA:41,(anonymous_7)
FNDA:41,(anonymous_8)
FNDA:12,(anonymous_9)
FNDA:12,(anonymous_10)
FNDA:16,(anonymous_11)
FNDA:3,(anonymous_12)
FNDA:3,(anonymous_13)
FNDA:4,(anonymous_14)
FNDA:0,(anonymous_15)
DA:1,2
DA:10,2
DA:14,5
DA:22,5
DA:26,61
DA:27,61
DA:28,61
DA:30,61
DA:35,5
DA:36,5
DA:51,41
DA:52,41
DA:77,12
DA:78,12
DA:85,16
DA:90,3
DA:94,4
LF:17
LH:17
BRDA:13,0,0,0
BRDA:15,1,0,5
BRDA:15,1,1,0
BRDA:15,1,2,0
BRDA:17,2,0,5
BRDA:17,2,1,0
BRDA:17,2,2,0
BRDA:18,3,0,5
BRDA:18,3,1,0
BRDA:18,3,2,0
BRDA:49,4,0,24
BRDA:65,5,0,13
BRDA:65,5,1,28
BRDA:65,6,0,41
BRDA:65,6,1,13
BRDA:66,7,0,35
BRDA:66,7,1,6
BRDA:66,8,0,41
BRDA:66,8,1,35
BRDA:68,9,0,41
BRDA:68,9,1,5
BRDA:69,10,0,15
BRDA:69,10,1,26
BRDA:69,11,0,41
BRDA:69,11,1,41
BRF:25
BRH:18
end_of_record
TN:
SF:src\oss\src\vector_stores\memgraph.ts
FN:22,(anonymous_1)
FN:37,(anonymous_2)
FN:46,(anonymous_3)
FN:47,(anonymous_4)
FN:51,(anonymous_5)
FN:59,(anonymous_6)
FN:63,(anonymous_7)
FN:73,(anonymous_8)
FN:79,(anonymous_9)
FN:91,(anonymous_10)
FN:104,(anonymous_11)
FN:117,(anonymous_12)
FN:122,(anonymous_13)
FN:127,(anonymous_14)
FN:129,(anonymous_15)
FN:140,(anonymous_16)
FN:151,(anonymous_17)
FN:168,(anonymous_18)
FN:170,(anonymous_19)
FN:175,(anonymous_20)
FN:177,(anonymous_21)
FN:180,(anonymous_22)
FN:185,(anonymous_23)
FN:190,(anonymous_24)
FN:197,(anonymous_25)
FN:202,(anonymous_26)
FN:207,(anonymous_27)
FN:211,(anonymous_28)
FN:215,(anonymous_29)
FN:219,(anonymous_30)
FN:221,(anonymous_31)
FN:224,(anonymous_32)
FN:225,(anonymous_33)
FNF:33
FNH:31
FNDA:3,(anonymous_1)
FNDA:109,(anonymous_2)
FNDA:3,(anonymous_3)
FNDA:3,(anonymous_4)
FNDA:0,(anonymous_5)
FNDA:1,(anonymous_6)
FNDA:32,(anonymous_7)
FNDA:35,(anonymous_8)
FNDA:32,(anonymous_9)
FNDA:29,(anonymous_10)
FNDA:29,(anonymous_11)
FNDA:239,(anonymous_12)
FNDA:239,(anonymous_13)
FNDA:21,(anonymous_14)
FNDA:21,(anonymous_15)
FNDA:5,(anonymous_16)
FNDA:5,(anonymous_17)
FNDA:6,(anonymous_18)
FNDA:6,(anonymous_19)
FNDA:4,(anonymous_20)
FNDA:4,(anonymous_21)
FNDA:1,(anonymous_22)
FNDA:9,(anonymous_23)
FNDA:9,(anonymous_24)
FNDA:110,(anonymous_25)
FNDA:110,(anonymous_26)
FNDA:43,(anonymous_27)
FNDA:10,(anonymous_28)
FNDA:1,(anonymous_29)
FNDA:348,(anonymous_30)
FNDA:346,(anonymous_31)
FNDA:1,(anonymous_32)
FNDA:0,(anonymous_33)
DA:1,2
DA:14,2
DA:19,3
DA:23,3
DA:24,3
DA:25,3
DA:26,3
DA:34,3
DA:38,109
DA:39,109
DA:40,109
DA:42,109
DA:47,3
DA:48,3
DA:54,0
DA:60,1
DA:68,32
DA:73,35
DA:79,32
DA:80,32
DA:98,29
DA:103,29
DA:104,29
DA:108,29
DA:116,29
DA:117,239
DA:122,239
DA:128,21
DA:129,21
DA:130,21
DA:134,21
DA:135,15
DA:136,15
DA:145,5
DA:149,5
DA:150,5
DA:151,5
DA:152,5
DA:153,4
DA:159,1
DA:169,6
DA:170,6
DA:171,6
DA:176,4
DA:177,4
DA:182,1
DA:189,9
DA:190,9
DA:193,9
DA:196,9
DA:198,110
DA:199,110
DA:200,110
DA:202,110
DA:203,9
DA:208,43
DA:212,10
DA:216,1
DA:220,348
DA:221,346
DA:225,1
LF:61
LH:60
BRDA:23,0,0,3
BRDA:23,0,1,0
BRDA:23,0,2,0
BRDA:24,1,0,3
BRDA:24,1,1,0
BRDA:25,2,0,3
BRDA:25,2,1,3
BRDA:27,3,0,3
BRDA:27,3,1,0
BRDA:27,3,2,0
BRDA:29,4,0,3
BRDA:29,4,1,0
BRDA:29,4,2,0
BRDA:30,5,0,3
BRDA:30,5,1,0
BRDA:30,5,2,0
BRDA:54,6,0,0
BRDA:75,7,0,34
BRDA:75,7,1,1
BRDA:75,8,0,35
BRDA:75,8,1,35
BRDA:93,9,0,0
BRDA:96,10,0,28
BRDA:122,11,0,239
BRDA:122,11,1,238
BRDA:134,12,0,6
BRDA:149,13,0,5
BRDA:149,13,1,0
BRDA:149,14,0,5
BRDA:149,14,1,5
BRDA:152,15,0,4
BRDA:152,15,1,1
BRDA:187,16,0,4
BRDA:220,17,0,2
BRF:34
BRH:22
end_of_record
