<?xml version="1.0" encoding="UTF-8"?>
<coverage generated="1772104954722" clover="3.2.0">
  <project timestamp="1772104954722" name="All files">
    <metrics statements="67" coveredstatements="67" conditionals="44" coveredconditionals="32" methods="15" coveredmethods="15" elements="126" coveredelements="114" complexity="0" loc="67" ncloc="67" packages="1" files="1" classes="1"/>
    <file name="memgraph.ts" path="C:\Users\Selet\source\repos\mem0\mem0\openmemory\ui\lib\db\memgraph.ts">
      <metrics statements="67" coveredstatements="67" conditionals="44" coveredconditionals="32" methods="15" coveredmethods="15"/>
      <line num="12" count="20" type="stmt"/>
      <line num="18" count="20" type="stmt"/>
      <line num="20" count="20" type="stmt"/>
      <line num="21" count="85" type="cond" truecount="1" falsecount="0"/>
      <line num="22" count="20" type="cond" truecount="3" falsecount="1"/>
      <line num="23" count="20" type="cond" truecount="3" falsecount="1"/>
      <line num="24" count="20" type="cond" truecount="3" falsecount="1"/>
      <line num="25" count="20" type="stmt"/>
      <line num="32" count="85" type="stmt"/>
      <line num="36" count="20" type="stmt"/>
      <line num="37" count="2" type="cond" truecount="1" falsecount="0"/>
      <line num="38" count="1" type="stmt"/>
      <line num="39" count="1" type="stmt"/>
      <line num="48" count="9" type="stmt"/>
      <line num="49" count="13" type="stmt"/>
      <line num="60" count="81" type="stmt"/>
      <line num="70" count="20" type="stmt"/>
      <line num="71" count="9" type="stmt"/>
      <line num="74" count="9" type="stmt"/>
      <line num="75" count="9" type="stmt"/>
      <line num="76" count="9" type="stmt"/>
      <line num="77" count="7" type="stmt"/>
      <line num="79" count="9" type="stmt"/>
      <line num="84" count="20" type="stmt"/>
      <line num="85" count="72" type="stmt"/>
      <line num="88" count="72" type="stmt"/>
      <line num="89" count="72" type="stmt"/>
      <line num="90" count="72" type="stmt"/>
      <line num="91" count="69" type="stmt"/>
      <line num="93" count="72" type="stmt"/>
      <line num="112" count="11" type="cond" truecount="3" falsecount="1"/>
      <line num="114" count="11" type="cond" truecount="1" falsecount="1"/>
      <line num="115" count="11" type="cond" truecount="1" falsecount="1"/>
      <line num="116" count="11" type="stmt"/>
      <line num="117" count="11" type="cond" truecount="3" falsecount="1"/>
      <line num="121" count="6" type="stmt"/>
      <line num="122" count="6" type="stmt"/>
      <line num="160" count="20" type="stmt"/>
      <line num="161" count="6" type="stmt"/>
      <line num="162" count="66" type="stmt"/>
      <line num="163" count="66" type="stmt"/>
      <line num="169" count="3" type="cond" truecount="1" falsecount="1"/>
      <line num="171" count="3" type="cond" truecount="3" falsecount="0"/>
      <line num="174" count="3" type="cond" truecount="1" falsecount="0"/>
      <line num="175" count="1" type="stmt"/>
      <line num="176" count="1" type="stmt"/>
      <line num="180" count="5" type="stmt"/>
      <line num="187" count="20" type="stmt"/>
      <line num="197" count="20" type="stmt"/>
      <line num="198" count="7" type="cond" truecount="1" falsecount="0"/>
      <line num="200" count="6" type="stmt"/>
      <line num="201" count="6" type="stmt"/>
      <line num="204" count="5" type="stmt"/>
      <line num="205" count="6" type="cond" truecount="3" falsecount="1"/>
      <line num="208" count="5" type="stmt"/>
      <line num="210" count="5" type="cond" truecount="1" falsecount="0"/>
      <line num="211" count="2" type="stmt"/>
      <line num="212" count="2" type="stmt"/>
      <line num="219" count="5" type="cond" truecount="1" falsecount="0"/>
      <line num="220" count="2" type="stmt"/>
      <line num="221" count="2" type="stmt"/>
      <line num="228" count="5" type="stmt"/>
      <line num="231" count="1" type="cond" truecount="1" falsecount="1"/>
      <line num="249" count="20" type="stmt"/>
      <line num="250" count="1" type="stmt"/>
      <line num="256" count="1" type="cond" truecount="0" falsecount="1"/>
      <line num="257" count="1" type="stmt"/>
    </file>
  </project>
</coverage>
