<?xml version="1.0" encoding="UTF-8"?>
<coverage generated="1772093454790" clover="3.2.0">
  <project timestamp="1772093454790" name="All files">
    <metrics statements="921" coveredstatements="820" conditionals="779" coveredconditionals="530" methods="178" coveredmethods="159" elements="1878" coveredelements="1509" complexity="0" loc="921" ncloc="921" packages="12" files="28" classes="28"/>
    <package name="app.api.v1.memories.[memoryId]">
      <metrics statements="28" coveredstatements="28" conditionals="61" coveredconditionals="52" methods="4" coveredmethods="4"/>
      <file name="route.ts" path="C:\Users\Selet\source\repos\mem0\mem0\openmemory\ui\app\api\v1\memories\[memoryId]\route.ts">
        <metrics statements="28" coveredstatements="28" conditionals="61" coveredconditionals="52" methods="4" coveredmethods="4"/>
        <line num="7" count="1" type="stmt"/>
        <line num="8" count="1" type="stmt"/>
        <line num="9" count="1" type="stmt"/>
        <line num="13" count="5" type="stmt"/>
        <line num="14" count="5" type="stmt"/>
        <line num="17" count="5" type="cond" truecount="8" falsecount="0"/>
        <line num="20" count="5" type="cond" truecount="3" falsecount="0"/>
        <line num="21" count="2" type="stmt"/>
        <line num="24" count="3" type="stmt"/>
        <line num="36" count="3" type="cond" truecount="1" falsecount="0"/>
        <line num="37" count="1" type="stmt"/>
        <line num="39" count="2" type="stmt"/>
        <line num="40" count="2" type="stmt"/>
        <line num="56" count="5" type="stmt"/>
        <line num="57" count="5" type="stmt"/>
        <line num="58" count="5" type="stmt"/>
        <line num="59" count="5" type="cond" truecount="2" falsecount="0"/>
        <line num="60" count="5" type="stmt"/>
        <line num="61" count="5" type="cond" truecount="3" falsecount="0"/>
        <line num="62" count="5" type="cond" truecount="3" falsecount="0"/>
        <line num="63" count="2" type="stmt"/>
        <line num="66" count="3" type="stmt"/>
        <line num="70" count="3" type="cond" truecount="1" falsecount="0"/>
        <line num="71" count="1" type="stmt"/>
        <line num="74" count="2" type="stmt"/>
        <line num="76" count="2" type="stmt"/>
        <line num="86" count="2" type="cond" truecount="3" falsecount="1"/>
        <line num="87" count="2" type="stmt"/>
      </file>
    </package>
    <package name="lib.ai">
      <metrics statements="12" coveredstatements="10" conditionals="12" coveredconditionals="3" methods="2" coveredmethods="2"/>
      <file name="client.ts" path="C:\Users\Selet\source\repos\mem0\mem0\openmemory\ui\lib\ai\client.ts">
        <metrics statements="12" coveredstatements="10" conditionals="12" coveredconditionals="3" methods="2" coveredmethods="2"/>
        <line num="9" count="9" type="stmt"/>
        <line num="11" count="9" type="stmt"/>
        <line num="13" count="9" type="stmt"/>
        <line num="14" count="8" type="cond" truecount="1" falsecount="0"/>
        <line num="15" count="8" type="stmt"/>
        <line num="16" count="8" type="stmt"/>
        <line num="17" count="8" type="cond" truecount="2" falsecount="1"/>
        <line num="18" count="8" type="stmt"/>
        <line num="22" count="0" type="stmt"/>
        <line num="29" count="0" type="stmt"/>
        <line num="33" count="9" type="stmt"/>
        <line num="34" count="2" type="stmt"/>
      </file>
    </package>
    <package name="lib.clusters">
      <metrics statements="39" coveredstatements="34" conditionals="40" coveredconditionals="16" methods="8" coveredmethods="8"/>
      <file name="build.ts" path="C:\Users\Selet\source\repos\mem0\mem0\openmemory\ui\lib\clusters\build.ts">
        <metrics statements="24" coveredstatements="24" conditionals="12" coveredconditionals="10" methods="5" coveredmethods="5"/>
        <line num="16" count="1" type="stmt"/>
        <line num="17" count="1" type="stmt"/>
        <line num="18" count="1" type="stmt"/>
        <line num="26" count="1" type="stmt"/>
        <line num="28" count="4" type="stmt"/>
        <line num="34" count="4" type="cond" truecount="6" falsecount="2"/>
        <line num="35" count="4" type="cond" truecount="1" falsecount="0"/>
        <line num="38" count="3" type="stmt"/>
        <line num="49" count="3" type="cond" truecount="1" falsecount="0"/>
        <line num="52" count="2" type="stmt"/>
        <line num="53" count="2" type="stmt"/>
        <line num="54" count="11" type="stmt"/>
        <line num="55" count="11" type="cond" truecount="1" falsecount="0"/>
        <line num="56" count="11" type="stmt"/>
        <line num="60" count="2" type="stmt"/>
        <line num="66" count="2" type="stmt"/>
        <line num="69" count="2" type="stmt"/>
        <line num="70" count="4" type="stmt"/>
        <line num="71" count="4" type="cond" truecount="1" falsecount="0"/>
        <line num="73" count="3" type="stmt"/>
        <line num="74" count="10" type="stmt"/>
        <line num="76" count="3" type="stmt"/>
        <line num="77" count="10" type="stmt"/>
        <line num="79" count="3" type="stmt"/>
      </file>
      <file name="summarize.ts" path="C:\Users\Selet\source\repos\mem0\mem0\openmemory\ui\lib\clusters\summarize.ts">
        <metrics statements="15" coveredstatements="10" conditionals="28" coveredconditionals="6" methods="3" coveredmethods="3"/>
        <line num="8" count="1" type="stmt"/>
        <line num="11" count="1" type="stmt"/>
        <line num="12" count="2" type="stmt"/>
        <line num="15" count="1" type="stmt"/>
        <line num="19" count="2" type="cond" truecount="6" falsecount="2"/>
        <line num="22" count="2" type="stmt"/>
        <line num="24" count="4" type="stmt"/>
        <line num="27" count="2" type="stmt"/>
        <line num="28" count="2" type="stmt"/>
        <line num="45" count="0" type="cond" truecount="0" falsecount="12"/>
        <line num="47" count="0" type="stmt"/>
        <line num="48" count="0" type="stmt"/>
        <line num="50" count="0" type="stmt"/>
        <line num="53" count="0" type="stmt"/>
        <line num="58" count="2" type="stmt"/>
      </file>
    </package>
    <package name="lib.config">
      <metrics statements="36" coveredstatements="25" conditionals="59" coveredconditionals="43" methods="6" coveredmethods="4"/>
      <file name="helpers.ts" path="C:\Users\Selet\source\repos\mem0\mem0\openmemory\ui\lib\config\helpers.ts">
        <metrics statements="36" coveredstatements="25" conditionals="59" coveredconditionals="43" methods="6" coveredmethods="4"/>
        <line num="7" count="6" type="stmt"/>
        <line num="9" count="6" type="stmt"/>
        <line num="10" count="4" type="stmt"/>
        <line num="22" count="6" type="stmt"/>
        <line num="23" count="4" type="stmt"/>
        <line num="24" count="4" type="stmt"/>
        <line num="28" count="3" type="stmt"/>
        <line num="29" count="3" type="stmt"/>
        <line num="30" count="1" type="stmt"/>
        <line num="31" count="1" type="stmt"/>
        <line num="33" count="0" type="stmt"/>
        <line num="36" count="3" type="stmt"/>
        <line num="37" count="3" type="stmt"/>
        <line num="42" count="1" type="stmt"/>
        <line num="47" count="6" type="stmt"/>
        <line num="48" count="0" type="stmt"/>
        <line num="49" count="0" type="stmt"/>
        <line num="54" count="0" type="stmt"/>
        <line num="57" count="6" type="stmt"/>
        <line num="58" count="0" type="stmt"/>
        <line num="59" count="0" type="cond" truecount="0" falsecount="2"/>
        <line num="66" count="0" type="stmt"/>
        <line num="68" count="0" type="stmt"/>
        <line num="71" count="0" type="stmt"/>
        <line num="92" count="6" type="stmt"/>
        <line num="93" count="3" type="stmt"/>
        <line num="94" count="3" type="stmt"/>
        <line num="95" count="3" type="cond" truecount="10" falsecount="2"/>
        <line num="96" count="3" type="stmt"/>
        <line num="102" count="0" type="stmt"/>
        <line num="119" count="6" type="stmt"/>
        <line num="120" count="1" type="stmt"/>
        <line num="121" count="1" type="stmt"/>
        <line num="122" count="1" type="cond" truecount="9" falsecount="3"/>
        <line num="123" count="1" type="stmt"/>
        <line num="128" count="0" type="stmt"/>
      </file>
    </package>
    <package name="lib.db">
      <metrics statements="67" coveredstatements="45" conditionals="44" coveredconditionals="18" methods="15" coveredmethods="12"/>
      <file name="memgraph.ts" path="C:\Users\Selet\source\repos\mem0\mem0\openmemory\ui\lib\db\memgraph.ts">
        <metrics statements="67" coveredstatements="45" conditionals="44" coveredconditionals="18" methods="15" coveredmethods="12"/>
        <line num="12" count="29" type="stmt"/>
        <line num="18" count="29" type="stmt"/>
        <line num="20" count="29" type="stmt"/>
        <line num="21" count="89" type="cond" truecount="1" falsecount="0"/>
        <line num="22" count="27" type="cond" truecount="3" falsecount="1"/>
        <line num="23" count="27" type="cond" truecount="3" falsecount="1"/>
        <line num="24" count="27" type="cond" truecount="3" falsecount="1"/>
        <line num="25" count="27" type="stmt"/>
        <line num="32" count="89" type="stmt"/>
        <line num="36" count="29" type="stmt"/>
        <line num="37" count="0" type="cond" truecount="0" falsecount="1"/>
        <line num="38" count="0" type="stmt"/>
        <line num="39" count="0" type="stmt"/>
        <line num="48" count="18" type="stmt"/>
        <line num="49" count="74" type="stmt"/>
        <line num="60" count="87" type="stmt"/>
        <line num="70" count="29" type="stmt"/>
        <line num="71" count="21" type="stmt"/>
        <line num="74" count="21" type="stmt"/>
        <line num="75" count="21" type="stmt"/>
        <line num="76" count="21" type="stmt"/>
        <line num="77" count="20" type="stmt"/>
        <line num="79" count="21" type="stmt"/>
        <line num="84" count="29" type="stmt"/>
        <line num="85" count="66" type="stmt"/>
        <line num="88" count="66" type="stmt"/>
        <line num="89" count="66" type="stmt"/>
        <line num="90" count="66" type="stmt"/>
        <line num="91" count="66" type="stmt"/>
        <line num="93" count="66" type="stmt"/>
        <line num="112" count="4" type="cond" truecount="3" falsecount="1"/>
        <line num="114" count="4" type="cond" truecount="1" falsecount="1"/>
        <line num="115" count="4" type="cond" truecount="1" falsecount="1"/>
        <line num="116" count="4" type="stmt"/>
        <line num="117" count="4" type="cond" truecount="3" falsecount="1"/>
        <line num="121" count="4" type="stmt"/>
        <line num="122" count="4" type="stmt"/>
        <line num="160" count="29" type="stmt"/>
        <line num="161" count="4" type="stmt"/>
        <line num="162" count="52" type="stmt"/>
        <line num="163" count="52" type="stmt"/>
        <line num="169" count="0" type="cond" truecount="0" falsecount="2"/>
        <line num="171" count="0" type="cond" truecount="0" falsecount="3"/>
        <line num="174" count="0" type="cond" truecount="0" falsecount="1"/>
        <line num="175" count="0" type="stmt"/>
        <line num="176" count="0" type="stmt"/>
        <line num="180" count="4" type="stmt"/>
        <line num="187" count="29" type="stmt"/>
        <line num="197" count="29" type="stmt"/>
        <line num="198" count="0" type="cond" truecount="0" falsecount="1"/>
        <line num="200" count="0" type="stmt"/>
        <line num="201" count="0" type="stmt"/>
        <line num="204" count="0" type="stmt"/>
        <line num="205" count="0" type="cond" truecount="0" falsecount="4"/>
        <line num="208" count="0" type="stmt"/>
        <line num="210" count="0" type="cond" truecount="0" falsecount="1"/>
        <line num="211" count="0" type="stmt"/>
        <line num="212" count="0" type="stmt"/>
        <line num="219" count="0" type="cond" truecount="0" falsecount="1"/>
        <line num="220" count="0" type="stmt"/>
        <line num="221" count="0" type="stmt"/>
        <line num="228" count="0" type="stmt"/>
        <line num="231" count="0" type="cond" truecount="0" falsecount="2"/>
        <line num="249" count="29" type="stmt"/>
        <line num="250" count="1" type="stmt"/>
        <line num="256" count="1" type="cond" truecount="0" falsecount="1"/>
        <line num="257" count="1" type="stmt"/>
      </file>
    </package>
    <package name="lib.dedup">
      <metrics statements="72" coveredstatements="65" conditionals="55" coveredconditionals="38" methods="12" coveredmethods="12"/>
      <file name="cache.ts" path="C:\Users\Selet\source\repos\mem0\mem0\openmemory\ui\lib\dedup\cache.ts">
        <metrics statements="14" coveredstatements="12" conditionals="6" coveredconditionals="4" methods="3" coveredmethods="3"/>
        <line num="7" count="2" type="stmt"/>
        <line num="9" count="2" type="stmt"/>
        <line num="10" count="2" type="stmt"/>
        <line num="15" count="2" type="stmt"/>
        <line num="16" count="3" type="cond" truecount="2" falsecount="0"/>
        <line num="17" count="3" type="stmt"/>
        <line num="23" count="2" type="stmt"/>
        <line num="24" count="2" type="stmt"/>
        <line num="25" count="2" type="cond" truecount="2" falsecount="0"/>
        <line num="31" count="2" type="stmt"/>
        <line num="32" count="1" type="cond" truecount="0" falsecount="1"/>
        <line num="33" count="0" type="stmt"/>
        <line num="34" count="0" type="cond" truecount="0" falsecount="1"/>
        <line num="36" count="1" type="stmt"/>
      </file>
      <file name="findNearDuplicates.ts" path="C:\Users\Selet\source\repos\mem0\mem0\openmemory\ui\lib\dedup\findNearDuplicates.ts">
        <metrics statements="10" coveredstatements="10" conditionals="2" coveredconditionals="2" methods="3" coveredmethods="3"/>
        <line num="7" count="2" type="stmt"/>
        <line num="8" count="2" type="stmt"/>
        <line num="22" count="2" type="stmt"/>
        <line num="23" count="4" type="stmt"/>
        <line num="28" count="4" type="stmt"/>
        <line num="29" count="4" type="stmt"/>
        <line num="31" count="4" type="stmt"/>
        <line num="42" count="3" type="stmt"/>
        <line num="48" count="1" type="stmt"/>
        <line num="49" count="1" type="stmt"/>
      </file>
      <file name="index.ts" path="C:\Users\Selet\source\repos\mem0\mem0\openmemory\ui\lib\dedup\index.ts">
        <metrics statements="38" coveredstatements="33" conditionals="25" coveredconditionals="15" methods="5" coveredmethods="5"/>
        <line num="15" count="1" type="stmt"/>
        <line num="16" count="1" type="stmt"/>
        <line num="17" count="1" type="stmt"/>
        <line num="18" count="1" type="stmt"/>
        <line num="29" count="1" type="stmt"/>
        <line num="38" count="4" type="stmt"/>
        <line num="42" count="25" type="stmt"/>
        <line num="49" count="2" type="stmt"/>
        <line num="53" count="4" type="stmt"/>
        <line num="54" count="92" type="cond" truecount="0" falsecount="1"/>
        <line num="56" count="4" type="stmt"/>
        <line num="63" count="1" type="stmt"/>
        <line num="67" count="8" type="stmt"/>
        <line num="68" count="8" type="cond" truecount="1" falsecount="0"/>
        <line num="74" count="7" type="cond" truecount="3" falsecount="1"/>
        <line num="75" count="7" type="stmt"/>
        <line num="76" count="7" type="cond" truecount="1" falsecount="1"/>
        <line num="77" count="7" type="cond" truecount="1" falsecount="2"/>
        <line num="78" count="7" type="cond" truecount="1" falsecount="1"/>
        <line num="85" count="7" type="stmt"/>
        <line num="86" count="7" type="cond" truecount="1" falsecount="0"/>
        <line num="89" count="4" type="stmt"/>
        <line num="90" count="4" type="stmt"/>
        <line num="93" count="4" type="stmt"/>
        <line num="94" count="4" type="cond" truecount="1" falsecount="1"/>
        <line num="95" count="0" type="stmt"/>
        <line num="97" count="4" type="stmt"/>
        <line num="98" count="4" type="stmt"/>
        <line num="99" count="4" type="stmt"/>
        <line num="101" count="0" type="stmt"/>
        <line num="102" count="0" type="stmt"/>
        <line num="106" count="4" type="cond" truecount="1" falsecount="0"/>
        <line num="112" count="2" type="cond" truecount="0" falsecount="1"/>
        <line num="113" count="0" type="stmt"/>
        <line num="114" count="0" type="stmt"/>
        <line num="116" count="2" type="stmt"/>
        <line num="118" count="2" type="cond" truecount="1" falsecount="0"/>
        <line num="119" count="1" type="stmt"/>
      </file>
      <file name="verifyDuplicate.ts" path="C:\Users\Selet\source\repos\mem0\mem0\openmemory\ui\lib\dedup\verifyDuplicate.ts">
        <metrics statements="10" coveredstatements="10" conditionals="22" coveredconditionals="17" methods="1" coveredmethods="1"/>
        <line num="9" count="2" type="stmt"/>
        <line num="13" count="2" type="stmt"/>
        <line num="26" count="2" type="stmt"/>
        <line num="30" count="4" type="stmt"/>
        <line num="31" count="4" type="cond" truecount="6" falsecount="2"/>
        <line num="33" count="4" type="stmt"/>
        <line num="46" count="4" type="cond" truecount="9" falsecount="3"/>
        <line num="50" count="4" type="cond" truecount="1" falsecount="0"/>
        <line num="51" count="3" type="cond" truecount="1" falsecount="0"/>
        <line num="52" count="2" type="stmt"/>
      </file>
    </package>
    <package name="lib.embeddings">
      <metrics statements="21" coveredstatements="19" conditionals="33" coveredconditionals="13" methods="7" coveredmethods="5"/>
      <file name="openai.ts" path="C:\Users\Selet\source\repos\mem0\mem0\openmemory\ui\lib\embeddings\openai.ts">
        <metrics statements="21" coveredstatements="19" conditionals="33" coveredconditionals="13" methods="7" coveredmethods="5"/>
        <line num="27" count="3" type="cond" truecount="3" falsecount="1"/>
        <line num="32" count="3" type="stmt"/>
        <line num="35" count="5" type="cond" truecount="1" falsecount="0"/>
        <line num="36" count="1" type="cond" truecount="1" falsecount="1"/>
        <line num="37" count="0" type="stmt"/>
        <line num="38" count="1" type="cond" truecount="1" falsecount="1"/>
        <line num="39" count="0" type="stmt"/>
        <line num="42" count="1" type="stmt"/>
        <line num="45" count="5" type="stmt"/>
        <line num="50" count="3" type="stmt"/>
        <line num="57" count="3" type="stmt"/>
        <line num="70" count="3" type="stmt"/>
        <line num="71" count="3" type="stmt"/>
        <line num="72" count="3" type="stmt"/>
        <line num="79" count="3" type="stmt"/>
        <line num="80" count="1" type="stmt"/>
        <line num="81" count="1" type="stmt"/>
        <line num="88" count="3" type="stmt"/>
        <line num="96" count="1" type="stmt"/>
        <line num="97" count="1" type="stmt"/>
        <line num="98" count="1" type="stmt"/>
      </file>
    </package>
    <package name="lib.entities">
      <metrics statements="104" coveredstatements="100" conditionals="112" coveredconditionals="85" methods="13" coveredmethods="11"/>
      <file name="extract.ts" path="C:\Users\Selet\source\repos\mem0\mem0\openmemory\ui\lib\entities\extract.ts">
        <metrics statements="12" coveredstatements="12" conditionals="22" coveredconditionals="16" methods="1" coveredmethods="1"/>
        <line num="7" count="2" type="stmt"/>
        <line num="8" count="2" type="stmt"/>
        <line num="16" count="2" type="stmt"/>
        <line num="19" count="4" type="stmt"/>
        <line num="20" count="4" type="cond" truecount="6" falsecount="2"/>
        <line num="22" count="4" type="stmt"/>
        <line num="23" count="4" type="stmt"/>
        <line num="33" count="3" type="cond" truecount="9" falsecount="3"/>
        <line num="34" count="3" type="stmt"/>
        <line num="35" count="2" type="cond" truecount="1" falsecount="1"/>
        <line num="37" count="2" type="stmt"/>
        <line num="38" count="2" type="stmt"/>
      </file>
      <file name="link.ts" path="C:\Users\Selet\source\repos\mem0\mem0\openmemory\ui\lib\entities\link.ts">
        <metrics statements="4" coveredstatements="2" conditionals="2" coveredconditionals="0" methods="2" coveredmethods="0"/>
        <line num="6" count="1" type="stmt"/>
        <line num="11" count="1" type="stmt"/>
        <line num="12" count="0" type="stmt"/>
        <line num="17" count="0" type="stmt"/>
      </file>
      <file name="prompts.ts" path="C:\Users\Selet\source\repos\mem0\mem0\openmemory\ui\lib\entities\prompts.ts">
        <metrics statements="3" coveredstatements="3" conditionals="4" coveredconditionals="2" methods="1" coveredmethods="1"/>
        <line num="10" count="4" type="stmt"/>
        <line num="37" count="4" type="stmt"/>
        <line num="41" count="2" type="stmt"/>
      </file>
      <file name="resolve.ts" path="C:\Users\Selet\source\repos\mem0\mem0\openmemory\ui\lib\entities\resolve.ts">
        <metrics statements="64" coveredstatements="62" conditionals="72" coveredconditionals="59" methods="8" coveredmethods="8"/>
        <line num="22" count="2" type="stmt"/>
        <line num="23" count="2" type="stmt"/>
        <line num="24" count="2" type="stmt"/>
        <line num="25" count="2" type="stmt"/>
        <line num="26" count="2" type="stmt"/>
        <line num="38" count="2" type="stmt"/>
        <line num="39" count="24" type="stmt"/>
        <line num="52" count="2" type="stmt"/>
        <line num="62" count="2" type="stmt"/>
        <line num="65" count="16" type="cond" truecount="4" falsecount="0"/>
        <line num="69" count="16" type="cond" truecount="1" falsecount="0"/>
        <line num="70" count="8" type="stmt"/>
        <line num="77" count="2" type="stmt"/>
        <line num="78" count="2" type="stmt"/>
        <line num="106" count="9" type="stmt"/>
        <line num="107" count="9" type="cond" truecount="2" falsecount="0"/>
        <line num="108" count="9" type="stmt"/>
        <line num="110" count="2" type="stmt"/>
        <line num="128" count="2" type="cond" truecount="0" falsecount="1"/>
        <line num="131" count="2" type="stmt"/>
        <line num="132" count="2" type="stmt"/>
        <line num="133" count="2" type="cond" truecount="2" falsecount="0"/>
        <line num="136" count="7" type="stmt"/>
        <line num="148" count="2" type="stmt"/>
        <line num="150" count="2" type="cond" truecount="6" falsecount="2"/>
        <line num="153" count="2" type="stmt"/>
        <line num="154" count="2" type="stmt"/>
        <line num="158" count="2" type="stmt"/>
        <line num="164" count="2" type="cond" truecount="9" falsecount="3"/>
        <line num="165" count="2" type="stmt"/>
        <line num="166" count="2" type="stmt"/>
        <line num="168" count="0" type="stmt"/>
        <line num="183" count="2" type="stmt"/>
        <line num="187" count="24" type="stmt"/>
        <line num="188" count="24" type="stmt"/>
        <line num="189" count="24" type="cond" truecount="3" falsecount="1"/>
        <line num="190" count="24" type="stmt"/>
        <line num="193" count="24" type="stmt"/>
        <line num="200" count="24" type="stmt"/>
        <line num="217" count="24" type="cond" truecount="3" falsecount="0"/>
        <line num="218" count="5" type="stmt"/>
        <line num="238" count="5" type="cond" truecount="3" falsecount="0"/>
        <line num="239" count="1" type="stmt"/>
        <line num="244" count="1" type="stmt"/>
        <line num="251" count="24" type="cond" truecount="1" falsecount="0"/>
        <line num="252" count="9" type="stmt"/>
        <line num="253" count="9" type="cond" truecount="1" falsecount="0"/>
        <line num="254" count="1" type="stmt"/>
        <line num="260" count="24" type="cond" truecount="2" falsecount="0"/>
        <line num="262" count="16" type="stmt"/>
        <line num="263" count="16" type="stmt"/>
        <line num="265" count="16" type="cond" truecount="3" falsecount="1"/>
        <line num="267" count="16" type="cond" truecount="3" falsecount="0"/>
        <line num="268" count="8" type="stmt"/>
        <line num="285" count="8" type="stmt"/>
        <line num="302" count="8" type="stmt"/>
        <line num="305" count="8" type="stmt"/>
        <line num="314" count="24" type="cond" truecount="3" falsecount="1"/>
        <line num="315" count="24" type="cond" truecount="1" falsecount="0"/>
        <line num="316" count="11" type="stmt"/>
        <line num="317" count="11" type="stmt"/>
        <line num="321" count="24" type="stmt"/>
        <line num="332" count="11" type="stmt"/>
        <line num="333" count="0" type="stmt"/>
      </file>
      <file name="worker.ts" path="C:\Users\Selet\source\repos\mem0\mem0\openmemory\ui\lib\entities\worker.ts">
        <metrics statements="21" coveredstatements="21" conditionals="12" coveredconditionals="8" methods="1" coveredmethods="1"/>
        <line num="16" count="1" type="stmt"/>
        <line num="17" count="1" type="stmt"/>
        <line num="18" count="1" type="stmt"/>
        <line num="19" count="1" type="stmt"/>
        <line num="21" count="1" type="stmt"/>
        <line num="23" count="5" type="stmt"/>
        <line num="27" count="5" type="cond" truecount="1" falsecount="0"/>
        <line num="29" count="4" type="stmt"/>
        <line num="30" count="4" type="cond" truecount="1" falsecount="0"/>
        <line num="33" count="3" type="stmt"/>
        <line num="37" count="3" type="cond" truecount="0" falsecount="1"/>
        <line num="38" count="3" type="stmt"/>
        <line num="41" count="3" type="stmt"/>
        <line num="48" count="3" type="stmt"/>
        <line num="50" count="3" type="stmt"/>
        <line num="53" count="2" type="stmt"/>
        <line num="54" count="2" type="cond" truecount="3" falsecount="2"/>
        <line num="55" count="2" type="stmt"/>
        <line num="56" count="2" type="stmt"/>
        <line num="60" count="2" type="stmt"/>
        <line num="65" count="1" type="stmt"/>
      </file>
    </package>
    <package name="lib.mcp">
      <metrics statements="253" coveredstatements="221" conditionals="156" coveredconditionals="106" methods="44" coveredmethods="40"/>
      <file name="server.ts" path="C:\Users\Selet\source\repos\mem0\mem0\openmemory\ui\lib\mcp\server.ts">
        <metrics statements="253" coveredstatements="221" conditionals="156" coveredconditionals="106" methods="44" coveredmethods="40"/>
        <line num="26" count="1" type="stmt"/>
        <line num="27" count="1" type="stmt"/>
        <line num="28" count="1" type="stmt"/>
        <line num="30" count="1" type="stmt"/>
        <line num="31" count="1" type="stmt"/>
        <line num="32" count="1" type="stmt"/>
        <line num="33" count="1" type="stmt"/>
        <line num="34" count="1" type="stmt"/>
        <line num="35" count="1" type="stmt"/>
        <line num="36" count="1" type="stmt"/>
        <line num="46" count="1" type="stmt"/>
        <line num="57" count="1" type="stmt"/>
        <line num="67" count="1" type="stmt"/>
        <line num="73" count="1" type="stmt"/>
        <line num="79" count="1" type="stmt"/>
        <line num="83" count="1" type="stmt"/>
        <line num="87" count="1" type="stmt"/>
        <line num="93" count="1" type="stmt"/>
        <line num="99" count="1" type="stmt"/>
        <line num="104" count="1" type="stmt"/>
        <line num="108" count="1" type="stmt"/>
        <line num="109" count="11" type="stmt"/>
        <line num="112" count="11" type="stmt"/>
        <line num="123" count="8" type="stmt"/>
        <line num="124" count="8" type="cond" truecount="0" falsecount="1"/>
        <line num="125" count="8" type="cond" truecount="0" falsecount="1"/>
        <line num="128" count="8" type="cond" truecount="2" falsecount="0"/>
        <line num="129" count="8" type="cond" truecount="1" falsecount="0"/>
        <line num="130" count="1" type="stmt"/>
        <line num="133" count="7" type="stmt"/>
        <line num="134" count="7" type="stmt"/>
        <line num="136" count="7" type="stmt"/>
        <line num="144" count="7" type="stmt"/>
        <line num="145" count="13" type="stmt"/>
        <line num="146" count="13" type="stmt"/>
        <line num="148" count="13" type="stmt"/>
        <line num="150" count="12" type="cond" truecount="1" falsecount="0"/>
        <line num="151" count="2" type="stmt"/>
        <line num="152" count="2" type="stmt"/>
        <line num="156" count="10" type="cond" truecount="2" falsecount="0"/>
        <line num="157" count="2" type="stmt"/>
        <line num="158" count="2" type="stmt"/>
        <line num="160" count="8" type="stmt"/>
        <line num="167" count="10" type="cond" truecount="2" falsecount="0"/>
        <line num="170" count="10" type="stmt"/>
        <line num="172" count="10" type="stmt"/>
        <line num="174" count="1" type="cond" truecount="1" falsecount="1"/>
        <line num="175" count="1" type="stmt"/>
        <line num="176" count="1" type="stmt"/>
        <line num="181" count="7" type="stmt"/>
        <line num="183" count="7" type="stmt"/>
        <line num="187" count="0" type="cond" truecount="0" falsecount="2"/>
        <line num="188" count="0" type="stmt"/>
        <line num="189" count="0" type="stmt"/>
        <line num="205" count="11" type="stmt"/>
        <line num="216" count="14" type="stmt"/>
        <line num="217" count="14" type="cond" truecount="0" falsecount="1"/>
        <line num="218" count="14" type="cond" truecount="0" falsecount="1"/>
        <line num="220" count="14" type="cond" truecount="2" falsecount="0"/>
        <line num="222" count="14" type="stmt"/>
        <line num="223" count="14" type="stmt"/>
        <line num="226" count="14" type="cond" truecount="1" falsecount="0"/>
        <line num="227" count="6" type="cond" truecount="4" falsecount="0"/>
        <line num="228" count="6" type="cond" truecount="4" falsecount="0"/>
        <line num="229" count="6" type="stmt"/>
        <line num="231" count="6" type="stmt"/>
        <line num="238" count="6" type="cond" truecount="6" falsecount="2"/>
        <line num="240" count="6" type="stmt"/>
        <line num="257" count="6" type="stmt"/>
        <line num="259" count="6" type="stmt"/>
        <line num="266" count="7" type="stmt"/>
        <line num="279" count="8" type="cond" truecount="3" falsecount="1"/>
        <line num="280" count="8" type="stmt"/>
        <line num="283" count="8" type="stmt"/>
        <line num="290" count="8" type="stmt"/>
        <line num="291" count="8" type="cond" truecount="1" falsecount="0"/>
        <line num="292" count="1" type="stmt"/>
        <line num="293" count="2" type="stmt"/>
        <line num="295" count="8" type="cond" truecount="1" falsecount="0"/>
        <line num="296" count="2" type="stmt"/>
        <line num="299" count="8" type="stmt"/>
        <line num="302" count="8" type="cond" truecount="1" falsecount="0"/>
        <line num="303" count="7" type="stmt"/>
        <line num="304" count="8" type="stmt"/>
        <line num="305" count="7" type="stmt"/>
        <line num="315" count="8" type="stmt"/>
        <line num="321" count="8" type="stmt"/>
        <line num="322" count="8" type="stmt"/>
        <line num="323" count="7" type="cond" truecount="2" falsecount="0"/>
        <line num="324" count="7" type="stmt"/>
        <line num="332" count="8" type="stmt"/>
        <line num="333" count="8" type="stmt"/>
        <line num="348" count="0" type="cond" truecount="0" falsecount="2"/>
        <line num="349" count="0" type="stmt"/>
        <line num="350" count="0" type="stmt"/>
        <line num="356" count="11" type="stmt"/>
        <line num="365" count="3" type="stmt"/>
        <line num="366" count="3" type="cond" truecount="0" falsecount="1"/>
        <line num="368" count="3" type="stmt"/>
        <line num="369" count="3" type="stmt"/>
        <line num="370" count="3" type="stmt"/>
        <line num="373" count="3" type="stmt"/>
        <line num="380" count="3" type="cond" truecount="1" falsecount="0"/>
        <line num="381" count="1" type="stmt"/>
        <line num="385" count="2" type="stmt"/>
        <line num="387" count="2" type="stmt"/>
        <line num="390" count="2" type="stmt"/>
        <line num="392" count="2" type="stmt"/>
        <line num="407" count="0" type="cond" truecount="0" falsecount="2"/>
        <line num="408" count="0" type="stmt"/>
        <line num="409" count="0" type="stmt"/>
        <line num="419" count="11" type="stmt"/>
        <line num="429" count="5" type="stmt"/>
        <line num="430" count="5" type="cond" truecount="0" falsecount="1"/>
        <line num="432" count="5" type="stmt"/>
        <line num="433" count="5" type="cond" truecount="3" falsecount="1"/>
        <line num="434" count="5" type="cond" truecount="2" falsecount="0"/>
        <line num="435" count="5" type="stmt"/>
        <line num="436" count="5" type="cond" truecount="1" falsecount="0"/>
        <line num="439" count="5" type="stmt"/>
        <line num="458" count="5" type="stmt"/>
        <line num="459" count="5" type="stmt"/>
        <line num="460" count="5" type="stmt"/>
        <line num="461" count="2" type="stmt"/>
        <line num="466" count="2" type="cond" truecount="0" falsecount="1"/>
        <line num="467" count="2" type="cond" truecount="1" falsecount="1"/>
        <line num="469" count="2" type="stmt"/>
        <line num="492" count="5" type="stmt"/>
        <line num="493" count="5" type="stmt"/>
        <line num="494" count="5" type="stmt"/>
        <line num="495" count="6" type="cond" truecount="1" falsecount="0"/>
        <line num="496" count="5" type="stmt"/>
        <line num="497" count="5" type="stmt"/>
        <line num="501" count="5" type="stmt"/>
        <line num="502" count="5" type="stmt"/>
        <line num="504" count="5" type="stmt"/>
        <line num="511" count="0" type="cond" truecount="0" falsecount="2"/>
        <line num="512" count="0" type="stmt"/>
        <line num="513" count="0" type="stmt"/>
        <line num="519" count="11" type="stmt"/>
        <line num="529" count="3" type="stmt"/>
        <line num="530" count="3" type="cond" truecount="0" falsecount="1"/>
        <line num="532" count="3" type="stmt"/>
        <line num="534" count="3" type="stmt"/>
        <line num="544" count="3" type="cond" truecount="1" falsecount="0"/>
        <line num="545" count="1" type="stmt"/>
        <line num="549" count="2" type="stmt"/>
        <line num="562" count="2" type="stmt"/>
        <line num="578" count="2" type="stmt"/>
        <line num="597" count="2" type="stmt"/>
        <line num="598" count="2" type="stmt"/>
        <line num="600" count="2" type="stmt"/>
        <line num="611" count="2" type="stmt"/>
        <line num="617" count="1" type="stmt"/>
        <line num="628" count="0" type="cond" truecount="0" falsecount="2"/>
        <line num="629" count="0" type="stmt"/>
        <line num="630" count="0" type="stmt"/>
        <line num="636" count="11" type="stmt"/>
        <line num="642" count="1" type="stmt"/>
        <line num="643" count="1" type="cond" truecount="0" falsecount="1"/>
        <line num="645" count="1" type="stmt"/>
        <line num="647" count="1" type="stmt"/>
        <line num="650" count="1" type="stmt"/>
        <line num="657" count="1" type="stmt"/>
        <line num="660" count="1" type="stmt"/>
        <line num="673" count="1" type="stmt"/>
        <line num="692" count="1" type="stmt"/>
        <line num="702" count="1" type="stmt"/>
        <line num="703" count="1" type="stmt"/>
        <line num="713" count="0" type="stmt"/>
        <line num="719" count="11" type="stmt"/>
        <line num="729" count="3" type="stmt"/>
        <line num="730" count="3" type="cond" truecount="0" falsecount="1"/>
        <line num="732" count="3" type="stmt"/>
        <line num="733" count="3" type="cond" truecount="3" falsecount="1"/>
        <line num="734" count="3" type="cond" truecount="3" falsecount="1"/>
        <line num="735" count="3" type="cond" truecount="4" falsecount="0"/>
        <line num="738" count="3" type="stmt"/>
        <line num="746" count="3" type="cond" truecount="1" falsecount="0"/>
        <line num="747" count="1" type="stmt"/>
        <line num="751" count="2" type="stmt"/>
        <line num="767" count="2" type="stmt"/>
        <line num="768" count="2" type="cond" truecount="1" falsecount="2"/>
        <line num="769" count="0" type="stmt"/>
        <line num="770" count="0" type="stmt"/>
        <line num="785" count="0" type="stmt"/>
        <line num="786" count="0" type="stmt"/>
        <line num="791" count="2" type="stmt"/>
        <line num="792" count="53" type="stmt"/>
        <line num="795" count="2" type="stmt"/>
        <line num="812" count="2" type="stmt"/>
        <line num="822" count="2" type="stmt"/>
        <line num="824" count="2" type="stmt"/>
        <line num="825" count="11" type="stmt"/>
        <line num="830" count="1" type="stmt"/>
        <line num="837" count="2" type="stmt"/>
        <line num="838" count="2" type="cond" truecount="2" falsecount="0"/>
        <line num="840" count="2" type="stmt"/>
        <line num="844" count="53" type="stmt"/>
        <line num="859" count="0" type="cond" truecount="0" falsecount="2"/>
        <line num="860" count="0" type="stmt"/>
        <line num="861" count="0" type="stmt"/>
        <line num="867" count="11" type="stmt"/>
        <line num="876" count="4" type="stmt"/>
        <line num="877" count="4" type="cond" truecount="0" falsecount="1"/>
        <line num="879" count="4" type="stmt"/>
        <line num="880" count="4" type="stmt"/>
        <line num="881" count="4" type="stmt"/>
        <line num="882" count="4" type="stmt"/>
        <line num="883" count="4" type="stmt"/>
        <line num="884" count="4" type="cond" truecount="4" falsecount="0"/>
        <line num="885" count="4" type="stmt"/>
        <line num="889" count="4" type="stmt"/>
        <line num="893" count="4" type="stmt"/>
        <line num="897" count="4" type="stmt"/>
        <line num="898" count="4" type="stmt"/>
        <line num="901" count="4" type="stmt"/>
        <line num="911" count="4" type="cond" truecount="6" falsecount="2"/>
        <line num="912" count="4" type="cond" truecount="6" falsecount="2"/>
        <line num="913" count="4" type="stmt"/>
        <line num="915" count="4" type="stmt"/>
        <line num="931" count="0" type="cond" truecount="0" falsecount="2"/>
        <line num="932" count="0" type="stmt"/>
        <line num="933" count="0" type="stmt"/>
        <line num="939" count="11" type="stmt"/>
        <line num="947" count="2" type="stmt"/>
        <line num="948" count="2" type="cond" truecount="0" falsecount="1"/>
        <line num="950" count="2" type="stmt"/>
        <line num="951" count="2" type="stmt"/>
        <line num="952" count="2" type="stmt"/>
        <line num="953" count="2" type="stmt"/>
        <line num="955" count="2" type="stmt"/>
        <line num="966" count="2" type="cond" truecount="6" falsecount="2"/>
        <line num="967" count="2" type="stmt"/>
        <line num="969" count="2" type="stmt"/>
        <line num="978" count="0" type="cond" truecount="0" falsecount="2"/>
        <line num="979" count="0" type="stmt"/>
        <line num="980" count="0" type="stmt"/>
        <line num="986" count="11" type="stmt"/>
        <line num="997" count="3" type="stmt"/>
        <line num="998" count="3" type="cond" truecount="0" falsecount="1"/>
        <line num="1000" count="3" type="stmt"/>
        <line num="1002" count="3" type="stmt"/>
        <line num="1014" count="3" type="cond" truecount="3" falsecount="0"/>
        <line num="1015" count="1" type="stmt"/>
        <line num="1018" count="2" type="stmt"/>
        <line num="1021" count="2" type="stmt"/>
        <line num="1027" count="2" type="stmt"/>
        <line num="1029" count="2" type="stmt"/>
        <line num="1043" count="0" type="cond" truecount="0" falsecount="2"/>
        <line num="1044" count="0" type="stmt"/>
        <line num="1045" count="0" type="stmt"/>
        <line num="1050" count="11" type="stmt"/>
      </file>
    </package>
    <package name="lib.mem0">
      <metrics statements="16" coveredstatements="16" conditionals="3" coveredconditionals="3" methods="5" coveredmethods="5"/>
      <file name="semaphore.ts" path="C:\Users\Selet\source\repos\mem0\mem0\openmemory\ui\lib\mem0\semaphore.ts">
        <metrics statements="16" coveredstatements="16" conditionals="3" coveredconditionals="3" methods="5" coveredmethods="5"/>
        <line num="8" count="3" type="stmt"/>
        <line num="10" count="12" type="stmt"/>
        <line num="13" count="12" type="stmt"/>
        <line num="18" count="36" type="cond" truecount="1" falsecount="0"/>
        <line num="19" count="33" type="stmt"/>
        <line num="20" count="33" type="stmt"/>
        <line num="22" count="3" type="stmt"/>
        <line num="23" count="3" type="stmt"/>
        <line num="29" count="31" type="cond" truecount="2" falsecount="0"/>
        <line num="30" count="3" type="stmt"/>
        <line num="31" count="3" type="stmt"/>
        <line num="33" count="28" type="stmt"/>
        <line num="39" count="30" type="stmt"/>
        <line num="40" count="30" type="stmt"/>
        <line num="41" count="30" type="stmt"/>
        <line num="43" count="30" type="stmt"/>
      </file>
    </package>
    <package name="lib.memory">
      <metrics statements="174" coveredstatements="166" conditionals="114" coveredconditionals="91" methods="31" coveredmethods="28"/>
      <file name="bulk.ts" path="C:\Users\Selet\source\repos\mem0\mem0\openmemory\ui\lib\memory\bulk.ts">
        <metrics statements="50" coveredstatements="48" conditionals="25" coveredconditionals="22" methods="11" coveredmethods="10"/>
        <line num="14" count="1" type="stmt"/>
        <line num="15" count="1" type="stmt"/>
        <line num="16" count="1" type="stmt"/>
        <line num="17" count="1" type="stmt"/>
        <line num="18" count="1" type="stmt"/>
        <line num="19" count="1" type="stmt"/>
        <line num="54" count="5" type="cond" truecount="3" falsecount="1"/>
        <line num="55" count="5" type="stmt"/>
        <line num="64" count="1" type="stmt"/>
        <line num="73" count="5" type="stmt"/>
        <line num="76" count="15" type="stmt"/>
        <line num="82" count="5" type="stmt"/>
        <line num="83" count="5" type="stmt"/>
        <line num="85" count="5" type="stmt"/>
        <line num="86" count="15" type="stmt"/>
        <line num="87" count="15" type="cond" truecount="2" falsecount="0"/>
        <line num="88" count="1" type="stmt"/>
        <line num="90" count="14" type="stmt"/>
        <line num="91" count="14" type="stmt"/>
        <line num="96" count="5" type="stmt"/>
        <line num="98" count="5" type="cond" truecount="4" falsecount="0"/>
        <line num="99" count="4" type="stmt"/>
        <line num="100" count="4" type="stmt"/>
        <line num="102" count="11" type="stmt"/>
        <line num="103" count="11" type="stmt"/>
        <line num="104" count="11" type="stmt"/>
        <line num="105" count="11" type="cond" truecount="4" falsecount="0"/>
        <line num="106" count="1" type="stmt"/>
        <line num="111" count="10" type="stmt"/>
        <line num="115" count="0" type="stmt"/>
        <line num="121" count="6" type="stmt"/>
        <line num="123" count="1" type="stmt"/>
        <line num="126" count="5" type="cond" truecount="0" falsecount="1"/>
        <line num="129" count="13" type="stmt"/>
        <line num="130" count="5" type="stmt"/>
        <line num="133" count="5" type="stmt"/>
        <line num="145" count="13" type="stmt"/>
        <line num="156" count="5" type="stmt"/>
        <line num="157" count="5" type="stmt"/>
        <line num="163" count="5" type="stmt"/>
        <line num="164" count="13" type="stmt"/>
        <line num="167" count="5" type="stmt"/>
        <line num="188" count="5" type="stmt"/>
        <line num="189" count="5" type="stmt"/>
        <line num="190" count="13" type="stmt"/>
        <line num="196" count="13" type="stmt"/>
        <line num="197" count="13" type="cond" truecount="3" falsecount="1"/>
        <line num="198" count="13" type="stmt"/>
        <line num="199" count="0" type="stmt"/>
        <line num="203" count="5" type="stmt"/>
      </file>
      <file name="categorize.ts" path="C:\Users\Selet\source\repos\mem0\mem0\openmemory\ui\lib\memory\categorize.ts">
        <metrics statements="21" coveredstatements="21" conditionals="26" coveredconditionals="22" methods="2" coveredmethods="2"/>
        <line num="10" count="6" type="stmt"/>
        <line num="11" count="6" type="stmt"/>
        <line num="13" count="6" type="stmt"/>
        <line num="31" count="6" type="stmt"/>
        <line num="41" count="6" type="stmt"/>
        <line num="45" count="14" type="stmt"/>
        <line num="46" count="14" type="stmt"/>
        <line num="48" count="8" type="cond" truecount="6" falsecount="2"/>
        <line num="52" count="8" type="stmt"/>
        <line num="62" count="7" type="cond" truecount="14" falsecount="2"/>
        <line num="63" count="7" type="stmt"/>
        <line num="64" count="7" type="stmt"/>
        <line num="65" count="7" type="stmt"/>
        <line num="68" count="2" type="stmt"/>
        <line num="69" count="2" type="cond" truecount="1" falsecount="0"/>
        <line num="72" count="7" type="cond" truecount="1" falsecount="0"/>
        <line num="74" count="6" type="stmt"/>
        <line num="75" count="7" type="stmt"/>
        <line num="78" count="6" type="stmt"/>
        <line num="79" count="6" type="stmt"/>
        <line num="87" count="7" type="stmt"/>
      </file>
      <file name="context.ts" path="C:\Users\Selet\source\repos\mem0\mem0\openmemory\ui\lib\memory\context.ts">
        <metrics statements="10" coveredstatements="10" conditionals="2" coveredconditionals="1" methods="5" coveredmethods="5"/>
        <line num="7" count="5" type="stmt"/>
        <line num="19" count="5" type="stmt"/>
        <line num="20" count="4" type="stmt"/>
        <line num="23" count="4" type="stmt"/>
        <line num="32" count="4" type="stmt"/>
        <line num="44" count="5" type="stmt"/>
        <line num="45" count="4" type="cond" truecount="1" falsecount="0"/>
        <line num="47" count="2" type="stmt"/>
        <line num="49" count="3" type="stmt"/>
        <line num="52" count="2" type="stmt"/>
      </file>
      <file name="search.ts" path="C:\Users\Selet\source\repos\mem0\mem0\openmemory\ui\lib\memory\search.ts">
        <metrics statements="29" coveredstatements="23" conditionals="33" coveredconditionals="20" methods="3" coveredmethods="1"/>
        <line num="13" count="3" type="stmt"/>
        <line num="14" count="3" type="stmt"/>
        <line num="56" count="3" type="stmt"/>
        <line num="57" count="0" type="stmt"/>
        <line num="62" count="0" type="stmt"/>
        <line num="67" count="0" type="cond" truecount="0" falsecount="2"/>
        <line num="99" count="0" type="stmt"/>
        <line num="104" count="0" type="cond" truecount="0" falsecount="1"/>
        <line num="106" count="0" type="stmt"/>
        <line num="117" count="3" type="stmt"/>
        <line num="128" count="3" type="stmt"/>
        <line num="129" count="3" type="stmt"/>
        <line num="133" count="3" type="cond" truecount="1" falsecount="1"/>
        <line num="136" count="3" type="stmt"/>
        <line num="137" count="3" type="cond" truecount="0" falsecount="1"/>
        <line num="138" count="3" type="cond" truecount="0" falsecount="1"/>
        <line num="142" count="3" type="cond" truecount="2" falsecount="0"/>
        <line num="144" count="1" type="stmt"/>
        <line num="145" count="1" type="stmt"/>
        <line num="146" count="2" type="cond" truecount="2" falsecount="0"/>
        <line num="148" count="1" type="stmt"/>
        <line num="151" count="1" type="stmt"/>
        <line num="156" count="3" type="cond" truecount="1" falsecount="1"/>
        <line num="160" count="3" type="stmt"/>
        <line num="172" count="3" type="stmt"/>
        <line num="178" count="3" type="stmt"/>
        <line num="183" count="3" type="cond" truecount="3" falsecount="1"/>
        <line num="184" count="3" type="cond" truecount="7" falsecount="3"/>
        <line num="186" count="3" type="stmt"/>
      </file>
      <file name="write.ts" path="C:\Users\Selet\source\repos\mem0\mem0\openmemory\ui\lib\memory\write.ts">
        <metrics statements="64" coveredstatements="64" conditionals="28" coveredconditionals="26" methods="10" coveredmethods="10"/>
        <line num="17" count="6" type="stmt"/>
        <line num="18" count="6" type="stmt"/>
        <line num="19" count="6" type="stmt"/>
        <line num="20" count="6" type="stmt"/>
        <line num="21" count="6" type="stmt"/>
        <line num="22" count="6" type="stmt"/>
        <line num="60" count="6" type="stmt"/>
        <line num="64" count="15" type="stmt"/>
        <line num="65" count="15" type="stmt"/>
        <line num="66" count="15" type="stmt"/>
        <line num="70" count="15" type="stmt"/>
        <line num="71" count="15" type="stmt"/>
        <line num="72" count="15" type="cond" truecount="3" falsecount="0"/>
        <line num="73" count="2" type="stmt"/>
        <line num="74" count="2" type="stmt"/>
        <line num="75" count="2" type="cond" truecount="1" falsecount="0"/>
        <line num="76" count="1" type="stmt"/>
        <line num="80" count="15" type="stmt"/>
        <line num="83" count="15" type="stmt"/>
        <line num="90" count="15" type="stmt"/>
        <line num="116" count="15" type="cond" truecount="1" falsecount="0"/>
        <line num="117" count="2" type="stmt"/>
        <line num="129" count="15" type="stmt"/>
        <line num="131" count="15" type="stmt"/>
        <line num="142" count="6" type="stmt"/>
        <line num="147" count="3" type="stmt"/>
        <line num="148" count="3" type="stmt"/>
        <line num="149" count="3" type="stmt"/>
        <line num="151" count="3" type="stmt"/>
        <line num="160" count="3" type="stmt"/>
        <line num="173" count="6" type="stmt"/>
        <line num="179" count="6" type="stmt"/>
        <line num="180" count="6" type="stmt"/>
        <line num="181" count="6" type="stmt"/>
        <line num="184" count="6" type="stmt"/>
        <line num="191" count="6" type="stmt"/>
        <line num="210" count="6" type="stmt"/>
        <line num="218" count="6" type="cond" truecount="1" falsecount="0"/>
        <line num="219" count="3" type="stmt"/>
        <line num="231" count="6" type="stmt"/>
        <line num="233" count="6" type="stmt"/>
        <line num="243" count="6" type="stmt"/>
        <line num="247" count="3" type="stmt"/>
        <line num="248" count="3" type="stmt"/>
        <line num="254" count="3" type="stmt"/>
        <line num="261" count="6" type="stmt"/>
        <line num="265" count="2" type="stmt"/>
        <line num="266" count="2" type="stmt"/>
        <line num="273" count="2" type="stmt"/>
        <line num="276" count="6" type="stmt"/>
        <line num="280" count="1" type="stmt"/>
        <line num="287" count="1" type="stmt"/>
        <line num="297" count="6" type="stmt"/>
        <line num="301" count="3" type="stmt"/>
        <line num="304" count="3" type="cond" truecount="2" falsecount="0"/>
        <line num="305" count="1" type="stmt"/>
        <line num="306" count="1" type="stmt"/>
        <line num="312" count="2" type="stmt"/>
        <line num="318" count="3" type="stmt"/>
        <line num="319" count="3" type="cond" truecount="4" falsecount="0"/>
        <line num="320" count="3" type="cond" truecount="8" falsecount="2"/>
        <line num="327" count="6" type="stmt"/>
        <line num="331" count="3" type="stmt"/>
        <line num="340" count="3" type="cond" truecount="4" falsecount="0"/>
      </file>
    </package>
    <package name="lib.search">
      <metrics statements="99" coveredstatements="91" conditionals="90" coveredconditionals="62" methods="31" coveredmethods="28"/>
      <file name="hybrid.ts" path="C:\Users\Selet\source\repos\mem0\mem0\openmemory\ui\lib\search\hybrid.ts">
        <metrics statements="34" coveredstatements="27" conditionals="39" coveredconditionals="23" methods="10" coveredmethods="7"/>
        <line num="16" count="5" type="stmt"/>
        <line num="17" count="5" type="stmt"/>
        <line num="18" count="5" type="stmt"/>
        <line num="19" count="5" type="stmt"/>
        <line num="45" count="5" type="stmt"/>
        <line num="49" count="5" type="cond" truecount="1" falsecount="2"/>
        <line num="52" count="5" type="stmt"/>
        <line num="57" count="0" type="cond" truecount="0" falsecount="8"/>
        <line num="58" count="0" type="stmt"/>
        <line num="68" count="5" type="cond" truecount="2" falsecount="0"/>
        <line num="69" count="1" type="stmt"/>
        <line num="71" count="1" type="stmt"/>
        <line num="72" count="4" type="cond" truecount="2" falsecount="0"/>
        <line num="73" count="1" type="stmt"/>
        <line num="75" count="1" type="stmt"/>
        <line num="77" count="3" type="stmt"/>
        <line num="80" count="8" type="stmt"/>
        <line num="81" count="5" type="cond" truecount="0" falsecount="1"/>
        <line num="84" count="5" type="stmt"/>
        <line num="94" count="5" type="stmt"/>
        <line num="96" count="5" type="stmt"/>
        <line num="98" count="8" type="stmt"/>
        <line num="99" count="8" type="cond" truecount="1" falsecount="0"/>
        <line num="100" count="4" type="stmt"/>
        <line num="108" count="8" type="stmt"/>
        <line num="110" count="5" type="cond" truecount="3" falsecount="1"/>
        <line num="112" count="5" type="cond" truecount="0" falsecount="1"/>
        <line num="113" count="0" type="stmt"/>
        <line num="114" count="0" type="stmt"/>
        <line num="119" count="0" type="stmt"/>
        <line num="122" count="5" type="cond" truecount="0" falsecount="1"/>
        <line num="123" count="0" type="stmt"/>
        <line num="124" count="0" type="stmt"/>
        <line num="130" count="5" type="stmt"/>
      </file>
      <file name="mmr.ts" path="C:\Users\Selet\source\repos\mem0\mem0\openmemory\ui\lib\search\mmr.ts">
        <metrics statements="26" coveredstatements="25" conditionals="17" coveredconditionals="13" methods="9" coveredmethods="9"/>
        <line num="25" count="1" type="stmt"/>
        <line num="30" count="3" type="cond" truecount="1" falsecount="0"/>
        <line num="31" count="3" type="stmt"/>
        <line num="34" count="1" type="stmt"/>
        <line num="35" count="2" type="stmt"/>
        <line num="38" count="1" type="stmt"/>
        <line num="40" count="1" type="cond" truecount="2" falsecount="0"/>
        <line num="41" count="1" type="stmt"/>
        <line num="42" count="1" type="stmt"/>
        <line num="44" count="1" type="stmt"/>
        <line num="45" count="2" type="stmt"/>
        <line num="46" count="2" type="stmt"/>
        <line num="50" count="2" type="cond" truecount="3" falsecount="1"/>
        <line num="51" count="2" type="stmt"/>
        <line num="53" count="2" type="cond" truecount="1" falsecount="1"/>
        <line num="59" count="0" type="stmt"/>
        <line num="62" count="2" type="stmt"/>
        <line num="63" count="2" type="cond" truecount="1" falsecount="0"/>
        <line num="64" count="2" type="stmt"/>
        <line num="65" count="2" type="stmt"/>
        <line num="69" count="1" type="stmt"/>
        <line num="72" count="1" type="stmt"/>
        <line num="78" count="8" type="cond" truecount="3" falsecount="1"/>
        <line num="79" count="8" type="stmt"/>
        <line num="80" count="8" type="stmt"/>
        <line num="81" count="2" type="cond" truecount="1" falsecount="1"/>
      </file>
      <file name="rerank.ts" path="C:\Users\Selet\source\repos\mem0\mem0\openmemory\ui\lib\search\rerank.ts">
        <metrics statements="18" coveredstatements="18" conditionals="24" coveredconditionals="18" methods="6" coveredmethods="6"/>
        <line num="10" count="1" type="stmt"/>
        <line num="11" count="1" type="stmt"/>
        <line num="27" count="1" type="stmt"/>
        <line num="46" count="1" type="stmt"/>
        <line num="47" count="4" type="stmt"/>
        <line num="52" count="4" type="stmt"/>
        <line num="54" count="4" type="cond" truecount="6" falsecount="2"/>
        <line num="58" count="4" type="stmt"/>
        <line num="60" count="4" type="stmt"/>
        <line num="62" count="16" type="stmt"/>
        <line num="63" count="16" type="stmt"/>
        <line num="64" count="16" type="stmt"/>
        <line num="77" count="15" type="stmt"/>
        <line num="80" count="15" type="cond" truecount="2" falsecount="0"/>
        <line num="81" count="15" type="stmt"/>
        <line num="83" count="1" type="stmt"/>
        <line num="89" count="4" type="stmt"/>
        <line num="90" count="18" type="stmt"/>
      </file>
      <file name="rrf.ts" path="C:\Users\Selet\source\repos\mem0\mem0\openmemory\ui\lib\search\rrf.ts">
        <metrics statements="16" coveredstatements="16" conditionals="9" coveredconditionals="7" methods="3" coveredmethods="3"/>
        <line num="24" count="10" type="stmt"/>
        <line num="33" count="10" type="stmt"/>
        <line num="38" count="8" type="stmt"/>
        <line num="43" count="8" type="stmt"/>
        <line num="44" count="13" type="cond" truecount="3" falsecount="1"/>
        <line num="45" count="13" type="stmt"/>
        <line num="46" count="13" type="stmt"/>
        <line num="47" count="13" type="stmt"/>
        <line num="50" count="8" type="stmt"/>
        <line num="51" count="13" type="cond" truecount="4" falsecount="0"/>
        <line num="52" count="13" type="stmt"/>
        <line num="53" count="13" type="stmt"/>
        <line num="54" count="13" type="stmt"/>
        <line num="57" count="8" type="stmt"/>
        <line num="58" count="23" type="stmt"/>
        <line num="64" count="27" type="stmt"/>
      </file>
      <file name="text.ts" path="C:\Users\Selet\source\repos\mem0\mem0\openmemory\ui\lib\search\text.ts">
        <metrics statements="5" coveredstatements="5" conditionals="1" coveredconditionals="1" methods="3" coveredmethods="3"/>
        <line num="15" count="5" type="stmt"/>
        <line num="30" count="5" type="stmt"/>
        <line num="31" count="5" type="stmt"/>
        <line num="35" count="5" type="stmt"/>
        <line num="43" count="5" type="stmt"/>
      </file>
    </package>
  </project>
</coverage>
