{"C:\\Users\\Selet\\source\\repos\\mem0\\mem0\\openmemory\\ui\\app\\api\\v1\\memories\\[memoryId]\\route.ts": {"path":"C:\\Users\\Selet\\source\\repos\\mem0\\mem0\\openmemory\\ui\\app\\api\\v1\\memories\\[memoryId]\\route.ts","statementMap":{"0":{"start":{"line":13,"column":0},"end":{"line":13,"column":22}},"1":{"start":{"line":56,"column":0},"end":{"line":56,"column":22}},"2":{"start":{"line":7,"column":0},"end":{"line":7,"column":56}},"3":{"start":{"line":8,"column":0},"end":{"line":8,"column":44}},"4":{"start":{"line":9,"column":0},"end":{"line":9,"column":53}},"5":{"start":{"line":13,"column":26},"end":{"line":54,"column":null}},"6":{"start":{"line":14,"column":23},"end":{"line":14,"column":35}},"7":{"start":{"line":17,"column":4},"end":{"line":19,"column":8}},"8":{"start":{"line":20,"column":2},"end":{"line":22,"column":3}},"9":{"start":{"line":21,"column":4},"end":{"line":21,"column":81}},"10":{"start":{"line":24,"column":15},"end":{"line":34,"column":null}},"11":{"start":{"line":36,"column":2},"end":{"line":38,"column":3}},"12":{"start":{"line":37,"column":4},"end":{"line":37,"column":78}},"13":{"start":{"line":39,"column":12},"end":{"line":39,"column":26}},"14":{"start":{"line":40,"column":2},"end":{"line":53,"column":5}},"15":{"start":{"line":56,"column":26},"end":{"line":100,"column":null}},"16":{"start":{"line":57,"column":23},"end":{"line":57,"column":35}},"17":{"start":{"line":58,"column":15},"end":{"line":58,"column":35}},"18":{"start":{"line":59,"column":15},"end":{"line":59,"column":47}},"19":{"start":{"line":60,"column":18},"end":{"line":60,"column":30}},"20":{"start":{"line":61,"column":19},"end":{"line":61,"column":60}},"21":{"start":{"line":62,"column":2},"end":{"line":64,"column":3}},"22":{"start":{"line":63,"column":4},"end":{"line":63,"column":91}},"23":{"start":{"line":66,"column":21},"end":{"line":68,"column":null}},"24":{"start":{"line":70,"column":2},"end":{"line":72,"column":3}},"25":{"start":{"line":71,"column":4},"end":{"line":71,"column":78}},"26":{"start":{"line":74,"column":16},"end":{"line":74,"column":72}},"27":{"start":{"line":76,"column":15},"end":{"line":84,"column":null}},"28":{"start":{"line":86,"column":12},"end":{"line":86,"column":60}},"29":{"start":{"line":87,"column":2},"end":{"line":99,"column":5}}},"fnMap":{"0":{"name":"GET","decl":{"start":{"line":13,"column":22},"end":{"line":13,"column":25}},"loc":{"start":{"line":13,"column":25},"end":{"line":54,"column":null}}},"1":{"name":"(anonymous_8)","decl":{"start":{"line":13,"column":26},"end":{"line":13,"column":46}},"loc":{"start":{"line":13,"column":71},"end":{"line":54,"column":1}}},"2":{"name":"PUT","decl":{"start":{"line":56,"column":22},"end":{"line":56,"column":25}},"loc":{"start":{"line":56,"column":25},"end":{"line":100,"column":null}}},"3":{"name":"(anonymous_10)","decl":{"start":{"line":56,"column":26},"end":{"line":56,"column":46}},"loc":{"start":{"line":56,"column":71},"end":{"line":100,"column":1}}}},"branchMap":{"0":{"loc":{"start":{"line":17,"column":4},"end":{"line":19,"column":8}},"type":"cond-expr","locations":[{"start":{"line":18,"column":36},"end":{"line":18,"column":null}},{"start":{"line":19,"column":4},"end":{"line":19,"column":8}}]},"1":{"loc":{"start":{"line":17,"column":4},"end":{"line":18,"column":null}},"type":"binary-expr","locations":[{"start":{"line":17,"column":4},"end":{"line":18,"column":null}},{"start":{"line":18,"column":36},"end":{"line":18,"column":null}}]},"2":{"loc":{"start":{"line":17,"column":4},"end":{"line":18,"column":36}},"type":"cond-expr","locations":[{"start":{"line":17,"column":47},"end":{"line":17,"column":null}},{"start":{"line":18,"column":4},"end":{"line":18,"column":36}}]},"3":{"loc":{"start":{"line":17,"column":4},"end":{"line":17,"column":null}},"type":"binary-expr","locations":[{"start":{"line":17,"column":4},"end":{"line":17,"column":null}},{"start":{"line":17,"column":47},"end":{"line":17,"column":null}}]},"4":{"loc":{"start":{"line":20,"column":2},"end":{"line":22,"column":3}},"type":"if","locations":[{"start":{"line":20,"column":2},"end":{"line":22,"column":3}}]},"5":{"loc":{"start":{"line":20,"column":6},"end":{"line":20,"column":37}},"type":"binary-expr","locations":[{"start":{"line":20,"column":6},"end":{"line":20,"column":13}},{"start":{"line":20,"column":17},"end":{"line":20,"column":37}}]},"6":{"loc":{"start":{"line":36,"column":2},"end":{"line":38,"column":3}},"type":"if","locations":[{"start":{"line":36,"column":2},"end":{"line":38,"column":3}}]},"7":{"loc":{"start":{"line":43,"column":16},"end":{"line":43,"column":84}},"type":"cond-expr","locations":[{"start":{"line":43,"column":30},"end":{"line":43,"column":80}},{"start":{"line":43,"column":83},"end":{"line":43,"column":84}}]},"8":{"loc":{"start":{"line":44,"column":11},"end":{"line":44,"column":30}},"type":"binary-expr","locations":[{"start":{"line":44,"column":11},"end":{"line":44,"column":18}},{"start":{"line":44,"column":22},"end":{"line":44,"column":30}}]},"9":{"loc":{"start":{"line":46,"column":14},"end":{"line":46,"column":31}},"type":"binary-expr","locations":[{"start":{"line":46,"column":14},"end":{"line":46,"column":23}},{"start":{"line":46,"column":27},"end":{"line":46,"column":31}}]},"10":{"loc":{"start":{"line":47,"column":16},"end":{"line":47,"column":34}},"type":"binary-expr","locations":[{"start":{"line":47,"column":16},"end":{"line":47,"column":28}},{"start":{"line":47,"column":32},"end":{"line":47,"column":34}}]},"11":{"loc":{"start":{"line":48,"column":15},"end":{"line":48,"column":57}},"type":"cond-expr","locations":[{"start":{"line":48,"column":28},"end":{"line":48,"column":50}},{"start":{"line":48,"column":53},"end":{"line":48,"column":57}}]},"12":{"loc":{"start":{"line":49,"column":14},"end":{"line":49,"column":31}},"type":"binary-expr","locations":[{"start":{"line":49,"column":14},"end":{"line":49,"column":23}},{"start":{"line":49,"column":27},"end":{"line":49,"column":31}}]},"13":{"loc":{"start":{"line":50,"column":16},"end":{"line":50,"column":35}},"type":"binary-expr","locations":[{"start":{"line":50,"column":16},"end":{"line":50,"column":27}},{"start":{"line":50,"column":31},"end":{"line":50,"column":35}}]},"14":{"loc":{"start":{"line":52,"column":19},"end":{"line":52,"column":41}},"type":"binary-expr","locations":[{"start":{"line":52,"column":19},"end":{"line":52,"column":33}},{"start":{"line":52,"column":37},"end":{"line":52,"column":41}}]},"15":{"loc":{"start":{"line":59,"column":15},"end":{"line":59,"column":47}},"type":"binary-expr","locations":[{"start":{"line":59,"column":15},"end":{"line":59,"column":34}},{"start":{"line":59,"column":38},"end":{"line":59,"column":47}}]},"16":{"loc":{"start":{"line":61,"column":19},"end":{"line":61,"column":60}},"type":"binary-expr","locations":[{"start":{"line":61,"column":19},"end":{"line":61,"column":32}},{"start":{"line":61,"column":36},"end":{"line":61,"column":44}},{"start":{"line":61,"column":48},"end":{"line":61,"column":60}}]},"17":{"loc":{"start":{"line":62,"column":2},"end":{"line":64,"column":3}},"type":"if","locations":[{"start":{"line":62,"column":2},"end":{"line":64,"column":3}}]},"18":{"loc":{"start":{"line":62,"column":6},"end":{"line":62,"column":23}},"type":"binary-expr","locations":[{"start":{"line":62,"column":6},"end":{"line":62,"column":11}},{"start":{"line":62,"column":15},"end":{"line":62,"column":23}}]},"19":{"loc":{"start":{"line":70,"column":2},"end":{"line":72,"column":3}},"type":"if","locations":[{"start":{"line":70,"column":2},"end":{"line":72,"column":3}}]},"20":{"loc":{"start":{"line":86,"column":12},"end":{"line":86,"column":60}},"type":"cond-expr","locations":[{"start":{"line":86,"column":28},"end":{"line":86,"column":32}},{"start":{"line":86,"column":32},"end":{"line":86,"column":60}}]},"21":{"loc":{"start":{"line":86,"column":12},"end":{"line":86,"column":32}},"type":"binary-expr","locations":[{"start":{"line":86,"column":12},"end":{"line":86,"column":32}},{"start":{"line":86,"column":28},"end":{"line":86,"column":32}}]},"22":{"loc":{"start":{"line":88,"column":8},"end":{"line":88,"column":21}},"type":"cond-expr","locations":[{"start":{"line":88,"column":12},"end":{"line":88,"column":16}},{"start":{"line":88,"column":16},"end":{"line":88,"column":21}}]},"23":{"loc":{"start":{"line":88,"column":8},"end":{"line":88,"column":16}},"type":"binary-expr","locations":[{"start":{"line":88,"column":8},"end":{"line":88,"column":16}},{"start":{"line":88,"column":12},"end":{"line":88,"column":16}}]},"24":{"loc":{"start":{"line":89,"column":13},"end":{"line":89,"column":30}},"type":"cond-expr","locations":[{"start":{"line":89,"column":22},"end":{"line":89,"column":26}},{"start":{"line":89,"column":26},"end":{"line":89,"column":30}}]},"25":{"loc":{"start":{"line":89,"column":13},"end":{"line":89,"column":26}},"type":"binary-expr","locations":[{"start":{"line":89,"column":13},"end":{"line":89,"column":26}},{"start":{"line":89,"column":22},"end":{"line":89,"column":26}}]},"26":{"loc":{"start":{"line":90,"column":16},"end":{"line":90,"column":84}},"type":"cond-expr","locations":[{"start":{"line":90,"column":30},"end":{"line":90,"column":80}},{"start":{"line":90,"column":83},"end":{"line":90,"column":84}}]},"27":{"loc":{"start":{"line":91,"column":11},"end":{"line":91,"column":30}},"type":"binary-expr","locations":[{"start":{"line":91,"column":11},"end":{"line":91,"column":18}},{"start":{"line":91,"column":22},"end":{"line":91,"column":30}}]},"28":{"loc":{"start":{"line":93,"column":14},"end":{"line":93,"column":31}},"type":"binary-expr","locations":[{"start":{"line":93,"column":14},"end":{"line":93,"column":23}},{"start":{"line":93,"column":27},"end":{"line":93,"column":31}}]},"29":{"loc":{"start":{"line":94,"column":16},"end":{"line":94,"column":34}},"type":"binary-expr","locations":[{"start":{"line":94,"column":16},"end":{"line":94,"column":28}},{"start":{"line":94,"column":32},"end":{"line":94,"column":34}}]},"30":{"loc":{"start":{"line":95,"column":15},"end":{"line":95,"column":57}},"type":"cond-expr","locations":[{"start":{"line":95,"column":28},"end":{"line":95,"column":50}},{"start":{"line":95,"column":53},"end":{"line":95,"column":57}}]},"31":{"loc":{"start":{"line":96,"column":14},"end":{"line":96,"column":31}},"type":"binary-expr","locations":[{"start":{"line":96,"column":14},"end":{"line":96,"column":23}},{"start":{"line":96,"column":27},"end":{"line":96,"column":31}}]}},"s":{"0":1,"1":1,"2":1,"3":1,"4":1,"5":5,"6":5,"7":5,"8":5,"9":2,"10":3,"11":3,"12":1,"13":2,"14":2,"15":5,"16":5,"17":5,"18":5,"19":5,"20":5,"21":5,"22":2,"23":3,"24":3,"25":1,"26":2,"27":2,"28":2,"29":2},"f":{"0":5,"1":5,"2":5,"3":5},"b":{"0":[4,1],"1":[5,4],"2":[3,2],"3":[5,3],"4":[2],"5":[5,4],"6":[1],"7":[2,0],"8":[2,0],"9":[2,1],"10":[2,0],"11":[2,0],"12":[2,1],"13":[2,2],"14":[2,2],"15":[5,5],"16":[5,4,4],"17":[2],"18":[5,4],"19":[1],"20":[2,0],"21":[2,2],"22":[2,0],"23":[2,2],"24":[2,0],"25":[2,2],"26":[2,0],"27":[2,0],"28":[2,1],"29":[2,1],"30":[1,1],"31":[2,1]}}
,"C:\\Users\\Selet\\source\\repos\\mem0\\mem0\\openmemory\\ui\\lib\\ai\\client.ts": {"path":"C:\\Users\\Selet\\source\\repos\\mem0\\mem0\\openmemory\\ui\\lib\\ai\\client.ts","statementMap":{"0":{"start":{"line":13,"column":0},"end":{"line":13,"column":16}},"1":{"start":{"line":33,"column":0},"end":{"line":33,"column":16}},"2":{"start":{"line":9,"column":0},"end":{"line":9,"column":45}},"3":{"start":{"line":11,"column":32},"end":{"line":11,"column":36}},"4":{"start":{"line":14,"column":2},"end":{"line":28,"column":3}},"5":{"start":{"line":15,"column":21},"end":{"line":15,"column":57}},"6":{"start":{"line":16,"column":26},"end":{"line":16,"column":56}},"7":{"start":{"line":17,"column":4},"end":{"line":21,"column":5}},"8":{"start":{"line":18,"column":6},"end":{"line":20,"column":8}},"9":{"start":{"line":22,"column":4},"end":{"line":27,"column":28}},"10":{"start":{"line":29,"column":2},"end":{"line":29,"column":20}},"11":{"start":{"line":34,"column":2},"end":{"line":34,"column":20}}},"fnMap":{"0":{"name":"getLLMClient","decl":{"start":{"line":13,"column":16},"end":{"line":13,"column":28}},"loc":{"start":{"line":13,"column":28},"end":{"line":30,"column":1}}},"1":{"name":"resetLLMClient","decl":{"start":{"line":33,"column":16},"end":{"line":33,"column":30}},"loc":{"start":{"line":33,"column":30},"end":{"line":35,"column":1}}}},"branchMap":{"0":{"loc":{"start":{"line":14,"column":2},"end":{"line":28,"column":3}},"type":"if","locations":[{"start":{"line":14,"column":2},"end":{"line":28,"column":3}}]},"1":{"loc":{"start":{"line":17,"column":4},"end":{"line":21,"column":5}},"type":"if","locations":[{"start":{"line":17,"column":4},"end":{"line":21,"column":5}}]},"2":{"loc":{"start":{"line":17,"column":8},"end":{"line":17,"column":35}},"type":"binary-expr","locations":[{"start":{"line":17,"column":8},"end":{"line":17,"column":17}},{"start":{"line":17,"column":21},"end":{"line":17,"column":35}}]},"3":{"loc":{"start":{"line":25,"column":18},"end":{"line":25,"column":67}},"type":"cond-expr","locations":[{"start":{"line":25,"column":50},"end":{"line":25,"column":54}},{"start":{"line":25,"column":54},"end":{"line":25,"column":67}}]},"4":{"loc":{"start":{"line":25,"column":18},"end":{"line":25,"column":54}},"type":"binary-expr","locations":[{"start":{"line":25,"column":18},"end":{"line":25,"column":54}},{"start":{"line":25,"column":50},"end":{"line":25,"column":54}}]},"5":{"loc":{"start":{"line":26,"column":18},"end":{"line":26,"column":75}},"type":"cond-expr","locations":[{"start":{"line":26,"column":51},"end":{"line":26,"column":55}},{"start":{"line":26,"column":55},"end":{"line":26,"column":75}}]},"6":{"loc":{"start":{"line":26,"column":18},"end":{"line":26,"column":55}},"type":"binary-expr","locations":[{"start":{"line":26,"column":18},"end":{"line":26,"column":55}},{"start":{"line":26,"column":51},"end":{"line":26,"column":55}}]}},"s":{"0":9,"1":9,"2":9,"3":9,"4":8,"5":8,"6":8,"7":8,"8":8,"9":0,"10":0,"11":2},"f":{"0":8,"1":2},"b":{"0":[8],"1":[8],"2":[8,0],"3":[0,0],"4":[0,0],"5":[0,0],"6":[0,0]}}
,"C:\\Users\\Selet\\source\\repos\\mem0\\mem0\\openmemory\\ui\\lib\\clusters\\build.ts": {"path":"C:\\Users\\Selet\\source\\repos\\mem0\\mem0\\openmemory\\ui\\lib\\clusters\\build.ts","statementMap":{"0":{"start":{"line":26,"column":0},"end":{"line":26,"column":22}},"1":{"start":{"line":16,"column":0},"end":{"line":16,"column":54}},"2":{"start":{"line":17,"column":0},"end":{"line":17,"column":47}},"3":{"start":{"line":18,"column":0},"end":{"line":18,"column":36}},"4":{"start":{"line":28,"column":22},"end":{"line":32,"column":null}},"5":{"start":{"line":34,"column":16},"end":{"line":34,"column":77}},"6":{"start":{"line":35,"column":2},"end":{"line":35,"column":24}},"7":{"start":{"line":35,"column":17},"end":{"line":35,"column":24}},"8":{"start":{"line":38,"column":28},"end":{"line":45,"column":null}},"9":{"start":{"line":49,"column":2},"end":{"line":49,"column":44}},"10":{"start":{"line":49,"column":37},"end":{"line":49,"column":44}},"11":{"start":{"line":52,"column":17},"end":{"line":52,"column":53}},"12":{"start":{"line":53,"column":2},"end":{"line":57,"column":3}},"13":{"start":{"line":54,"column":16},"end":{"line":54,"column":31}},"14":{"start":{"line":55,"column":4},"end":{"line":55,"column":46}},"15":{"start":{"line":55,"column":26},"end":{"line":55,"column":46}},"16":{"start":{"line":56,"column":4},"end":{"line":56,"column":31}},"17":{"start":{"line":60,"column":2},"end":{"line":64,"column":4}},"18":{"start":{"line":66,"column":14},"end":{"line":66,"column":38}},"19":{"start":{"line":69,"column":2},"end":{"line":97,"column":4}},"20":{"start":{"line":70,"column":59},"end":{"line":96,"column":6}},"21":{"start":{"line":71,"column":6},"end":{"line":71,"column":37}},"22":{"start":{"line":71,"column":30},"end":{"line":71,"column":37}},"23":{"start":{"line":73,"column":32},"end":{"line":74,"column":null}},"24":{"start":{"line":74,"column":27},"end":{"line":74,"column":36}},"25":{"start":{"line":76,"column":18},"end":{"line":76,"column":26}},"26":{"start":{"line":77,"column":21},"end":{"line":77,"column":45}},"27":{"start":{"line":77,"column":40},"end":{"line":77,"column":44}},"28":{"start":{"line":79,"column":6},"end":{"line":95,"column":8}}},"fnMap":{"0":{"name":"rebuildClusters","decl":{"start":{"line":26,"column":22},"end":{"line":26,"column":37}},"loc":{"start":{"line":26,"column":52},"end":{"line":98,"column":null}}},"1":{"name":"(anonymous_9)","decl":{"start":{"line":70,"column":37},"end":{"line":70,"column":44}},"loc":{"start":{"line":70,"column":59},"end":{"line":96,"column":6}}},"2":{"name":"(anonymous_10)","decl":{"start":{"line":70,"column":59},"end":{"line":70,"column":null}},"loc":{"start":{"line":70,"column":55},"end":{"line":96,"column":5}}},"3":{"name":"(anonymous_11)","decl":{"start":{"line":74,"column":20},"end":{"line":74,"column":21}},"loc":{"start":{"line":74,"column":27},"end":{"line":74,"column":36}}},"4":{"name":"(anonymous_12)","decl":{"start":{"line":77,"column":33},"end":{"line":77,"column":34}},"loc":{"start":{"line":77,"column":40},"end":{"line":77,"column":44}}}},"branchMap":{"0":{"loc":{"start":{"line":34,"column":16},"end":{"line":34,"column":77}},"type":"cond-expr","locations":[{"start":{"line":34,"column":72},"end":{"line":34,"column":76}},{"start":{"line":34,"column":76},"end":{"line":34,"column":77}}]},"1":{"loc":{"start":{"line":34,"column":16},"end":{"line":34,"column":76}},"type":"binary-expr","locations":[{"start":{"line":34,"column":16},"end":{"line":34,"column":76}},{"start":{"line":34,"column":72},"end":{"line":34,"column":76}}]},"2":{"loc":{"start":{"line":34,"column":17},"end":{"line":34,"column":72}},"type":"cond-expr","locations":[{"start":{"line":34,"column":54},"end":{"line":34,"column":56}},{"start":{"line":34,"column":54},"end":{"line":34,"column":72}}]},"3":{"loc":{"start":{"line":34,"column":17},"end":{"line":34,"column":56}},"type":"binary-expr","locations":[{"start":{"line":34,"column":17},"end":{"line":34,"column":56}},{"start":{"line":34,"column":54},"end":{"line":34,"column":56}}]},"4":{"loc":{"start":{"line":35,"column":2},"end":{"line":35,"column":24}},"type":"if","locations":[{"start":{"line":35,"column":2},"end":{"line":35,"column":24}}]},"5":{"loc":{"start":{"line":49,"column":2},"end":{"line":49,"column":44}},"type":"if","locations":[{"start":{"line":49,"column":2},"end":{"line":49,"column":44}}]},"6":{"loc":{"start":{"line":55,"column":4},"end":{"line":55,"column":46}},"type":"if","locations":[{"start":{"line":55,"column":4},"end":{"line":55,"column":46}}]},"7":{"loc":{"start":{"line":71,"column":6},"end":{"line":71,"column":37}},"type":"if","locations":[{"start":{"line":71,"column":6},"end":{"line":71,"column":37}}]}},"s":{"0":1,"1":1,"2":1,"3":1,"4":4,"5":4,"6":4,"7":1,"8":3,"9":3,"10":1,"11":2,"12":2,"13":11,"14":11,"15":4,"16":11,"17":2,"18":2,"19":2,"20":4,"21":4,"22":1,"23":3,"24":10,"25":3,"26":3,"27":10,"28":3},"f":{"0":4,"1":4,"2":4,"3":10,"4":10},"b":{"0":[4,0],"1":[4,4],"2":[0,4],"3":[4,4],"4":[1],"5":[1],"6":[4],"7":[1]}}
,"C:\\Users\\Selet\\source\\repos\\mem0\\mem0\\openmemory\\ui\\lib\\clusters\\summarize.ts": {"path":"C:\\Users\\Selet\\source\\repos\\mem0\\mem0\\openmemory\\ui\\lib\\clusters\\summarize.ts","statementMap":{"0":{"start":{"line":11,"column":0},"end":{"line":11,"column":16}},"1":{"start":{"line":15,"column":0},"end":{"line":15,"column":22}},"2":{"start":{"line":8,"column":0},"end":{"line":8,"column":63}},"3":{"start":{"line":12,"column":2},"end":{"line":12,"column":19}},"4":{"start":{"line":19,"column":4},"end":{"line":19,"column":100}},"5":{"start":{"line":22,"column":17},"end":{"line":25,"column":15}},"6":{"start":{"line":24,"column":19},"end":{"line":24,"column":35}},"7":{"start":{"line":27,"column":2},"end":{"line":62,"column":3}},"8":{"start":{"line":28,"column":17},"end":{"line":43,"column":6}},"9":{"start":{"line":45,"column":20},"end":{"line":45,"column":61}},"10":{"start":{"line":47,"column":4},"end":{"line":51,"column":5}},"11":{"start":{"line":48,"column":6},"end":{"line":48,"column":35}},"12":{"start":{"line":50,"column":6},"end":{"line":50,"column":18}},"13":{"start":{"line":53,"column":4},"end":{"line":56,"column":6}},"14":{"start":{"line":58,"column":4},"end":{"line":61,"column":6}}},"fnMap":{"0":{"name":"_resetOpenAIClient","decl":{"start":{"line":11,"column":16},"end":{"line":11,"column":34}},"loc":{"start":{"line":11,"column":34},"end":{"line":13,"column":1}}},"1":{"name":"summarizeCluster","decl":{"start":{"line":15,"column":22},"end":{"line":15,"column":38}},"loc":{"start":{"line":16,"column":20},"end":{"line":63,"column":null}}},"2":{"name":"(anonymous_10)","decl":{"start":{"line":24,"column":9},"end":{"line":24,"column":10}},"loc":{"start":{"line":24,"column":19},"end":{"line":24,"column":35}}}},"branchMap":{"0":{"loc":{"start":{"line":19,"column":4},"end":{"line":19,"column":100}},"type":"cond-expr","locations":[{"start":{"line":19,"column":83},"end":{"line":19,"column":87}},{"start":{"line":19,"column":87},"end":{"line":19,"column":100}}]},"1":{"loc":{"start":{"line":19,"column":4},"end":{"line":19,"column":87}},"type":"binary-expr","locations":[{"start":{"line":19,"column":4},"end":{"line":19,"column":87}},{"start":{"line":19,"column":83},"end":{"line":19,"column":87}}]},"2":{"loc":{"start":{"line":19,"column":4},"end":{"line":19,"column":83}},"type":"cond-expr","locations":[{"start":{"line":19,"column":36},"end":{"line":19,"column":40}},{"start":{"line":19,"column":40},"end":{"line":19,"column":83}}]},"3":{"loc":{"start":{"line":19,"column":4},"end":{"line":19,"column":40}},"type":"binary-expr","locations":[{"start":{"line":19,"column":4},"end":{"line":19,"column":40}},{"start":{"line":19,"column":36},"end":{"line":19,"column":40}}]},"4":{"loc":{"start":{"line":45,"column":20},"end":{"line":45,"column":61}},"type":"cond-expr","locations":[{"start":{"line":45,"column":53},"end":{"line":45,"column":57}},{"start":{"line":45,"column":57},"end":{"line":45,"column":61}}]},"5":{"loc":{"start":{"line":45,"column":20},"end":{"line":45,"column":57}},"type":"binary-expr","locations":[{"start":{"line":45,"column":20},"end":{"line":45,"column":57}},{"start":{"line":45,"column":53},"end":{"line":45,"column":57}}]},"6":{"loc":{"start":{"line":45,"column":20},"end":{"line":45,"column":53}},"type":"cond-expr","locations":[{"start":{"line":45,"column":44},"end":{"line":45,"column":46}},{"start":{"line":45,"column":44},"end":{"line":45,"column":53}}]},"7":{"loc":{"start":{"line":45,"column":20},"end":{"line":45,"column":46}},"type":"binary-expr","locations":[{"start":{"line":45,"column":20},"end":{"line":45,"column":46}},{"start":{"line":45,"column":44},"end":{"line":45,"column":46}}]},"8":{"loc":{"start":{"line":45,"column":20},"end":{"line":45,"column":44}},"type":"cond-expr","locations":[{"start":{"line":45,"column":35},"end":{"line":45,"column":37}},{"start":{"line":45,"column":35},"end":{"line":45,"column":44}}]},"9":{"loc":{"start":{"line":45,"column":20},"end":{"line":45,"column":37}},"type":"binary-expr","locations":[{"start":{"line":45,"column":20},"end":{"line":45,"column":37}},{"start":{"line":45,"column":35},"end":{"line":45,"column":37}}]},"10":{"loc":{"start":{"line":54,"column":12},"end":{"line":54,"column":45}},"type":"cond-expr","locations":[{"start":{"line":54,"column":23},"end":{"line":54,"column":27}},{"start":{"line":54,"column":27},"end":{"line":54,"column":45}}]},"11":{"loc":{"start":{"line":54,"column":12},"end":{"line":54,"column":27}},"type":"binary-expr","locations":[{"start":{"line":54,"column":12},"end":{"line":54,"column":27}},{"start":{"line":54,"column":23},"end":{"line":54,"column":27}}]},"12":{"loc":{"start":{"line":55,"column":15},"end":{"line":55,"column":68}},"type":"cond-expr","locations":[{"start":{"line":55,"column":29},"end":{"line":55,"column":33}},{"start":{"line":55,"column":33},"end":{"line":55,"column":68}}]},"13":{"loc":{"start":{"line":55,"column":15},"end":{"line":55,"column":33}},"type":"binary-expr","locations":[{"start":{"line":55,"column":15},"end":{"line":55,"column":33}},{"start":{"line":55,"column":29},"end":{"line":55,"column":33}}]}},"s":{"0":1,"1":1,"2":1,"3":2,"4":2,"5":2,"6":4,"7":2,"8":2,"9":0,"10":0,"11":0,"12":0,"13":0,"14":2},"f":{"0":2,"1":2,"2":4},"b":{"0":[0,2],"1":[2,2],"2":[0,2],"3":[2,2],"4":[0,0],"5":[0,0],"6":[0,0],"7":[0,0],"8":[0,0],"9":[0,0],"10":[0,0],"11":[0,0],"12":[0,0],"13":[0,0]}}
,"C:\\Users\\Selet\\source\\repos\\mem0\\mem0\\openmemory\\ui\\lib\\config\\helpers.ts": {"path":"C:\\Users\\Selet\\source\\repos\\mem0\\mem0\\openmemory\\ui\\lib\\config\\helpers.ts","statementMap":{"0":{"start":{"line":9,"column":0},"end":{"line":9,"column":16}},"1":{"start":{"line":22,"column":0},"end":{"line":22,"column":22}},"2":{"start":{"line":47,"column":0},"end":{"line":47,"column":22}},"3":{"start":{"line":57,"column":0},"end":{"line":57,"column":16}},"4":{"start":{"line":92,"column":0},"end":{"line":92,"column":22}},"5":{"start":{"line":119,"column":0},"end":{"line":119,"column":22}},"6":{"start":{"line":7,"column":0},"end":{"line":7,"column":54}},"7":{"start":{"line":10,"column":2},"end":{"line":16,"column":4}},"8":{"start":{"line":23,"column":2},"end":{"line":43,"column":3}},"9":{"start":{"line":24,"column":17},"end":{"line":26,"column":null}},"10":{"start":{"line":28,"column":40},"end":{"line":28,"column":42}},"11":{"start":{"line":29,"column":4},"end":{"line":35,"column":5}},"12":{"start":{"line":30,"column":6},"end":{"line":34,"column":7}},"13":{"start":{"line":31,"column":8},"end":{"line":31,"column":44}},"14":{"start":{"line":33,"column":8},"end":{"line":33,"column":32}},"15":{"start":{"line":36,"column":21},"end":{"line":36,"column":46}},"16":{"start":{"line":37,"column":4},"end":{"line":40,"column":6}},"17":{"start":{"line":42,"column":4},"end":{"line":42,"column":37}},"18":{"start":{"line":48,"column":2},"end":{"line":53,"column":3}},"19":{"start":{"line":49,"column":4},"end":{"line":52,"column":6}},"20":{"start":{"line":54,"column":2},"end":{"line":54,"column":16}},"21":{"start":{"line":58,"column":2},"end":{"line":70,"column":3}},"22":{"start":{"line":59,"column":4},"end":{"line":69,"column":5}},"23":{"start":{"line":66,"column":6},"end":{"line":66,"column":60}},"24":{"start":{"line":68,"column":6},"end":{"line":68,"column":35}},"25":{"start":{"line":71,"column":2},"end":{"line":71,"column":16}},"26":{"start":{"line":93,"column":2},"end":{"line":103,"column":3}},"27":{"start":{"line":94,"column":16},"end":{"line":94,"column":46}},"28":{"start":{"line":95,"column":21},"end":{"line":95,"column":49}},"29":{"start":{"line":96,"column":4},"end":{"line":100,"column":6}},"30":{"start":{"line":102,"column":4},"end":{"line":102,"column":68}},"31":{"start":{"line":120,"column":2},"end":{"line":129,"column":3}},"32":{"start":{"line":121,"column":16},"end":{"line":121,"column":46}},"33":{"start":{"line":122,"column":16},"end":{"line":122,"column":53}},"34":{"start":{"line":123,"column":4},"end":{"line":126,"column":6}},"35":{"start":{"line":128,"column":4},"end":{"line":128,"column":39}}},"fnMap":{"0":{"name":"getDefaultConfiguration","decl":{"start":{"line":9,"column":16},"end":{"line":9,"column":39}},"loc":{"start":{"line":9,"column":39},"end":{"line":17,"column":1}}},"1":{"name":"getConfigFromDb","decl":{"start":{"line":22,"column":22},"end":{"line":22,"column":37}},"loc":{"start":{"line":22,"column":37},"end":{"line":44,"column":null}}},"2":{"name":"saveConfigToDb","decl":{"start":{"line":47,"column":22},"end":{"line":47,"column":36}},"loc":{"start":{"line":47,"column":54},"end":{"line":55,"column":null}}},"3":{"name":"deepUpdate","decl":{"start":{"line":57,"column":16},"end":{"line":57,"column":26}},"loc":{"start":{"line":57,"column":54},"end":{"line":72,"column":1}}},"4":{"name":"getDedupConfig","decl":{"start":{"line":92,"column":22},"end":{"line":92,"column":36}},"loc":{"start":{"line":92,"column":36},"end":{"line":104,"column":null}}},"5":{"name":"getContextWindowConfig","decl":{"start":{"line":119,"column":22},"end":{"line":119,"column":44}},"loc":{"start":{"line":119,"column":44},"end":{"line":130,"column":null}}}},"branchMap":{"0":{"loc":{"start":{"line":38,"column":18},"end":{"line":38,"column":58}},"type":"cond-expr","locations":[{"start":{"line":38,"column":35},"end":{"line":38,"column":39}},{"start":{"line":38,"column":39},"end":{"line":38,"column":58}}]},"1":{"loc":{"start":{"line":38,"column":18},"end":{"line":38,"column":39}},"type":"binary-expr","locations":[{"start":{"line":38,"column":18},"end":{"line":38,"column":39}},{"start":{"line":38,"column":35},"end":{"line":38,"column":39}}]},"2":{"loc":{"start":{"line":39,"column":12},"end":{"line":39,"column":40}},"type":"cond-expr","locations":[{"start":{"line":39,"column":23},"end":{"line":39,"column":27}},{"start":{"line":39,"column":27},"end":{"line":39,"column":40}}]},"3":{"loc":{"start":{"line":39,"column":12},"end":{"line":39,"column":27}},"type":"binary-expr","locations":[{"start":{"line":39,"column":12},"end":{"line":39,"column":27}},{"start":{"line":39,"column":23},"end":{"line":39,"column":27}}]},"4":{"loc":{"start":{"line":59,"column":4},"end":{"line":69,"column":5}},"type":"if","locations":[{"start":{"line":59,"column":4},"end":{"line":69,"column":5}},{"start":{"line":67,"column":11},"end":{"line":69,"column":5}}]},"5":{"loc":{"start":{"line":60,"column":6},"end":{"line":64,"column":26}},"type":"binary-expr","locations":[{"start":{"line":60,"column":6},"end":{"line":60,"column":40}},{"start":{"line":61,"column":6},"end":{"line":61,"column":29}},{"start":{"line":62,"column":6},"end":{"line":62,"column":36}},{"start":{"line":63,"column":6},"end":{"line":63,"column":37}},{"start":{"line":64,"column":6},"end":{"line":64,"column":26}}]},"6":{"loc":{"start":{"line":95,"column":21},"end":{"line":95,"column":49}},"type":"cond-expr","locations":[{"start":{"line":95,"column":43},"end":{"line":95,"column":47}},{"start":{"line":95,"column":47},"end":{"line":95,"column":49}}]},"7":{"loc":{"start":{"line":95,"column":21},"end":{"line":95,"column":47}},"type":"binary-expr","locations":[{"start":{"line":95,"column":21},"end":{"line":95,"column":47}},{"start":{"line":95,"column":43},"end":{"line":95,"column":47}}]},"8":{"loc":{"start":{"line":95,"column":21},"end":{"line":95,"column":43}},"type":"cond-expr","locations":[{"start":{"line":95,"column":36},"end":{"line":95,"column":38}},{"start":{"line":95,"column":36},"end":{"line":95,"column":43}}]},"9":{"loc":{"start":{"line":95,"column":21},"end":{"line":95,"column":38}},"type":"binary-expr","locations":[{"start":{"line":95,"column":21},"end":{"line":95,"column":38}},{"start":{"line":95,"column":36},"end":{"line":95,"column":38}}]},"10":{"loc":{"start":{"line":95,"column":21},"end":{"line":95,"column":36}},"type":"cond-expr","locations":[{"start":{"line":95,"column":24},"end":{"line":95,"column":26}},{"start":{"line":95,"column":21},"end":{"line":95,"column":36}}]},"11":{"loc":{"start":{"line":95,"column":21},"end":{"line":95,"column":26}},"type":"binary-expr","locations":[{"start":{"line":95,"column":21},"end":{"line":95,"column":26}},{"start":{"line":95,"column":21},"end":{"line":95,"column":26}}]},"12":{"loc":{"start":{"line":97,"column":15},"end":{"line":97,"column":39}},"type":"cond-expr","locations":[{"start":{"line":97,"column":31},"end":{"line":97,"column":35}},{"start":{"line":97,"column":35},"end":{"line":97,"column":39}}]},"13":{"loc":{"start":{"line":97,"column":15},"end":{"line":97,"column":35}},"type":"binary-expr","locations":[{"start":{"line":97,"column":15},"end":{"line":97,"column":35}},{"start":{"line":97,"column":31},"end":{"line":97,"column":35}}]},"14":{"loc":{"start":{"line":98,"column":17},"end":{"line":98,"column":43}},"type":"cond-expr","locations":[{"start":{"line":98,"column":35},"end":{"line":98,"column":39}},{"start":{"line":98,"column":39},"end":{"line":98,"column":43}}]},"15":{"loc":{"start":{"line":98,"column":17},"end":{"line":98,"column":39}},"type":"binary-expr","locations":[{"start":{"line":98,"column":17},"end":{"line":98,"column":39}},{"start":{"line":98,"column":35},"end":{"line":98,"column":39}}]},"16":{"loc":{"start":{"line":99,"column":22},"end":{"line":99,"column":53}},"type":"cond-expr","locations":[{"start":{"line":99,"column":45},"end":{"line":99,"column":49}},{"start":{"line":99,"column":49},"end":{"line":99,"column":53}}]},"17":{"loc":{"start":{"line":99,"column":22},"end":{"line":99,"column":49}},"type":"binary-expr","locations":[{"start":{"line":99,"column":22},"end":{"line":99,"column":49}},{"start":{"line":99,"column":45},"end":{"line":99,"column":49}}]},"18":{"loc":{"start":{"line":122,"column":16},"end":{"line":122,"column":53}},"type":"cond-expr","locations":[{"start":{"line":122,"column":47},"end":{"line":122,"column":51}},{"start":{"line":122,"column":51},"end":{"line":122,"column":53}}]},"19":{"loc":{"start":{"line":122,"column":16},"end":{"line":122,"column":51}},"type":"binary-expr","locations":[{"start":{"line":122,"column":16},"end":{"line":122,"column":51}},{"start":{"line":122,"column":47},"end":{"line":122,"column":51}}]},"20":{"loc":{"start":{"line":122,"column":16},"end":{"line":122,"column":47}},"type":"cond-expr","locations":[{"start":{"line":122,"column":31},"end":{"line":122,"column":33}},{"start":{"line":122,"column":31},"end":{"line":122,"column":47}}]},"21":{"loc":{"start":{"line":122,"column":16},"end":{"line":122,"column":33}},"type":"binary-expr","locations":[{"start":{"line":122,"column":16},"end":{"line":122,"column":33}},{"start":{"line":122,"column":31},"end":{"line":122,"column":33}}]},"22":{"loc":{"start":{"line":122,"column":16},"end":{"line":122,"column":31}},"type":"cond-expr","locations":[{"start":{"line":122,"column":19},"end":{"line":122,"column":21}},{"start":{"line":122,"column":16},"end":{"line":122,"column":31}}]},"23":{"loc":{"start":{"line":122,"column":16},"end":{"line":122,"column":21}},"type":"binary-expr","locations":[{"start":{"line":122,"column":16},"end":{"line":122,"column":21}},{"start":{"line":122,"column":16},"end":{"line":122,"column":21}}]},"24":{"loc":{"start":{"line":124,"column":15},"end":{"line":124,"column":34}},"type":"cond-expr","locations":[{"start":{"line":124,"column":26},"end":{"line":124,"column":30}},{"start":{"line":124,"column":30},"end":{"line":124,"column":34}}]},"25":{"loc":{"start":{"line":124,"column":15},"end":{"line":124,"column":30}},"type":"binary-expr","locations":[{"start":{"line":124,"column":15},"end":{"line":124,"column":30}},{"start":{"line":124,"column":26},"end":{"line":124,"column":30}}]},"26":{"loc":{"start":{"line":125,"column":37},"end":{"line":125,"column":51}},"type":"cond-expr","locations":[{"start":{"line":125,"column":45},"end":{"line":125,"column":49}},{"start":{"line":125,"column":49},"end":{"line":125,"column":51}}]},"27":{"loc":{"start":{"line":125,"column":37},"end":{"line":125,"column":49}},"type":"binary-expr","locations":[{"start":{"line":125,"column":37},"end":{"line":125,"column":49}},{"start":{"line":125,"column":45},"end":{"line":125,"column":49}}]}},"s":{"0":6,"1":6,"2":6,"3":6,"4":6,"5":6,"6":6,"7":4,"8":4,"9":4,"10":3,"11":3,"12":1,"13":1,"14":0,"15":3,"16":3,"17":1,"18":0,"19":0,"20":0,"21":0,"22":0,"23":0,"24":0,"25":0,"26":3,"27":3,"28":3,"29":3,"30":0,"31":1,"32":1,"33":1,"34":1,"35":0},"f":{"0":4,"1":4,"2":0,"3":0,"4":3,"5":1},"b":{"0":[1,2],"1":[3,3],"2":[0,3],"3":[3,3],"4":[0,0],"5":[0,0,0,0,0],"6":[1,2],"7":[3,3],"8":[0,3],"9":[3,3],"10":[0,3],"11":[3,3],"12":[1,2],"13":[3,3],"14":[1,2],"15":[3,3],"16":[0,3],"17":[3,3],"18":[0,1],"19":[1,1],"20":[0,1],"21":[1,1],"22":[0,1],"23":[1,1],"24":[0,1],"25":[1,1],"26":[0,1],"27":[1,1]}}
,"C:\\Users\\Selet\\source\\repos\\mem0\\mem0\\openmemory\\ui\\lib\\db\\memgraph.ts": {"path":"C:\\Users\\Selet\\source\\repos\\mem0\\mem0\\openmemory\\ui\\lib\\db\\memgraph.ts","statementMap":{"0":{"start":{"line":20,"column":0},"end":{"line":20,"column":16}},"1":{"start":{"line":36,"column":0},"end":{"line":36,"column":22}},"2":{"start":{"line":70,"column":0},"end":{"line":70,"column":22}},"3":{"start":{"line":84,"column":0},"end":{"line":84,"column":22}},"4":{"start":{"line":160,"column":0},"end":{"line":160,"column":22}},"5":{"start":{"line":197,"column":0},"end":{"line":197,"column":22}},"6":{"start":{"line":249,"column":0},"end":{"line":249,"column":22}},"7":{"start":{"line":12,"column":0},"end":{"line":12,"column":68}},"8":{"start":{"line":18,"column":29},"end":{"line":18,"column":33}},"9":{"start":{"line":21,"column":2},"end":{"line":31,"column":3}},"10":{"start":{"line":22,"column":16},"end":{"line":22,"column":67}},"11":{"start":{"line":23,"column":17},"end":{"line":23,"column":48}},"12":{"start":{"line":24,"column":17},"end":{"line":24,"column":52}},"13":{"start":{"line":25,"column":4},"end":{"line":30,"column":7}},"14":{"start":{"line":32,"column":2},"end":{"line":32,"column":17}},"15":{"start":{"line":37,"column":2},"end":{"line":40,"column":3}},"16":{"start":{"line":38,"column":4},"end":{"line":38,"column":26}},"17":{"start":{"line":39,"column":4},"end":{"line":39,"column":19}},"18":{"start":{"line":48,"column":2},"end":{"line":50,"column":4}},"19":{"start":{"line":49,"column":27},"end":{"line":49,"column":63}},"20":{"start":{"line":60,"column":2},"end":{"line":62,"column":61}},"21":{"start":{"line":71,"column":2},"end":{"line":81,"column":null}},"22":{"start":{"line":74,"column":18},"end":{"line":74,"column":68}},"23":{"start":{"line":75,"column":2},"end":{"line":80,"column":3}},"24":{"start":{"line":76,"column":19},"end":{"line":76,"column":67}},"25":{"start":{"line":77,"column":4},"end":{"line":77,"column":52}},"26":{"start":{"line":79,"column":4},"end":{"line":79,"column":26}},"27":{"start":{"line":85,"column":2},"end":{"line":95,"column":null}},"28":{"start":{"line":88,"column":18},"end":{"line":88,"column":69}},"29":{"start":{"line":89,"column":2},"end":{"line":94,"column":3}},"30":{"start":{"line":90,"column":19},"end":{"line":90,"column":67}},"31":{"start":{"line":91,"column":4},"end":{"line":91,"column":52}},"32":{"start":{"line":93,"column":4},"end":{"line":93,"column":26}},"33":{"start":{"line":112,"column":19},"end":{"line":112,"column":78}},"34":{"start":{"line":114,"column":2},"end":{"line":116,"column":27}},"35":{"start":{"line":114,"column":28},"end":{"line":114,"column":47}},"36":{"start":{"line":115,"column":7},"end":{"line":116,"column":27}},"37":{"start":{"line":115,"column":33},"end":{"line":115,"column":53}},"38":{"start":{"line":116,"column":7},"end":{"line":116,"column":27}},"39":{"start":{"line":117,"column":2},"end":{"line":117,"column":64}},"40":{"start":{"line":121,"column":14},"end":{"line":121,"column":31}},"41":{"start":{"line":122,"column":2},"end":{"line":151,"column":4}},"42":{"start":{"line":161,"column":2},"end":{"line":179,"column":3}},"43":{"start":{"line":162,"column":4},"end":{"line":178,"column":5}},"44":{"start":{"line":163,"column":6},"end":{"line":163,"column":31}},"45":{"start":{"line":169,"column":18},"end":{"line":169,"column":66}},"46":{"start":{"line":171,"column":8},"end":{"line":173,"column":36}},"47":{"start":{"line":174,"column":6},"end":{"line":177,"column":7}},"48":{"start":{"line":175,"column":8},"end":{"line":175,"column":74}},"49":{"start":{"line":176,"column":8},"end":{"line":176,"column":18}},"50":{"start":{"line":180,"column":2},"end":{"line":180,"column":30}},"51":{"start":{"line":187,"column":27},"end":{"line":187,"column":32}},"52":{"start":{"line":198,"column":2},"end":{"line":198,"column":35}},"53":{"start":{"line":198,"column":28},"end":{"line":198,"column":35}},"54":{"start":{"line":200,"column":2},"end":{"line":232,"column":3}},"55":{"start":{"line":201,"column":17},"end":{"line":202,"column":null}},"56":{"start":{"line":204,"column":26},"end":{"line":205,"column":null}},"57":{"start":{"line":205,"column":22},"end":{"line":205,"column":67}},"58":{"start":{"line":208,"column":16},"end":{"line":208,"column":33}},"59":{"start":{"line":210,"column":4},"end":{"line":217,"column":5}},"60":{"start":{"line":211,"column":6},"end":{"line":211,"column":87}},"61":{"start":{"line":212,"column":6},"end":{"line":216,"column":8}},"62":{"start":{"line":219,"column":4},"end":{"line":226,"column":5}},"63":{"start":{"line":220,"column":6},"end":{"line":220,"column":87}},"64":{"start":{"line":221,"column":6},"end":{"line":225,"column":8}},"65":{"start":{"line":228,"column":4},"end":{"line":228,"column":32}},"66":{"start":{"line":231,"column":4},"end":{"line":231,"column":98}},"67":{"start":{"line":250,"column":15},"end":{"line":254,"column":null}},"68":{"start":{"line":256,"column":2},"end":{"line":256,"column":79}},"69":{"start":{"line":256,"column":20},"end":{"line":256,"column":79}},"70":{"start":{"line":257,"column":2},"end":{"line":257,"column":40}}},"fnMap":{"0":{"name":"getDriver","decl":{"start":{"line":20,"column":16},"end":{"line":20,"column":25}},"loc":{"start":{"line":20,"column":25},"end":{"line":33,"column":1}}},"1":{"name":"closeDriver","decl":{"start":{"line":36,"column":22},"end":{"line":36,"column":33}},"loc":{"start":{"line":36,"column":33},"end":{"line":41,"column":null}}},"2":{"name":"toPlainObject","decl":{"start":{"line":47,"column":9},"end":{"line":47,"column":22}},"loc":{"start":{"line":47,"column":42},"end":{"line":51,"column":1}}},"3":{"name":"(anonymous_12)","decl":{"start":{"line":49,"column":20},"end":{"line":49,"column":21}},"loc":{"start":{"line":49,"column":27},"end":{"line":49,"column":63}}},"4":{"name":"wrapSkipLimit","decl":{"start":{"line":59,"column":9},"end":{"line":59,"column":22}},"loc":{"start":{"line":59,"column":37},"end":{"line":63,"column":1}}},"5":{"name":"runRead","decl":{"start":{"line":70,"column":22},"end":{"line":70,"column":29}},"loc":{"start":{"line":70,"column":29},"end":{"line":81,"column":null}}},"6":{"name":"(anonymous_15)","decl":{"start":{"line":71,"column":2},"end":{"line":71,"column":16}},"loc":{"start":{"line":72,"column":38},"end":{"line":81,"column":1}}},"7":{"name":"runWrite","decl":{"start":{"line":84,"column":22},"end":{"line":84,"column":30}},"loc":{"start":{"line":84,"column":30},"end":{"line":95,"column":null}}},"8":{"name":"(anonymous_17)","decl":{"start":{"line":85,"column":2},"end":{"line":85,"column":16}},"loc":{"start":{"line":86,"column":38},"end":{"line":95,"column":1}}},"9":{"name":"resolveEmbedDim","decl":{"start":{"line":111,"column":9},"end":{"line":111,"column":24}},"loc":{"start":{"line":111,"column":24},"end":{"line":118,"column":1}}},"10":{"name":"getSchemaStatements","decl":{"start":{"line":120,"column":9},"end":{"line":120,"column":28}},"loc":{"start":{"line":120,"column":28},"end":{"line":152,"column":1}}},"11":{"name":"initSchema","decl":{"start":{"line":160,"column":22},"end":{"line":160,"column":32}},"loc":{"start":{"line":160,"column":32},"end":{"line":181,"column":null}}},"12":{"name":"ensureVectorIndexes","decl":{"start":{"line":197,"column":22},"end":{"line":197,"column":41}},"loc":{"start":{"line":197,"column":41},"end":{"line":233,"column":null}}},"13":{"name":"(anonymous_24)","decl":{"start":{"line":205,"column":15},"end":{"line":205,"column":16}},"loc":{"start":{"line":205,"column":21},"end":{"line":205,"column":67}}},"14":{"name":"getOrCreateUserMg","decl":{"start":{"line":249,"column":22},"end":{"line":249,"column":39}},"loc":{"start":{"line":249,"column":54},"end":{"line":258,"column":null}}}},"branchMap":{"0":{"loc":{"start":{"line":21,"column":2},"end":{"line":31,"column":3}},"type":"if","locations":[{"start":{"line":21,"column":2},"end":{"line":31,"column":3}}]},"1":{"loc":{"start":{"line":22,"column":16},"end":{"line":22,"column":67}},"type":"cond-expr","locations":[{"start":{"line":22,"column":40},"end":{"line":22,"column":44}},{"start":{"line":22,"column":44},"end":{"line":22,"column":67}}]},"2":{"loc":{"start":{"line":22,"column":16},"end":{"line":22,"column":44}},"type":"binary-expr","locations":[{"start":{"line":22,"column":16},"end":{"line":22,"column":44}},{"start":{"line":22,"column":40},"end":{"line":22,"column":44}}]},"3":{"loc":{"start":{"line":23,"column":17},"end":{"line":23,"column":48}},"type":"cond-expr","locations":[{"start":{"line":23,"column":42},"end":{"line":23,"column":46}},{"start":{"line":23,"column":46},"end":{"line":23,"column":48}}]},"4":{"loc":{"start":{"line":23,"column":17},"end":{"line":23,"column":46}},"type":"binary-expr","locations":[{"start":{"line":23,"column":17},"end":{"line":23,"column":46}},{"start":{"line":23,"column":42},"end":{"line":23,"column":46}}]},"5":{"loc":{"start":{"line":24,"column":17},"end":{"line":24,"column":52}},"type":"cond-expr","locations":[{"start":{"line":24,"column":46},"end":{"line":24,"column":50}},{"start":{"line":24,"column":50},"end":{"line":24,"column":52}}]},"6":{"loc":{"start":{"line":24,"column":17},"end":{"line":24,"column":50}},"type":"binary-expr","locations":[{"start":{"line":24,"column":17},"end":{"line":24,"column":50}},{"start":{"line":24,"column":46},"end":{"line":24,"column":50}}]},"7":{"loc":{"start":{"line":37,"column":2},"end":{"line":40,"column":3}},"type":"if","locations":[{"start":{"line":37,"column":2},"end":{"line":40,"column":3}}]},"8":{"loc":{"start":{"line":72,"column":2},"end":{"line":72,"column":38}},"type":"default-arg","locations":[{"start":{"line":72,"column":36},"end":{"line":72,"column":38}}]},"9":{"loc":{"start":{"line":86,"column":2},"end":{"line":86,"column":38}},"type":"default-arg","locations":[{"start":{"line":86,"column":36},"end":{"line":86,"column":38}}]},"10":{"loc":{"start":{"line":112,"column":20},"end":{"line":112,"column":63}},"type":"cond-expr","locations":[{"start":{"line":112,"column":50},"end":{"line":112,"column":54}},{"start":{"line":112,"column":54},"end":{"line":112,"column":63}}]},"11":{"loc":{"start":{"line":112,"column":20},"end":{"line":112,"column":54}},"type":"binary-expr","locations":[{"start":{"line":112,"column":20},"end":{"line":112,"column":54}},{"start":{"line":112,"column":50},"end":{"line":112,"column":54}}]},"12":{"loc":{"start":{"line":114,"column":2},"end":{"line":116,"column":27}},"type":"if","locations":[{"start":{"line":114,"column":2},"end":{"line":116,"column":27}},{"start":{"line":115,"column":7},"end":{"line":116,"column":27}}]},"13":{"loc":{"start":{"line":115,"column":7},"end":{"line":116,"column":27}},"type":"if","locations":[{"start":{"line":115,"column":7},"end":{"line":116,"column":27}},{"start":{"line":116,"column":7},"end":{"line":116,"column":27}}]},"14":{"loc":{"start":{"line":117,"column":18},"end":{"line":117,"column":58}},"type":"cond-expr","locations":[{"start":{"line":117,"column":44},"end":{"line":117,"column":48}},{"start":{"line":117,"column":48},"end":{"line":117,"column":58}}]},"15":{"loc":{"start":{"line":117,"column":18},"end":{"line":117,"column":48}},"type":"binary-expr","locations":[{"start":{"line":117,"column":18},"end":{"line":117,"column":48}},{"start":{"line":117,"column":44},"end":{"line":117,"column":48}}]},"16":{"loc":{"start":{"line":169,"column":18},"end":{"line":169,"column":66}},"type":"cond-expr","locations":[{"start":{"line":169,"column":41},"end":{"line":169,"column":52}},{"start":{"line":169,"column":55},"end":{"line":169,"column":66}}]},"17":{"loc":{"start":{"line":171,"column":8},"end":{"line":173,"column":36}},"type":"binary-expr","locations":[{"start":{"line":171,"column":8},"end":{"line":171,"column":38}},{"start":{"line":172,"column":8},"end":{"line":172,"column":32}},{"start":{"line":173,"column":8},"end":{"line":173,"column":36}}]},"18":{"loc":{"start":{"line":174,"column":6},"end":{"line":177,"column":7}},"type":"if","locations":[{"start":{"line":174,"column":6},"end":{"line":177,"column":7}}]},"19":{"loc":{"start":{"line":198,"column":2},"end":{"line":198,"column":35}},"type":"if","locations":[{"start":{"line":198,"column":2},"end":{"line":198,"column":35}}]},"20":{"loc":{"start":{"line":205,"column":29},"end":{"line":205,"column":47}},"type":"cond-expr","locations":[{"start":{"line":205,"column":41},"end":{"line":205,"column":45}},{"start":{"line":205,"column":45},"end":{"line":205,"column":47}}]},"21":{"loc":{"start":{"line":205,"column":29},"end":{"line":205,"column":45}},"type":"binary-expr","locations":[{"start":{"line":205,"column":29},"end":{"line":205,"column":45}},{"start":{"line":205,"column":41},"end":{"line":205,"column":45}}]},"22":{"loc":{"start":{"line":210,"column":4},"end":{"line":217,"column":5}},"type":"if","locations":[{"start":{"line":210,"column":4},"end":{"line":217,"column":5}}]},"23":{"loc":{"start":{"line":219,"column":4},"end":{"line":226,"column":5}},"type":"if","locations":[{"start":{"line":219,"column":4},"end":{"line":226,"column":5}}]},"24":{"loc":{"start":{"line":231,"column":56},"end":{"line":231,"column":96}},"type":"cond-expr","locations":[{"start":{"line":231,"column":79},"end":{"line":231,"column":90}},{"start":{"line":231,"column":93},"end":{"line":231,"column":96}}]},"25":{"loc":{"start":{"line":256,"column":2},"end":{"line":256,"column":79}},"type":"if","locations":[{"start":{"line":256,"column":2},"end":{"line":256,"column":79}}]}},"s":{"0":29,"1":29,"2":29,"3":29,"4":29,"5":29,"6":29,"7":29,"8":29,"9":89,"10":27,"11":27,"12":27,"13":27,"14":89,"15":0,"16":0,"17":0,"18":18,"19":74,"20":87,"21":21,"22":21,"23":21,"24":21,"25":20,"26":21,"27":66,"28":66,"29":66,"30":66,"31":66,"32":66,"33":4,"34":4,"35":0,"36":4,"37":0,"38":4,"39":4,"40":4,"41":4,"42":4,"43":52,"44":52,"45":0,"46":0,"47":0,"48":0,"49":0,"50":4,"51":29,"52":0,"53":0,"54":0,"55":0,"56":0,"57":0,"58":0,"59":0,"60":0,"61":0,"62":0,"63":0,"64":0,"65":0,"66":0,"67":1,"68":1,"69":0,"70":1},"f":{"0":89,"1":0,"2":18,"3":74,"4":87,"5":21,"6":21,"7":66,"8":66,"9":4,"10":4,"11":4,"12":0,"13":0,"14":1},"b":{"0":[27],"1":[0,27],"2":[27,27],"3":[0,27],"4":[27,27],"5":[0,27],"6":[27,27],"7":[0],"8":[0],"9":[0],"10":[0,4],"11":[4,4],"12":[0,4],"13":[0,4],"14":[0,4],"15":[4,4],"16":[0,0],"17":[0,0,0],"18":[0],"19":[0],"20":[0,0],"21":[0,0],"22":[0],"23":[0],"24":[0,0],"25":[0]}}
,"C:\\Users\\Selet\\source\\repos\\mem0\\mem0\\openmemory\\ui\\lib\\dedup\\cache.ts": {"path":"C:\\Users\\Selet\\source\\repos\\mem0\\mem0\\openmemory\\ui\\lib\\dedup\\cache.ts","statementMap":{"0":{"start":{"line":15,"column":0},"end":{"line":15,"column":16}},"1":{"start":{"line":23,"column":0},"end":{"line":23,"column":16}},"2":{"start":{"line":31,"column":0},"end":{"line":31,"column":16}},"3":{"start":{"line":7,"column":0},"end":{"line":7,"column":28}},"4":{"start":{"line":9,"column":19},"end":{"line":9,"column":23}},"5":{"start":{"line":10,"column":14},"end":{"line":10,"column":63}},"6":{"start":{"line":16,"column":17},"end":{"line":16,"column":40}},"7":{"start":{"line":17,"column":2},"end":{"line":17,"column":70}},"8":{"start":{"line":24,"column":16},"end":{"line":24,"column":31}},"9":{"start":{"line":25,"column":2},"end":{"line":25,"column":37}},"10":{"start":{"line":32,"column":2},"end":{"line":35,"column":3}},"11":{"start":{"line":33,"column":22},"end":{"line":33,"column":47}},"12":{"start":{"line":34,"column":4},"end":{"line":34,"column":57}},"13":{"start":{"line":34,"column":33},"end":{"line":34,"column":57}},"14":{"start":{"line":36,"column":2},"end":{"line":36,"column":46}}},"fnMap":{"0":{"name":"pairHash","decl":{"start":{"line":15,"column":16},"end":{"line":15,"column":24}},"loc":{"start":{"line":15,"column":45},"end":{"line":18,"column":1}}},"1":{"name":"getCached","decl":{"start":{"line":23,"column":16},"end":{"line":23,"column":25}},"loc":{"start":{"line":23,"column":38},"end":{"line":26,"column":1}}},"2":{"name":"setCached","decl":{"start":{"line":31,"column":16},"end":{"line":31,"column":25}},"loc":{"start":{"line":31,"column":54},"end":{"line":37,"column":1}}}},"branchMap":{"0":{"loc":{"start":{"line":16,"column":17},"end":{"line":16,"column":40}},"type":"cond-expr","locations":[{"start":{"line":16,"column":25},"end":{"line":16,"column":31}},{"start":{"line":16,"column":34},"end":{"line":16,"column":40}}]},"1":{"loc":{"start":{"line":25,"column":9},"end":{"line":25,"column":36}},"type":"cond-expr","locations":[{"start":{"line":25,"column":17},"end":{"line":25,"column":29}},{"start":{"line":25,"column":32},"end":{"line":25,"column":36}}]},"2":{"loc":{"start":{"line":32,"column":2},"end":{"line":35,"column":3}},"type":"if","locations":[{"start":{"line":32,"column":2},"end":{"line":35,"column":3}}]},"3":{"loc":{"start":{"line":34,"column":4},"end":{"line":34,"column":57}},"type":"if","locations":[{"start":{"line":34,"column":4},"end":{"line":34,"column":57}}]}},"s":{"0":2,"1":2,"2":2,"3":2,"4":2,"5":2,"6":3,"7":3,"8":2,"9":2,"10":1,"11":0,"12":0,"13":0,"14":1},"f":{"0":3,"1":2,"2":1},"b":{"0":[2,1],"1":[1,1],"2":[0],"3":[0]}}
,"C:\\Users\\Selet\\source\\repos\\mem0\\mem0\\openmemory\\ui\\lib\\dedup\\findNearDuplicates.ts": {"path":"C:\\Users\\Selet\\source\\repos\\mem0\\mem0\\openmemory\\ui\\lib\\dedup\\findNearDuplicates.ts","statementMap":{"0":{"start":{"line":22,"column":0},"end":{"line":22,"column":22}},"1":{"start":{"line":7,"column":0},"end":{"line":7,"column":44}},"2":{"start":{"line":8,"column":0},"end":{"line":8,"column":48}},"3":{"start":{"line":23,"column":2},"end":{"line":51,"column":null}},"4":{"start":{"line":28,"column":2},"end":{"line":50,"column":3}},"5":{"start":{"line":29,"column":22},"end":{"line":29,"column":39}},"6":{"start":{"line":31,"column":20},"end":{"line":39,"column":null}},"7":{"start":{"line":42,"column":4},"end":{"line":46,"column":8}},"8":{"start":{"line":42,"column":47},"end":{"line":46,"column":6}},"9":{"start":{"line":48,"column":4},"end":{"line":48,"column":53}},"10":{"start":{"line":49,"column":4},"end":{"line":49,"column":14}}},"fnMap":{"0":{"name":"findNearDuplicates","decl":{"start":{"line":22,"column":22},"end":{"line":22,"column":40}},"loc":{"start":{"line":22,"column":40},"end":{"line":51,"column":null}}},"1":{"name":"(anonymous_8)","decl":{"start":{"line":23,"column":2},"end":{"line":23,"column":14}},"loc":{"start":{"line":26,"column":19},"end":{"line":51,"column":1}}},"2":{"name":"(anonymous_9)","decl":{"start":{"line":42,"column":39},"end":{"line":42,"column":40}},"loc":{"start":{"line":42,"column":47},"end":{"line":46,"column":6}}}},"branchMap":{"0":{"loc":{"start":{"line":25,"column":2},"end":{"line":25,"column":26}},"type":"default-arg","locations":[{"start":{"line":25,"column":22},"end":{"line":25,"column":26}}]},"1":{"loc":{"start":{"line":26,"column":2},"end":{"line":26,"column":19}},"type":"default-arg","locations":[{"start":{"line":26,"column":18},"end":{"line":26,"column":19}}]}},"s":{"0":2,"1":2,"2":2,"3":4,"4":4,"5":4,"6":4,"7":3,"8":2,"9":1,"10":1},"f":{"0":4,"1":4,"2":2},"b":{"0":[3],"1":[4]}}
,"C:\\Users\\Selet\\source\\repos\\mem0\\mem0\\openmemory\\ui\\lib\\dedup\\index.ts": {"path":"C:\\Users\\Selet\\source\\repos\\mem0\\mem0\\openmemory\\ui\\lib\\dedup\\index.ts","statementMap":{"0":{"start":{"line":63,"column":0},"end":{"line":63,"column":22}},"1":{"start":{"line":15,"column":0},"end":{"line":15,"column":58}},"2":{"start":{"line":16,"column":0},"end":{"line":16,"column":72}},"3":{"start":{"line":17,"column":0},"end":{"line":17,"column":57}},"4":{"start":{"line":18,"column":0},"end":{"line":18,"column":54}},"5":{"start":{"line":29,"column":24},"end":{"line":35,"column":2}},"6":{"start":{"line":38,"column":2},"end":{"line":44,"column":4}},"7":{"start":{"line":42,"column":16},"end":{"line":42,"column":41}},"8":{"start":{"line":49,"column":2},"end":{"line":49,"column":81}},"9":{"start":{"line":53,"column":2},"end":{"line":55,"column":3}},"10":{"start":{"line":54,"column":4},"end":{"line":54,"column":37}},"11":{"start":{"line":54,"column":25},"end":{"line":54,"column":37}},"12":{"start":{"line":56,"column":2},"end":{"line":56,"column":15}},"13":{"start":{"line":67,"column":17},"end":{"line":67,"column":39}},"14":{"start":{"line":68,"column":2},"end":{"line":68,"column":51}},"15":{"start":{"line":68,"column":23},"end":{"line":68,"column":51}},"16":{"start":{"line":74,"column":20},"end":{"line":74,"column":79}},"17":{"start":{"line":75,"column":23},"end":{"line":75,"column":67}},"18":{"start":{"line":76,"column":18},"end":{"line":76,"column":55}},"19":{"start":{"line":77,"column":20},"end":{"line":77,"column":95}},"20":{"start":{"line":78,"column":29},"end":{"line":82,"column":24}},"21":{"start":{"line":85,"column":21},"end":{"line":85,"column":82}},"22":{"start":{"line":86,"column":2},"end":{"line":86,"column":59}},"23":{"start":{"line":86,"column":31},"end":{"line":86,"column":59}},"24":{"start":{"line":89,"column":14},"end":{"line":89,"column":27}},"25":{"start":{"line":90,"column":15},"end":{"line":90,"column":45}},"26":{"start":{"line":93,"column":17},"end":{"line":93,"column":32}},"27":{"start":{"line":94,"column":2},"end":{"line":104,"column":3}},"28":{"start":{"line":95,"column":4},"end":{"line":95,"column":42}},"29":{"start":{"line":97,"column":4},"end":{"line":103,"column":5}},"30":{"start":{"line":98,"column":6},"end":{"line":98,"column":59}},"31":{"start":{"line":99,"column":6},"end":{"line":99,"column":30}},"32":{"start":{"line":101,"column":6},"end":{"line":101,"column":82}},"33":{"start":{"line":102,"column":6},"end":{"line":102,"column":34}},"34":{"start":{"line":106,"column":2},"end":{"line":117,"column":3}},"35":{"start":{"line":112,"column":4},"end":{"line":115,"column":5}},"36":{"start":{"line":113,"column":6},"end":{"line":113,"column":118}},"37":{"start":{"line":114,"column":6},"end":{"line":114,"column":34}},"38":{"start":{"line":116,"column":4},"end":{"line":116,"column":50}},"39":{"start":{"line":118,"column":2},"end":{"line":118,"column":82}},"40":{"start":{"line":118,"column":31},"end":{"line":118,"column":82}},"41":{"start":{"line":119,"column":2},"end":{"line":119,"column":30}}},"fnMap":{"0":{"name":"tokenizeWords","decl":{"start":{"line":37,"column":9},"end":{"line":37,"column":22}},"loc":{"start":{"line":37,"column":35},"end":{"line":45,"column":1}}},"1":{"name":"(anonymous_8)","decl":{"start":{"line":42,"column":11},"end":{"line":42,"column":12}},"loc":{"start":{"line":42,"column":16},"end":{"line":42,"column":41}}},"2":{"name":"isNegationSafe","decl":{"start":{"line":48,"column":9},"end":{"line":48,"column":23}},"loc":{"start":{"line":48,"column":52},"end":{"line":50,"column":1}}},"3":{"name":"hasNegation","decl":{"start":{"line":52,"column":9},"end":{"line":52,"column":20}},"loc":{"start":{"line":52,"column":40},"end":{"line":57,"column":1}}},"4":{"name":"checkDeduplication","decl":{"start":{"line":63,"column":22},"end":{"line":63,"column":40}},"loc":{"start":{"line":65,"column":16},"end":{"line":120,"column":null}}}},"branchMap":{"0":{"loc":{"start":{"line":54,"column":4},"end":{"line":54,"column":37}},"type":"if","locations":[{"start":{"line":54,"column":4},"end":{"line":54,"column":37}}]},"1":{"loc":{"start":{"line":68,"column":2},"end":{"line":68,"column":51}},"type":"if","locations":[{"start":{"line":68,"column":2},"end":{"line":68,"column":51}}]},"2":{"loc":{"start":{"line":74,"column":21},"end":{"line":74,"column":64}},"type":"cond-expr","locations":[{"start":{"line":74,"column":51},"end":{"line":74,"column":55}},{"start":{"line":74,"column":55},"end":{"line":74,"column":64}}]},"3":{"loc":{"start":{"line":74,"column":21},"end":{"line":74,"column":55}},"type":"binary-expr","locations":[{"start":{"line":74,"column":21},"end":{"line":74,"column":55}},{"start":{"line":74,"column":51},"end":{"line":74,"column":55}}]},"4":{"loc":{"start":{"line":76,"column":18},"end":{"line":76,"column":55}},"type":"binary-expr","locations":[{"start":{"line":76,"column":18},"end":{"line":76,"column":39}},{"start":{"line":76,"column":43},"end":{"line":76,"column":55}}]},"5":{"loc":{"start":{"line":77,"column":20},"end":{"line":77,"column":95}},"type":"binary-expr","locations":[{"start":{"line":77,"column":20},"end":{"line":77,"column":43}},{"start":{"line":77,"column":48},"end":{"line":77,"column":69}},{"start":{"line":77,"column":73},"end":{"line":77,"column":94}}]},"6":{"loc":{"start":{"line":78,"column":29},"end":{"line":82,"column":24}},"type":"cond-expr","locations":[{"start":{"line":79,"column":6},"end":{"line":79,"column":27}},{"start":{"line":80,"column":6},"end":{"line":82,"column":24}}]},"7":{"loc":{"start":{"line":80,"column":6},"end":{"line":82,"column":24}},"type":"cond-expr","locations":[{"start":{"line":81,"column":9},"end":{"line":81,"column":50}},{"start":{"line":82,"column":8},"end":{"line":82,"column":24}}]},"8":{"loc":{"start":{"line":81,"column":9},"end":{"line":81,"column":50}},"type":"cond-expr","locations":[{"start":{"line":81,"column":30},"end":{"line":81,"column":34}},{"start":{"line":81,"column":34},"end":{"line":81,"column":50}}]},"9":{"loc":{"start":{"line":81,"column":9},"end":{"line":81,"column":34}},"type":"binary-expr","locations":[{"start":{"line":81,"column":9},"end":{"line":81,"column":34}},{"start":{"line":81,"column":30},"end":{"line":81,"column":34}}]},"10":{"loc":{"start":{"line":86,"column":2},"end":{"line":86,"column":59}},"type":"if","locations":[{"start":{"line":86,"column":2},"end":{"line":86,"column":59}}]},"11":{"loc":{"start":{"line":94,"column":2},"end":{"line":104,"column":3}},"type":"if","locations":[{"start":{"line":94,"column":2},"end":{"line":104,"column":3}},{"start":{"line":96,"column":9},"end":{"line":104,"column":3}}]},"12":{"loc":{"start":{"line":106,"column":2},"end":{"line":117,"column":3}},"type":"if","locations":[{"start":{"line":106,"column":2},"end":{"line":117,"column":3}}]},"13":{"loc":{"start":{"line":112,"column":4},"end":{"line":115,"column":5}},"type":"if","locations":[{"start":{"line":112,"column":4},"end":{"line":115,"column":5}}]},"14":{"loc":{"start":{"line":118,"column":2},"end":{"line":118,"column":82}},"type":"if","locations":[{"start":{"line":118,"column":2},"end":{"line":118,"column":82}}]}},"s":{"0":1,"1":1,"2":1,"3":1,"4":1,"5":1,"6":4,"7":25,"8":2,"9":4,"10":92,"11":0,"12":4,"13":8,"14":8,"15":1,"16":7,"17":7,"18":7,"19":7,"20":7,"21":7,"22":7,"23":3,"24":4,"25":4,"26":4,"27":4,"28":0,"29":4,"30":4,"31":4,"32":0,"33":0,"34":4,"35":2,"36":0,"37":0,"38":2,"39":2,"40":1,"41":1},"f":{"0":4,"1":25,"2":2,"3":4,"4":8},"b":{"0":[0],"1":[1],"2":[0,7],"3":[7,7],"4":[7,0],"5":[7,0,0],"6":[0,7],"7":[7,0],"8":[7,0],"9":[7,7],"10":[3],"11":[0,4],"12":[2],"13":[0],"14":[1]}}
,"C:\\Users\\Selet\\source\\repos\\mem0\\mem0\\openmemory\\ui\\lib\\dedup\\verifyDuplicate.ts": {"path":"C:\\Users\\Selet\\source\\repos\\mem0\\mem0\\openmemory\\ui\\lib\\dedup\\verifyDuplicate.ts","statementMap":{"0":{"start":{"line":26,"column":0},"end":{"line":26,"column":22}},"1":{"start":{"line":9,"column":0},"end":{"line":9,"column":47}},"2":{"start":{"line":13,"column":22},"end":{"line":20,"column":69}},"3":{"start":{"line":30,"column":17},"end":{"line":30,"column":31}},"4":{"start":{"line":31,"column":16},"end":{"line":31,"column":112}},"5":{"start":{"line":33,"column":19},"end":{"line":44,"column":4}},"6":{"start":{"line":46,"column":17},"end":{"line":48,"column":18}},"7":{"start":{"line":50,"column":2},"end":{"line":50,"column":49}},"8":{"start":{"line":50,"column":30},"end":{"line":50,"column":49}},"9":{"start":{"line":51,"column":2},"end":{"line":51,"column":51}},"10":{"start":{"line":51,"column":31},"end":{"line":51,"column":51}},"11":{"start":{"line":52,"column":2},"end":{"line":52,"column":21}}},"fnMap":{"0":{"name":"verifyDuplicate","decl":{"start":{"line":26,"column":22},"end":{"line":26,"column":37}},"loc":{"start":{"line":28,"column":24},"end":{"line":53,"column":null}}}},"branchMap":{"0":{"loc":{"start":{"line":31,"column":16},"end":{"line":31,"column":112}},"type":"cond-expr","locations":[{"start":{"line":31,"column":95},"end":{"line":31,"column":99}},{"start":{"line":31,"column":99},"end":{"line":31,"column":112}}]},"1":{"loc":{"start":{"line":31,"column":16},"end":{"line":31,"column":99}},"type":"binary-expr","locations":[{"start":{"line":31,"column":16},"end":{"line":31,"column":99}},{"start":{"line":31,"column":95},"end":{"line":31,"column":99}}]},"2":{"loc":{"start":{"line":31,"column":16},"end":{"line":31,"column":95}},"type":"cond-expr","locations":[{"start":{"line":31,"column":48},"end":{"line":31,"column":52}},{"start":{"line":31,"column":52},"end":{"line":31,"column":95}}]},"3":{"loc":{"start":{"line":31,"column":16},"end":{"line":31,"column":52}},"type":"binary-expr","locations":[{"start":{"line":31,"column":16},"end":{"line":31,"column":52}},{"start":{"line":31,"column":48},"end":{"line":31,"column":52}}]},"4":{"loc":{"start":{"line":46,"column":18},"end":{"line":46,"column":70}},"type":"cond-expr","locations":[{"start":{"line":46,"column":55},"end":{"line":46,"column":59}},{"start":{"line":46,"column":59},"end":{"line":46,"column":70}}]},"5":{"loc":{"start":{"line":46,"column":18},"end":{"line":46,"column":59}},"type":"binary-expr","locations":[{"start":{"line":46,"column":18},"end":{"line":46,"column":59}},{"start":{"line":46,"column":55},"end":{"line":46,"column":59}}]},"6":{"loc":{"start":{"line":46,"column":18},"end":{"line":46,"column":55}},"type":"cond-expr","locations":[{"start":{"line":46,"column":46},"end":{"line":46,"column":48}},{"start":{"line":46,"column":46},"end":{"line":46,"column":55}}]},"7":{"loc":{"start":{"line":46,"column":18},"end":{"line":46,"column":48}},"type":"binary-expr","locations":[{"start":{"line":46,"column":18},"end":{"line":46,"column":48}},{"start":{"line":46,"column":46},"end":{"line":46,"column":48}}]},"8":{"loc":{"start":{"line":46,"column":18},"end":{"line":46,"column":46}},"type":"cond-expr","locations":[{"start":{"line":46,"column":37},"end":{"line":46,"column":39}},{"start":{"line":46,"column":37},"end":{"line":46,"column":46}}]},"9":{"loc":{"start":{"line":46,"column":18},"end":{"line":46,"column":39}},"type":"binary-expr","locations":[{"start":{"line":46,"column":18},"end":{"line":46,"column":39}},{"start":{"line":46,"column":37},"end":{"line":46,"column":39}}]},"10":{"loc":{"start":{"line":50,"column":2},"end":{"line":50,"column":49}},"type":"if","locations":[{"start":{"line":50,"column":2},"end":{"line":50,"column":49}}]},"11":{"loc":{"start":{"line":51,"column":2},"end":{"line":51,"column":51}},"type":"if","locations":[{"start":{"line":51,"column":2},"end":{"line":51,"column":51}}]}},"s":{"0":2,"1":2,"2":2,"3":4,"4":4,"5":4,"6":4,"7":4,"8":1,"9":3,"10":1,"11":2},"f":{"0":4},"b":{"0":[0,4],"1":[4,4],"2":[0,4],"3":[4,4],"4":[4,0],"5":[4,4],"6":[0,4],"7":[4,4],"8":[0,4],"9":[4,4],"10":[1],"11":[1]}}
,"C:\\Users\\Selet\\source\\repos\\mem0\\mem0\\openmemory\\ui\\lib\\embeddings\\openai.ts": {"path":"C:\\Users\\Selet\\source\\repos\\mem0\\mem0\\openmemory\\ui\\lib\\embeddings\\openai.ts","statementMap":{"0":{"start":{"line":70,"column":0},"end":{"line":70,"column":22}},"1":{"start":{"line":79,"column":0},"end":{"line":79,"column":22}},"2":{"start":{"line":88,"column":0},"end":{"line":88,"column":22}},"3":{"start":{"line":27,"column":22},"end":{"line":27,"column":81}},"4":{"start":{"line":32,"column":24},"end":{"line":32,"column":28}},"5":{"start":{"line":35,"column":2},"end":{"line":44,"column":3}},"6":{"start":{"line":36,"column":4},"end":{"line":43,"column":5}},"7":{"start":{"line":37,"column":6},"end":{"line":37,"column":38}},"8":{"start":{"line":37,"column":14},"end":{"line":37,"column":37}},"9":{"start":{"line":38,"column":11},"end":{"line":43,"column":5}},"10":{"start":{"line":39,"column":6},"end":{"line":39,"column":38}},"11":{"start":{"line":39,"column":14},"end":{"line":39,"column":37}},"12":{"start":{"line":42,"column":6},"end":{"line":42,"column":40}},"13":{"start":{"line":42,"column":14},"end":{"line":42,"column":39}},"14":{"start":{"line":45,"column":2},"end":{"line":45,"column":15}},"15":{"start":{"line":50,"column":13},"end":{"line":55,"column":43}},"16":{"start":{"line":57,"column":13},"end":{"line":62,"column":59}},"17":{"start":{"line":71,"column":15},"end":{"line":71,"column":30}},"18":{"start":{"line":72,"column":2},"end":{"line":72,"column":26}},"19":{"start":{"line":80,"column":15},"end":{"line":80,"column":30}},"20":{"start":{"line":81,"column":2},"end":{"line":81,"column":32}},"21":{"start":{"line":96,"column":15},"end":{"line":96,"column":30}},"22":{"start":{"line":97,"column":17},"end":{"line":97,"column":41}},"23":{"start":{"line":98,"column":2},"end":{"line":98,"column":84}}},"fnMap":{"0":{"name":"getImpl","decl":{"start":{"line":34,"column":15},"end":{"line":34,"column":22}},"loc":{"start":{"line":34,"column":22},"end":{"line":46,"column":null}}},"1":{"name":"(anonymous_15)","decl":{"start":{"line":37,"column":14},"end":{"line":37,"column":27}},"loc":{"start":{"line":37,"column":14},"end":{"line":37,"column":37}}},"2":{"name":"(anonymous_16)","decl":{"start":{"line":39,"column":14},"end":{"line":39,"column":27}},"loc":{"start":{"line":39,"column":14},"end":{"line":39,"column":37}}},"3":{"name":"(anonymous_17)","decl":{"start":{"line":42,"column":14},"end":{"line":42,"column":27}},"loc":{"start":{"line":42,"column":14},"end":{"line":42,"column":39}}},"4":{"name":"embed","decl":{"start":{"line":70,"column":22},"end":{"line":70,"column":27}},"loc":{"start":{"line":70,"column":40},"end":{"line":73,"column":null}}},"5":{"name":"embedBatch","decl":{"start":{"line":79,"column":22},"end":{"line":79,"column":32}},"loc":{"start":{"line":79,"column":48},"end":{"line":82,"column":null}}},"6":{"name":"checkEmbeddingHealth","decl":{"start":{"line":88,"column":22},"end":{"line":88,"column":42}},"loc":{"start":{"line":88,"column":42},"end":{"line":99,"column":null}}}},"branchMap":{"0":{"loc":{"start":{"line":27,"column":23},"end":{"line":27,"column":66}},"type":"cond-expr","locations":[{"start":{"line":27,"column":53},"end":{"line":27,"column":57}},{"start":{"line":27,"column":57},"end":{"line":27,"column":66}}]},"1":{"loc":{"start":{"line":27,"column":23},"end":{"line":27,"column":57}},"type":"binary-expr","locations":[{"start":{"line":27,"column":23},"end":{"line":27,"column":57}},{"start":{"line":27,"column":53},"end":{"line":27,"column":57}}]},"2":{"loc":{"start":{"line":35,"column":2},"end":{"line":44,"column":3}},"type":"if","locations":[{"start":{"line":35,"column":2},"end":{"line":44,"column":3}}]},"3":{"loc":{"start":{"line":36,"column":4},"end":{"line":43,"column":5}},"type":"if","locations":[{"start":{"line":36,"column":4},"end":{"line":43,"column":5}},{"start":{"line":38,"column":11},"end":{"line":43,"column":5}}]},"4":{"loc":{"start":{"line":38,"column":11},"end":{"line":43,"column":5}},"type":"if","locations":[{"start":{"line":38,"column":11},"end":{"line":43,"column":5}},{"start":{"line":40,"column":11},"end":{"line":43,"column":5}}]},"5":{"loc":{"start":{"line":51,"column":2},"end":{"line":55,"column":42}},"type":"cond-expr","locations":[{"start":{"line":52,"column":6},"end":{"line":52,"column":38}},{"start":{"line":53,"column":6},"end":{"line":55,"column":42}}]},"6":{"loc":{"start":{"line":53,"column":6},"end":{"line":55,"column":42}},"type":"cond-expr","locations":[{"start":{"line":54,"column":9},"end":{"line":54,"column":75}},{"start":{"line":55,"column":8},"end":{"line":55,"column":42}}]},"7":{"loc":{"start":{"line":54,"column":9},"end":{"line":54,"column":75}},"type":"cond-expr","locations":[{"start":{"line":54,"column":47},"end":{"line":54,"column":51}},{"start":{"line":54,"column":51},"end":{"line":54,"column":75}}]},"8":{"loc":{"start":{"line":54,"column":9},"end":{"line":54,"column":51}},"type":"binary-expr","locations":[{"start":{"line":54,"column":9},"end":{"line":54,"column":51}},{"start":{"line":54,"column":47},"end":{"line":54,"column":51}}]},"9":{"loc":{"start":{"line":58,"column":2},"end":{"line":62,"column":58}},"type":"cond-expr","locations":[{"start":{"line":59,"column":6},"end":{"line":59,"column":55}},{"start":{"line":60,"column":6},"end":{"line":62,"column":58}}]},"10":{"loc":{"start":{"line":59,"column":15},"end":{"line":59,"column":50}},"type":"cond-expr","locations":[{"start":{"line":59,"column":41},"end":{"line":59,"column":45}},{"start":{"line":59,"column":45},"end":{"line":59,"column":50}}]},"11":{"loc":{"start":{"line":59,"column":15},"end":{"line":59,"column":45}},"type":"binary-expr","locations":[{"start":{"line":59,"column":15},"end":{"line":59,"column":45}},{"start":{"line":59,"column":41},"end":{"line":59,"column":45}}]},"12":{"loc":{"start":{"line":60,"column":6},"end":{"line":62,"column":58}},"type":"cond-expr","locations":[{"start":{"line":61,"column":8},"end":{"line":61,"column":58}},{"start":{"line":62,"column":8},"end":{"line":62,"column":58}}]},"13":{"loc":{"start":{"line":61,"column":17},"end":{"line":61,"column":53}},"type":"cond-expr","locations":[{"start":{"line":61,"column":43},"end":{"line":61,"column":47}},{"start":{"line":61,"column":47},"end":{"line":61,"column":53}}]},"14":{"loc":{"start":{"line":61,"column":17},"end":{"line":61,"column":47}},"type":"binary-expr","locations":[{"start":{"line":61,"column":17},"end":{"line":61,"column":47}},{"start":{"line":61,"column":43},"end":{"line":61,"column":47}}]},"15":{"loc":{"start":{"line":62,"column":17},"end":{"line":62,"column":53}},"type":"cond-expr","locations":[{"start":{"line":62,"column":43},"end":{"line":62,"column":47}},{"start":{"line":62,"column":47},"end":{"line":62,"column":53}}]},"16":{"loc":{"start":{"line":62,"column":17},"end":{"line":62,"column":47}},"type":"binary-expr","locations":[{"start":{"line":62,"column":17},"end":{"line":62,"column":47}},{"start":{"line":62,"column":43},"end":{"line":62,"column":47}}]}},"s":{"0":3,"1":3,"2":3,"3":3,"4":3,"5":5,"6":1,"7":0,"8":0,"9":1,"10":0,"11":0,"12":1,"13":1,"14":5,"15":3,"16":3,"17":3,"18":3,"19":1,"20":1,"21":1,"22":1,"23":1},"f":{"0":5,"1":0,"2":0,"3":1,"4":3,"5":1,"6":1},"b":{"0":[0,3],"1":[3,3],"2":[1],"3":[0,1],"4":[0,1],"5":[0,3],"6":[0,3],"7":[0,0],"8":[0,0],"9":[0,3],"10":[0,0],"11":[0,0],"12":[0,3],"13":[0,0],"14":[0,0],"15":[0,3],"16":[3,3]}}
,"C:\\Users\\Selet\\source\\repos\\mem0\\mem0\\openmemory\\ui\\lib\\entities\\extract.ts": {"path":"C:\\Users\\Selet\\source\\repos\\mem0\\mem0\\openmemory\\ui\\lib\\entities\\extract.ts","statementMap":{"0":{"start":{"line":16,"column":0},"end":{"line":16,"column":22}},"1":{"start":{"line":7,"column":0},"end":{"line":7,"column":47}},"2":{"start":{"line":8,"column":0},"end":{"line":8,"column":53}},"3":{"start":{"line":19,"column":17},"end":{"line":19,"column":31}},"4":{"start":{"line":20,"column":16},"end":{"line":20,"column":112}},"5":{"start":{"line":22,"column":2},"end":{"line":39,"column":3}},"6":{"start":{"line":23,"column":21},"end":{"line":31,"column":6}},"7":{"start":{"line":33,"column":16},"end":{"line":33,"column":70}},"8":{"start":{"line":34,"column":19},"end":{"line":34,"column":34}},"9":{"start":{"line":35,"column":4},"end":{"line":35,"column":65}},"10":{"start":{"line":37,"column":4},"end":{"line":37,"column":50}},"11":{"start":{"line":38,"column":4},"end":{"line":38,"column":14}}},"fnMap":{"0":{"name":"extractEntitiesFromMemory","decl":{"start":{"line":16,"column":22},"end":{"line":16,"column":47}},"loc":{"start":{"line":17,"column":17},"end":{"line":40,"column":null}}}},"branchMap":{"0":{"loc":{"start":{"line":20,"column":16},"end":{"line":20,"column":112}},"type":"cond-expr","locations":[{"start":{"line":20,"column":95},"end":{"line":20,"column":99}},{"start":{"line":20,"column":99},"end":{"line":20,"column":112}}]},"1":{"loc":{"start":{"line":20,"column":16},"end":{"line":20,"column":99}},"type":"binary-expr","locations":[{"start":{"line":20,"column":16},"end":{"line":20,"column":99}},{"start":{"line":20,"column":95},"end":{"line":20,"column":99}}]},"2":{"loc":{"start":{"line":20,"column":16},"end":{"line":20,"column":95}},"type":"cond-expr","locations":[{"start":{"line":20,"column":48},"end":{"line":20,"column":52}},{"start":{"line":20,"column":52},"end":{"line":20,"column":95}}]},"3":{"loc":{"start":{"line":20,"column":16},"end":{"line":20,"column":52}},"type":"binary-expr","locations":[{"start":{"line":20,"column":16},"end":{"line":20,"column":52}},{"start":{"line":20,"column":48},"end":{"line":20,"column":52}}]},"4":{"loc":{"start":{"line":33,"column":17},"end":{"line":33,"column":62}},"type":"cond-expr","locations":[{"start":{"line":33,"column":54},"end":{"line":33,"column":58}},{"start":{"line":33,"column":58},"end":{"line":33,"column":62}}]},"5":{"loc":{"start":{"line":33,"column":17},"end":{"line":33,"column":58}},"type":"binary-expr","locations":[{"start":{"line":33,"column":17},"end":{"line":33,"column":58}},{"start":{"line":33,"column":54},"end":{"line":33,"column":58}}]},"6":{"loc":{"start":{"line":33,"column":17},"end":{"line":33,"column":54}},"type":"cond-expr","locations":[{"start":{"line":33,"column":45},"end":{"line":33,"column":47}},{"start":{"line":33,"column":45},"end":{"line":33,"column":54}}]},"7":{"loc":{"start":{"line":33,"column":17},"end":{"line":33,"column":47}},"type":"binary-expr","locations":[{"start":{"line":33,"column":17},"end":{"line":33,"column":47}},{"start":{"line":33,"column":45},"end":{"line":33,"column":47}}]},"8":{"loc":{"start":{"line":33,"column":17},"end":{"line":33,"column":45}},"type":"cond-expr","locations":[{"start":{"line":33,"column":36},"end":{"line":33,"column":38}},{"start":{"line":33,"column":36},"end":{"line":33,"column":45}}]},"9":{"loc":{"start":{"line":33,"column":17},"end":{"line":33,"column":38}},"type":"binary-expr","locations":[{"start":{"line":33,"column":17},"end":{"line":33,"column":38}},{"start":{"line":33,"column":36},"end":{"line":33,"column":38}}]},"10":{"loc":{"start":{"line":35,"column":11},"end":{"line":35,"column":64}},"type":"cond-expr","locations":[{"start":{"line":35,"column":44},"end":{"line":35,"column":59}},{"start":{"line":35,"column":62},"end":{"line":35,"column":64}}]}},"s":{"0":2,"1":2,"2":2,"3":4,"4":4,"5":4,"6":4,"7":3,"8":3,"9":2,"10":2,"11":2},"f":{"0":4},"b":{"0":[0,4],"1":[4,4],"2":[0,4],"3":[4,4],"4":[3,0],"5":[3,3],"6":[0,3],"7":[3,3],"8":[0,3],"9":[3,3],"10":[2,0]}}
,"C:\\Users\\Selet\\source\\repos\\mem0\\mem0\\openmemory\\ui\\lib\\entities\\link.ts": {"path":"C:\\Users\\Selet\\source\\repos\\mem0\\mem0\\openmemory\\ui\\lib\\entities\\link.ts","statementMap":{"0":{"start":{"line":11,"column":0},"end":{"line":11,"column":22}},"1":{"start":{"line":6,"column":0},"end":{"line":6,"column":45}},"2":{"start":{"line":12,"column":2},"end":{"line":25,"column":null}},"3":{"start":{"line":17,"column":2},"end":{"line":24,"column":4}}},"fnMap":{"0":{"name":"linkMemoryToEntity","decl":{"start":{"line":11,"column":22},"end":{"line":11,"column":40}},"loc":{"start":{"line":11,"column":40},"end":{"line":25,"column":null}}},"1":{"name":"(anonymous_8)","decl":{"start":{"line":12,"column":2},"end":{"line":12,"column":18}},"loc":{"start":{"line":15,"column":26},"end":{"line":25,"column":1}}}},"branchMap":{"0":{"loc":{"start":{"line":14,"column":2},"end":{"line":14,"column":26}},"type":"default-arg","locations":[{"start":{"line":14,"column":17},"end":{"line":14,"column":26}}]},"1":{"loc":{"start":{"line":15,"column":2},"end":{"line":15,"column":26}},"type":"default-arg","locations":[{"start":{"line":15,"column":23},"end":{"line":15,"column":26}}]}},"s":{"0":1,"1":1,"2":0,"3":0},"f":{"0":0,"1":0},"b":{"0":[0],"1":[0]}}
[...]
rt":{"line":81,"column":2},"end":{"line":81,"column":34}}]},"12":{"loc":{"start":{"line":99,"column":6},"end":{"line":99,"column":28}},"type":"if","locations":[{"start":{"line":99,"column":6},"end":{"line":99,"column":28}}]},"13":{"loc":{"start":{"line":103,"column":20},"end":{"line":103,"column":54}},"type":"cond-expr","locations":[{"start":{"line":103,"column":48},"end":{"line":103,"column":52}},{"start":{"line":103,"column":52},"end":{"line":103,"column":54}}]},"14":{"loc":{"start":{"line":103,"column":20},"end":{"line":103,"column":52}},"type":"binary-expr","locations":[{"start":{"line":103,"column":20},"end":{"line":103,"column":52}},{"start":{"line":103,"column":48},"end":{"line":103,"column":52}}]},"15":{"loc":{"start":{"line":104,"column":19},"end":{"line":104,"column":50}},"type":"cond-expr","locations":[{"start":{"line":104,"column":44},"end":{"line":104,"column":48}},{"start":{"line":104,"column":48},"end":{"line":104,"column":50}}]},"16":{"loc":{"start":{"line":104,"column":19},"end":{"line":104,"column":48}},"type":"binary-expr","locations":[{"start":{"line":104,"column":19},"end":{"line":104,"column":48}},{"start":{"line":104,"column":44},"end":{"line":104,"column":48}}]},"17":{"loc":{"start":{"line":105,"column":17},"end":{"line":105,"column":55}},"type":"cond-expr","locations":[{"start":{"line":105,"column":47},"end":{"line":105,"column":51}},{"start":{"line":105,"column":51},"end":{"line":105,"column":55}}]},"18":{"loc":{"start":{"line":105,"column":17},"end":{"line":105,"column":51}},"type":"binary-expr","locations":[{"start":{"line":105,"column":17},"end":{"line":105,"column":51}},{"start":{"line":105,"column":47},"end":{"line":105,"column":51}}]},"19":{"loc":{"start":{"line":110,"column":21},"end":{"line":110,"column":44}},"type":"cond-expr","locations":[{"start":{"line":110,"column":36},"end":{"line":110,"column":40}},{"start":{"line":110,"column":40},"end":{"line":110,"column":44}}]},"20":{"loc":{"start":{"line":110,"column":21},"end":{"line":110,"column":40}},"type":"binary-expr","locations":[{"start":{"line":110,"column":21},"end":{"line":110,"column":40}},{"start":{"line":110,"column":36},"end":{"line":110,"column":40}}]},"21":{"loc":{"start":{"line":112,"column":2},"end":{"line":120,"column":3}},"type":"if","locations":[{"start":{"line":112,"column":2},"end":{"line":120,"column":3}}]},"22":{"loc":{"start":{"line":122,"column":2},"end":{"line":128,"column":3}},"type":"if","locations":[{"start":{"line":122,"column":2},"end":{"line":128,"column":3}}]}},"s":{"0":5,"1":5,"2":5,"3":5,"4":5,"5":5,"6":5,"7":0,"8":0,"9":5,"10":1,"11":1,"12":4,"13":1,"14":1,"15":3,"16":5,"17":8,"18":5,"19":0,"20":5,"21":5,"22":4,"23":5,"24":8,"25":8,"26":4,"27":4,"28":8,"29":5,"30":5,"31":0,"32":0,"33":0,"34":5,"35":0,"36":0,"37":5},"f":{"0":5,"1":0,"2":1,"3":1,"4":8,"5":4,"6":8,"7":8,"8":0,"9":0},"b":{"0":[0],"1":[0],"2":[5],"3":[4,1],"4":[0,0],"5":[0,0],"6":[0,0],"7":[0,0],"8":[4,1],"9":[1,4],"10":[1,3],"11":[0],"12":[4],"13":[4,0],"14":[4,4],"15":[4,0],"16":[4,4],"17":[1,3],"18":[4,1],"19":[0,5],"20":[5,5],"21":[0],"22":[0]}}
,"C:\\Users\\Selet\\source\\repos\\mem0\\mem0\\openmemory\\ui\\lib\\search\\mmr.ts": {"path":"C:\\Users\\Selet\\source\\repos\\mem0\\mem0\\openmemory\\ui\\lib\\search\\mmr.ts","statementMap":{"0":{"start":{"line":25,"column":0},"end":{"line":25,"column":16}},"1":{"start":{"line":30,"column":2},"end":{"line":32,"column":3}},"2":{"start":{"line":31,"column":4},"end":{"line":31,"column":73}},"3":{"start":{"line":31,"column":42},"end":{"line":31,"column":71}},"4":{"start":{"line":34,"column":24},"end":{"line":34,"column":26}},"5":{"start":{"line":35,"column":20},"end":{"line":35,"column":81}},"6":{"start":{"line":35,"column":51},"end":{"line":35,"column":80}},"7":{"start":{"line":38,"column":2},"end":{"line":38,"column":36}},"8":{"start":{"line":40,"column":2},"end":{"line":70,"column":3}},"9":{"start":{"line":41,"column":20},"end":{"line":41,"column":29}},"10":{"start":{"line":42,"column":18},"end":{"line":42,"column":19}},"11":{"start":{"line":44,"column":4},"end":{"line":67,"column":5}},"12":{"start":{"line":44,"column":17},"end":{"line":44,"column":18}},"13":{"start":{"line":45,"column":16},"end":{"line":45,"column":28}},"14":{"start":{"line":46,"column":24},"end":{"line":46,"column":37}},"15":{"start":{"line":50,"column":6},"end":{"line":60,"column":7}},"16":{"start":{"line":50,"column":46},"end":{"line":50,"column":57}},"17":{"start":{"line":51,"column":8},"end":{"line":55,"column":10}},"18":{"start":{"line":53,"column":12},"end":{"line":53,"column":74}},"19":{"start":{"line":59,"column":8},"end":{"line":59,"column":67}},"20":{"start":{"line":62,"column":23},"end":{"line":62,"column":65}},"21":{"start":{"line":63,"column":6},"end":{"line":66,"column":7}},"22":{"start":{"line":64,"column":8},"end":{"line":64,"column":29}},"23":{"start":{"line":65,"column":8},"end":{"line":65,"column":20}},"24":{"start":{"line":69,"column":4},"end":{"line":69,"column":51}},"25":{"start":{"line":72,"column":2},"end":{"line":72,"column":18}},"26":{"start":{"line":78,"column":14},"end":{"line":78,"column":59}},"27":{"start":{"line":78,"column":36},"end":{"line":78,"column":57}},"28":{"start":{"line":79,"column":16},"end":{"line":79,"column":59}},"29":{"start":{"line":79,"column":45},"end":{"line":79,"column":54}},"30":{"start":{"line":80,"column":16},"end":{"line":80,"column":59}},"31":{"start":{"line":80,"column":45},"end":{"line":80,"column":54}},"32":{"start":{"line":81,"column":2},"end":{"line":81,"column":36}}},"fnMap":{"0":{"name":"mmrRerank","decl":{"start":{"line":25,"column":16},"end":{"line":25,"column":25}},"loc":{"start":{"line":28,"column":22},"end":{"line":73,"column":1}}},"1":{"name":"(anonymous_1)","decl":{"start":{"line":31,"column":32},"end":{"line":31,"column":33}},"loc":{"start":{"line":31,"column":42},"end":{"line":31,"column":71}}},"2":{"name":"(anonymous_2)","decl":{"start":{"line":35,"column":41},"end":{"line":35,"column":42}},"loc":{"start":{"line":35,"column":51},"end":{"line":35,"column":80}}},"3":{"name":"(anonymous_3)","decl":{"start":{"line":50,"column":39},"end":{"line":50,"column":40}},"loc":{"start":{"line":50,"column":46},"end":{"line":50,"column":57}}},"4":{"name":"(anonymous_4)","decl":{"start":{"line":52,"column":26},"end":{"line":52,"column":27}},"loc":{"start":{"line":53,"column":12},"end":{"line":53,"column":74}}},"5":{"name":"cosineSimilarity","decl":{"start":{"line":77,"column":9},"end":{"line":77,"column":25}},"loc":{"start":{"line":77,"column":50},"end":{"line":82,"column":1}}},"6":{"name":"(anonymous_6)","decl":{"start":{"line":78,"column":23},"end":{"line":78,"column":24}},"loc":{"start":{"line":78,"column":35},"end":{"line":78,"column":57}}},"7":{"name":"(anonymous_7)","decl":{"start":{"line":79,"column":35},"end":{"line":79,"column":36}},"loc":{"start":{"line":79,"column":45},"end":{"line":79,"column":54}}},"8":{"name":"(anonymous_8)","decl":{"start":{"line":80,"column":35},"end":{"line":80,"column":36}},"loc":{"start":{"line":80,"column":45},"end":{"line":80,"column":54}}}},"branchMap":{"0":{"loc":{"start":{"line":28,"column":2},"end":{"line":28,"column":22}},"type":"default-arg","locations":[{"start":{"line":28,"column":19},"end":{"line":28,"column":22}}]},"1":{"loc":{"start":{"line":30,"column":2},"end":{"line":32,"column":3}},"type":"if","locations":[{"start":{"line":30,"column":2},"end":{"line":32,"column":3}}]},"2":{"loc":{"start":{"line":40,"column":9},"end":{"line":40,"column":55}},"type":"binary-expr","locations":[{"start":{"line":40,"column":9},"end":{"line":40,"column":31}},{"start":{"line":40,"column":35},"end":{"line":40,"column":55}}]},"3":{"loc":{"start":{"line":50,"column":6},"end":{"line":60,"column":7}},"type":"if","locations":[{"start":{"line":50,"column":6},"end":{"line":60,"column":7}},{"start":{"line":56,"column":13},"end":{"line":60,"column":7}}]},"4":{"loc":{"start":{"line":50,"column":10},"end":{"line":50,"column":58}},"type":"binary-expr","locations":[{"start":{"line":50,"column":10},"end":{"line":50,"column":21}},{"start":{"line":50,"column":25},"end":{"line":50,"column":58}}]},"5":{"loc":{"start":{"line":53,"column":12},"end":{"line":53,"column":74}},"type":"cond-expr","locations":[{"start":{"line":53,"column":26},"end":{"line":53,"column":70}},{"start":{"line":53,"column":73},"end":{"line":53,"column":74}}]},"6":{"loc":{"start":{"line":63,"column":6},"end":{"line":66,"column":7}},"type":"if","locations":[{"start":{"line":63,"column":6},"end":{"line":66,"column":7}}]},"7":{"loc":{"start":{"line":78,"column":45},"end":{"line":78,"column":54}},"type":"cond-expr","locations":[{"start":{"line":78,"column":49},"end":{"line":78,"column":53}},{"start":{"line":78,"column":53},"end":{"line":78,"column":54}}]},"8":{"loc":{"start":{"line":78,"column":45},"end":{"line":78,"column":53}},"type":"binary-expr","locations":[{"start":{"line":78,"column":45},"end":{"line":78,"column":53}},{"start":{"line":78,"column":49},"end":{"line":78,"column":53}}]},"9":{"loc":{"start":{"line":81,"column":16},"end":{"line":81,"column":34}},"type":"binary-expr","locations":[{"start":{"line":81,"column":16},"end":{"line":81,"column":29}},{"start":{"line":81,"column":33},"end":{"line":81,"column":34}}]}},"s":{"0":1,"1":3,"2":2,"3":3,"4":1,"5":1,"6":2,"7":1,"8":1,"9":1,"10":1,"11":1,"12":1,"13":2,"14":2,"15":2,"16":2,"17":2,"18":2,"19":0,"20":2,"21":2,"22":2,"23":2,"24":1,"25":1,"26":2,"27":8,"28":2,"29":8,"30":2,"31":8,"32":2},"f":{"0":3,"1":3,"2":2,"3":2,"4":2,"5":2,"6":8,"7":8,"8":8},"b":{"0":[1],"1":[2],"2":[2,1],"3":[2,0],"4":[2,2],"5":[2,0],"6":[2],"7":[8,0],"8":[8,8],"9":[2,0]}}
,"C:\\Users\\Selet\\source\\repos\\mem0\\mem0\\openmemory\\ui\\lib\\search\\rerank.ts": {"path":"C:\\Users\\Selet\\source\\repos\\mem0\\mem0\\openmemory\\ui\\lib\\search\\rerank.ts","statementMap":{"0":{"start":{"line":46,"column":0},"end":{"line":46,"column":22}},"1":{"start":{"line":10,"column":0},"end":{"line":10,"column":47}},"2":{"start":{"line":11,"column":0},"end":{"line":11,"column":49}},"3":{"start":{"line":27,"column":22},"end":{"line":37,"column":42}},"4":{"start":{"line":47,"column":2},"end":{"line":92,"column":null}},"5":{"start":{"line":52,"column":17},"end":{"line":52,"column":31}},"6":{"start":{"line":54,"column":4},"end":{"line":56,"column":17}},"7":{"start":{"line":58,"column":14},"end":{"line":58,"column":40}},"8":{"start":{"line":60,"column":17},"end":{"line":86,"column":null}},"9":{"start":{"line":62,"column":6},"end":{"line":85,"column":8}},"10":{"start":{"line":62,"column":25},"end":{"line":85,"column":8}},"11":{"start":{"line":63,"column":8},"end":{"line":84,"column":9}},"12":{"start":{"line":64,"column":27},"end":{"line":75,"column":12}},"13":{"start":{"line":77,"column":22},"end":{"line":79,"column":18}},"14":{"start":{"line":80,"column":24},"end":{"line":80,"column":73}},"15":{"start":{"line":81,"column":10},"end":{"line":81,"column":70}},"16":{"start":{"line":83,"column":10},"end":{"line":83,"column":66}},"17":{"start":{"line":89,"column":2},"end":{"line":91,"column":20}},"18":{"start":{"line":90,"column":20},"end":{"line":90,"column":49}}},"fnMap":{"0":{"name":"crossEncoderRerank","decl":{"start":{"line":46,"column":22},"end":{"line":46,"column":40}},"loc":{"start":{"line":46,"column":40},"end":{"line":92,"column":null}}},"1":{"name":"(anonymous_8)","decl":{"start":{"line":47,"column":2},"end":{"line":47,"column":15}},"loc":{"start":{"line":50,"column":25},"end":{"line":92,"column":1}}},"2":{"name":"(anonymous_9)","decl":{"start":{"line":61,"column":19},"end":{"line":61,"column":20}},"loc":{"start":{"line":62,"column":6},"end":{"line":85,"column":8}}},"3":{"name":"(anonymous_10)","decl":{"start":{"line":62,"column":14},"end":{"line":62,"column":23}},"loc":{"start":{"line":62,"column":25},"end":{"line":85,"column":8}}},"4":{"name":"(anonymous_11)","decl":{"start":{"line":62,"column":25},"end":{"line":62,"column":null}},"loc":{"start":{"line":62,"column":25},"end":{"line":85,"column":7}}},"5":{"name":"(anonymous_12)","decl":{"start":{"line":90,"column":10},"end":{"line":90,"column":11}},"loc":{"start":{"line":90,"column":20},"end":{"line":90,"column":49}}}},"branchMap":{"0":{"loc":{"start":{"line":49,"column":2},"end":{"line":49,"column":19}},"type":"default-arg","locations":[{"start":{"line":49,"column":17},"end":{"line":49,"column":19}}]},"1":{"loc":{"start":{"line":50,"column":2},"end":{"line":50,"column":25}},"type":"default-arg","locations":[{"start":{"line":50,"column":24},"end":{"line":50,"column":25}}]},"2":{"loc":{"start":{"line":54,"column":4},"end":{"line":56,"column":17}},"type":"cond-expr","locations":[{"start":{"line":55,"column":47},"end":{"line":55,"column":null}},{"start":{"line":56,"column":4},"end":{"line":56,"column":17}}]},"3":{"loc":{"start":{"line":54,"column":4},"end":{"line":55,"column":null}},"type":"binary-expr","locations":[{"start":{"line":54,"column":4},"end":{"line":55,"column":null}},{"start":{"line":55,"column":47},"end":{"line":55,"column":null}}]},"4":{"loc":{"start":{"line":54,"column":4},"end":{"line":55,"column":47}},"type":"cond-expr","locations":[{"start":{"line":54,"column":35},"end":{"line":54,"column":null}},{"start":{"line":55,"column":4},"end":{"line":55,"column":47}}]},"5":{"loc":{"start":{"line":54,"column":4},"end":{"line":54,"column":null}},"type":"binary-expr","locations":[{"start":{"line":54,"column":4},"end":{"line":54,"column":null}},{"start":{"line":54,"column":35},"end":{"line":54,"column":null}}]},"6":{"loc":{"start":{"line":78,"column":12},"end":{"line":78,"column":56}},"type":"cond-expr","locations":[{"start":{"line":78,"column":49},"end":{"line":78,"column":53}},{"start":{"line":78,"column":53},"end":{"line":78,"column":56}}]},"7":{"loc":{"start":{"line":78,"column":12},"end":{"line":78,"column":53}},"type":"binary-expr","locations":[{"start":{"line":78,"column":12},"end":{"line":78,"column":53}},{"start":{"line":78,"column":49},"end":{"line":78,"column":53}}]},"8":{"loc":{"start":{"line":78,"column":12},"end":{"line":78,"column":49}},"type":"cond-expr","locations":[{"start":{"line":78,"column":40},"end":{"line":78,"column":42}},{"start":{"line":78,"column":40},"end":{"line":78,"column":49}}]},"9":{"loc":{"start":{"line":78,"column":12},"end":{"line":78,"column":42}},"type":"binary-expr","locations":[{"start":{"line":78,"column":12},"end":{"line":78,"column":42}},{"start":{"line":78,"column":40},"end":{"line":78,"column":42}}]},"10":{"loc":{"start":{"line":78,"column":12},"end":{"line":78,"column":40}},"type":"cond-expr","locations":[{"start":{"line":78,"column":31},"end":{"line":78,"column":33}},{"start":{"line":78,"column":31},"end":{"line":78,"column":40}}]},"11":{"loc":{"start":{"line":78,"column":12},"end":{"line":78,"column":33}},"type":"binary-expr","locations":[{"start":{"line":78,"column":12},"end":{"line":78,"column":33}},{"start":{"line":78,"column":31},"end":{"line":78,"column":33}}]},"12":{"loc":{"start":{"line":80,"column":49},"end":{"line":80,"column":71}},"type":"binary-expr","locations":[{"start":{"line":80,"column":49},"end":{"line":80,"column":66}},{"start":{"line":80,"column":70},"end":{"line":80,"column":71}}]}},"s":{"0":1,"1":1,"2":1,"3":1,"4":4,"5":4,"6":4,"7":4,"8":4,"9":16,"10":16,"11":16,"12":16,"13":15,"14":15,"15":15,"16":1,"17":4,"18":18},"f":{"0":4,"1":4,"2":16,"3":16,"4":16,"5":18},"b":{"0":[0],"1":[4],"2":[0,4],"3":[4,4],"4":[0,4],"5":[4,4],"6":[15,0],"7":[15,15],"8":[0,15],"9":[15,15],"10":[0,15],"11":[15,15],"12":[15,3]}}
,"C:\\Users\\Selet\\source\\repos\\mem0\\mem0\\openmemory\\ui\\lib\\search\\rrf.ts": {"path":"C:\\Users\\Selet\\source\\repos\\mem0\\mem0\\openmemory\\ui\\lib\\search\\rrf.ts","statementMap":{"0":{"start":{"line":33,"column":0},"end":{"line":33,"column":16}},"1":{"start":{"line":24,"column":10},"end":{"line":24,"column":12}},"2":{"start":{"line":38,"column":17},"end":{"line":38,"column":null}},"3":{"start":{"line":43,"column":2},"end":{"line":48,"column":3}},"4":{"start":{"line":44,"column":18},"end":{"line":44,"column":84}},"5":{"start":{"line":45,"column":4},"end":{"line":45,"column":28}},"6":{"start":{"line":46,"column":4},"end":{"line":46,"column":36}},"7":{"start":{"line":47,"column":4},"end":{"line":47,"column":28}},"8":{"start":{"line":50,"column":2},"end":{"line":55,"column":3}},"9":{"start":{"line":51,"column":18},"end":{"line":51,"column":84}},"10":{"start":{"line":52,"column":4},"end":{"line":52,"column":30}},"11":{"start":{"line":53,"column":4},"end":{"line":53,"column":36}},"12":{"start":{"line":54,"column":4},"end":{"line":54,"column":28}},"13":{"start":{"line":57,"column":2},"end":{"line":65,"column":20}},"14":{"start":{"line":58,"column":26},"end":{"line":63,"column":6}},"15":{"start":{"line":64,"column":20},"end":{"line":64,"column":43}}},"fnMap":{"0":{"name":"reciprocalRankFusion","decl":{"start":{"line":33,"column":16},"end":{"line":33,"column":36}},"loc":{"start":{"line":36,"column":11},"end":{"line":66,"column":1}}},"1":{"name":"(anonymous_1)","decl":{"start":{"line":58,"column":9},"end":{"line":58,"column":10}},"loc":{"start":{"line":58,"column":26},"end":{"line":63,"column":6}}},"2":{"name":"(anonymous_2)","decl":{"start":{"line":64,"column":10},"end":{"line":64,"column":11}},"loc":{"start":{"line":64,"column":20},"end":{"line":64,"column":43}}}},"branchMap":{"0":{"loc":{"start":{"line":36,"column":2},"end":{"line":36,"column":11}},"type":"default-arg","locations":[{"start":{"line":36,"column":9},"end":{"line":36,"column":11}}]},"1":{"loc":{"start":{"line":44,"column":18},"end":{"line":44,"column":84}},"type":"cond-expr","locations":[{"start":{"line":44,"column":34},"end":{"line":44,"column":38}},{"start":{"line":44,"column":38},"end":{"line":44,"column":84}}]},"2":{"loc":{"start":{"line":44,"column":18},"end":{"line":44,"column":38}},"type":"binary-expr","locations":[{"start":{"line":44,"column":18},"end":{"line":44,"column":38}},{"start":{"line":44,"column":34},"end":{"line":44,"column":38}}]},"3":{"loc":{"start":{"line":51,"column":18},"end":{"line":51,"column":84}},"type":"cond-expr","locations":[{"start":{"line":51,"column":34},"end":{"line":51,"column":38}},{"start":{"line":51,"column":38},"end":{"line":51,"column":84}}]},"4":{"loc":{"start":{"line":51,"column":18},"end":{"line":51,"column":38}},"type":"binary-expr","locations":[{"start":{"line":51,"column":18},"end":{"line":51,"column":38}},{"start":{"line":51,"column":34},"end":{"line":51,"column":38}}]}},"s":{"0":10,"1":10,"2":8,"3":8,"4":13,"5":13,"6":13,"7":13,"8":8,"9":13,"10":13,"11":13,"12":13,"13":8,"14":23,"15":27},"f":{"0":8,"1":23,"2":27},"b":{"0":[0],"1":[0,13],"2":[13,13],"3":[3,10],"4":[13,13]}}
,"C:\\Users\\Selet\\source\\repos\\mem0\\mem0\\openmemory\\ui\\lib\\search\\text.ts": {"path":"C:\\Users\\Selet\\source\\repos\\mem0\\mem0\\openmemory\\ui\\lib\\search\\text.ts","statementMap":{"0":{"start":{"line":30,"column":0},"end":{"line":30,"column":22}},"1":{"start":{"line":15,"column":0},"end":{"line":15,"column":44}},"2":{"start":{"line":31,"column":2},"end":{"line":44,"column":null}},"3":{"start":{"line":35,"column":18},"end":{"line":41,"column":null}},"4":{"start":{"line":43,"column":2},"end":{"line":43,"column":70}},"5":{"start":{"line":43,"column":32},"end":{"line":43,"column":67}}},"fnMap":{"0":{"name":"textSearch","decl":{"start":{"line":30,"column":22},"end":{"line":30,"column":32}},"loc":{"start":{"line":30,"column":32},"end":{"line":44,"column":null}}},"1":{"name":"(anonymous_8)","decl":{"start":{"line":31,"column":2},"end":{"line":31,"column":15}},"loc":{"start":{"line":33,"column":12},"end":{"line":44,"column":1}}},"2":{"name":"(anonymous_9)","decl":{"start":{"line":43,"column":21},"end":{"line":43,"column":22}},"loc":{"start":{"line":43,"column":32},"end":{"line":43,"column":67}}}},"branchMap":{"0":{"loc":{"start":{"line":33,"column":2},"end":{"line":33,"column":12}},"type":"default-arg","locations":[{"start":{"line":33,"column":10},"end":{"line":33,"column":12}}]}},"s":{"0":5,"1":5,"2":5,"3":5,"4":5,"5":4},"f":{"0":5,"1":5,"2":4},"b":{"0":[5]}}
}
