{"C:\\Users\\Selet\\source\\repos\\mem0\\mem0\\openmemory\\ui\\lib\\db\\memgraph.ts": {"path":"C:\\Users\\Selet\\source\\repos\\mem0\\mem0\\openmemory\\ui\\lib\\db\\memgraph.ts","statementMap":{"0":{"start":{"line":20,"column":0},"end":{"line":20,"column":16}},"1":{"start":{"line":36,"column":0},"end":{"line":36,"column":22}},"2":{"start":{"line":70,"column":0},"end":{"line":70,"column":22}},"3":{"start":{"line":84,"column":0},"end":{"line":84,"column":22}},"4":{"start":{"line":160,"column":0},"end":{"line":160,"column":22}},"5":{"start":{"line":197,"column":0},"end":{"line":197,"column":22}},"6":{"start":{"line":249,"column":0},"end":{"line":249,"column":22}},"7":{"start":{"line":12,"column":0},"end":{"line":12,"column":68}},"8":{"start":{"line":18,"column":29},"end":{"line":18,"column":33}},"9":{"start":{"line":21,"column":2},"end":{"line":31,"column":3}},"10":{"start":{"line":22,"column":16},"end":{"line":22,"column":67}},"11":{"start":{"line":23,"column":17},"end":{"line":23,"column":48}},"12":{"start":{"line":24,"column":17},"end":{"line":24,"column":52}},"13":{"start":{"line":25,"column":4},"end":{"line":30,"column":7}},"14":{"start":{"line":32,"column":2},"end":{"line":32,"column":17}},"15":{"start":{"line":37,"column":2},"end":{"line":40,"column":3}},"16":{"start":{"line":38,"column":4},"end":{"line":38,"column":26}},"17":{"start":{"line":39,"column":4},"end":{"line":39,"column":19}},"18":{"start":{"line":48,"column":2},"end":{"line":50,"column":4}},"19":{"start":{"line":49,"column":27},"end":{"line":49,"column":63}},"20":{"start":{"line":60,"column":2},"end":{"line":62,"column":61}},"21":{"start":{"line":71,"column":2},"end":{"line":81,"column":null}},"22":{"start":{"line":74,"column":18},"end":{"line":74,"column":68}},"23":{"start":{"line":75,"column":2},"end":{"line":80,"column":3}},"24":{"start":{"line":76,"column":19},"end":{"line":76,"column":67}},"25":{"start":{"line":77,"column":4},"end":{"line":77,"column":52}},"26":{"start":{"line":79,"column":4},"end":{"line":79,"column":26}},"27":{"start":{"line":85,"column":2},"end":{"line":95,"column":null}},"28":{"start":{"line":88,"column":18},"end":{"line":88,"column":69}},"29":{"start":{"line":89,"column":2},"end":{"line":94,"column":3}},"30":{"start":{"line":90,"column":19},"end":{"line":90,"column":67}},"31":{"start":{"line":91,"column":4},"end":{"line":91,"column":52}},"32":{"start":{"line":93,"column":4},"end":{"line":93,"column":26}},"33":{"start":{"line":112,"column":19},"end":{"line":112,"column":78}},"34":{"start":{"line":114,"column":2},"end":{"line":116,"column":27}},"35":{"start":{"line":114,"column":28},"end":{"line":114,"column":47}},"36":{"start":{"line":115,"column":7},"end":{"line":116,"column":27}},"37":{"start":{"line":115,"column":33},"end":{"line":115,"column":53}},"38":{"start":{"line":116,"column":7},"end":{"line":116,"column":27}},"39":{"start":{"line":117,"column":2},"end":{"line":117,"column":64}},"40":{"start":{"line":121,"column":14},"end":{"line":121,"column":31}},"41":{"start":{"line":122,"column":2},"end":{"line":151,"column":4}},"42":{"start":{"line":161,"column":2},"end":{"line":179,"column":3}},"43":{"start":{"line":162,"column":4},"end":{"line":178,"column":5}},"44":{"start":{"line":163,"column":6},"end":{"line":163,"column":31}},"45":{"start":{"line":169,"column":18},"end":{"line":169,"column":66}},"46":{"start":{"line":171,"column":8},"end":{"line":173,"column":36}},"47":{"start":{"line":174,"column":6},"end":{"line":177,"column":7}},"48":{"start":{"line":175,"column":8},"end":{"line":175,"column":74}},"49":{"start":{"line":176,"column":8},"end":{"line":176,"column":18}},"50":{"start":{"line":180,"column":2},"end":{"line":180,"column":30}},"51":{"start":{"line":187,"column":27},"end":{"line":187,"column":32}},"52":{"start":{"line":198,"column":2},"end":{"line":198,"column":35}},"53":{"start":{"line":198,"column":28},"end":{"line":198,"column":35}},"54":{"start":{"line":200,"column":2},"end":{"line":232,"column":3}},"55":{"start":{"line":201,"column":17},"end":{"line":202,"column":null}},"56":{"start":{"line":204,"column":26},"end":{"line":205,"column":null}},"57":{"start":{"line":205,"column":22},"end":{"line":205,"column":67}},"58":{"start":{"line":208,"column":16},"end":{"line":208,"column":33}},"59":{"start":{"line":210,"column":4},"end":{"line":217,"column":5}},"60":{"start":{"line":211,"column":6},"end":{"line":211,"column":87}},"61":{"start":{"line":212,"column":6},"end":{"line":216,"column":8}},"62":{"start":{"line":219,"column":4},"end":{"line":226,"column":5}},"63":{"start":{"line":220,"column":6},"end":{"line":220,"column":87}},"64":{"start":{"line":221,"column":6},"end":{"line":225,"column":8}},"65":{"start":{"line":228,"column":4},"end":{"line":228,"column":32}},"66":{"start":{"line":231,"column":4},"end":{"line":231,"column":98}},"67":{"start":{"line":250,"column":15},"end":{"line":254,"column":null}},"68":{"start":{"line":256,"column":2},"end":{"line":256,"column":79}},"69":{"start":{"line":256,"column":20},"end":{"line":256,"column":79}},"70":{"start":{"line":257,"column":2},"end":{"line":257,"column":40}}},"fnMap":{"0":{"name":"getDriver","decl":{"start":{"line":20,"column":16},"end":{"line":20,"column":25}},"loc":{"start":{"line":20,"column":25},"end":{"line":33,"column":1}}},"1":{"name":"closeDriver","decl":{"start":{"line":36,"column":22},"end":{"line":36,"column":33}},"loc":{"start":{"line":36,"column":33},"end":{"line":41,"column":null}}},"2":{"name":"toPlainObject","decl":{"start":{"line":47,"column":9},"end":{"line":47,"column":22}},"loc":{"start":{"line":47,"column":42},"end":{"line":51,"column":1}}},"3":{"name":"(anonymous_12)","decl":{"start":{"line":49,"column":20},"end":{"line":49,"column":21}},"loc":{"start":{"line":49,"column":27},"end":{"line":49,"column":63}}},"4":{"name":"wrapSkipLimit","decl":{"start":{"line":59,"column":9},"end":{"line":59,"column":22}},"loc":{"start":{"line":59,"column":37},"end":{"line":63,"column":1}}},"5":{"name":"runRead","decl":{"start":{"line":70,"column":22},"end":{"line":70,"column":29}},"loc":{"start":{"line":70,"column":29},"end":{"line":81,"column":null}}},"6":{"name":"(anonymous_15)","decl":{"start":{"line":71,"column":2},"end":{"line":71,"column":16}},"loc":{"start":{"line":72,"column":38},"end":{"line":81,"column":1}}},"7":{"name":"runWrite","decl":{"start":{"line":84,"column":22},"end":{"line":84,"column":30}},"loc":{"start":{"line":84,"column":30},"end":{"line":95,"column":null}}},"8":{"name":"(anonymous_17)","decl":{"start":{"line":85,"column":2},"end":{"line":85,"column":16}},"loc":{"start":{"line":86,"column":38},"end":{"line":95,"column":1}}},"9":{"name":"resolveEmbedDim","decl":{"start":{"line":111,"column":9},"end":{"line":111,"column":24}},"loc":{"start":{"line":111,"column":24},"end":{"line":118,"column":1}}},"10":{"name":"getSchemaStatements","decl":{"start":{"line":120,"column":9},"end":{"line":120,"column":28}},"loc":{"start":{"line":120,"column":28},"end":{"line":152,"column":1}}},"11":{"name":"initSchema","decl":{"start":{"line":160,"column":22},"end":{"line":160,"column":32}},"loc":{"start":{"line":160,"column":32},"end":{"line":181,"column":null}}},"12":{"name":"ensureVectorIndexes","decl":{"start":{"line":197,"column":22},"end":{"line":197,"column":41}},"loc":{"start":{"line":197,"column":41},"end":{"line":233,"column":null}}},"13":{"name":"(anonymous_24)","decl":{"start":{"line":205,"column":15},"end":{"line":205,"column":16}},"loc":{"start":{"line":205,"column":21},"end":{"line":205,"column":67}}},"14":{"name":"getOrCreateUserMg","decl":{"start":{"line":249,"column":22},"end":{"line":249,"column":39}},"loc":{"start":{"line":249,"column":54},"end":{"line":258,"column":null}}}},"branchMap":{"0":{"loc":{"start":{"line":21,"column":2},"end":{"line":31,"column":3}},"type":"if","locations":[{"start":{"line":21,"column":2},"end":{"line":31,"column":3}}]},"1":{"loc":{"start":{"line":22,"column":16},"end":{"line":22,"column":67}},"type":"cond-expr","locations":[{"start":{"line":22,"column":40},"end":{"line":22,"column":44}},{"start":{"line":22,"column":44},"end":{"line":22,"column":67}}]},"2":{"loc":{"start":{"line":22,"column":16},"end":{"line":22,"column":44}},"type":"binary-expr","locations":[{"start":{"line":22,"column":16},"end":{"line":22,"column":44}},{"start":{"line":22,"column":40},"end":{"line":22,"column":44}}]},"3":{"loc":{"start":{"line":23,"column":17},"end":{"line":23,"column":48}},"type":"cond-expr","locations":[{"start":{"line":23,"column":42},"end":{"line":23,"column":46}},{"start":{"line":23,"column":46},"end":{"line":23,"column":48}}]},"4":{"loc":{"start":{"line":23,"column":17},"end":{"line":23,"column":46}},"type":"binary-expr","locations":[{"start":{"line":23,"column":17},"end":{"line":23,"column":46}},{"start":{"line":23,"column":42},"end":{"line":23,"column":46}}]},"5":{"loc":{"start":{"line":24,"column":17},"end":{"line":24,"column":52}},"type":"cond-expr","locations":[{"start":{"line":24,"column":46},"end":{"line":24,"column":50}},{"start":{"line":24,"column":50},"end":{"line":24,"column":52}}]},"6":{"loc":{"start":{"line":24,"column":17},"end":{"line":24,"column":50}},"type":"binary-expr","locations":[{"start":{"line":24,"column":17},"end":{"line":24,"column":50}},{"start":{"line":24,"column":46},"end":{"line":24,"column":50}}]},"7":{"loc":{"start":{"line":37,"column":2},"end":{"line":40,"column":3}},"type":"if","locations":[{"start":{"line":37,"column":2},"end":{"line":40,"column":3}}]},"8":{"loc":{"start":{"line":72,"column":2},"end":{"line":72,"column":38}},"type":"default-arg","locations":[{"start":{"line":72,"column":36},"end":{"line":72,"column":38}}]},"9":{"loc":{"start":{"line":86,"column":2},"end":{"line":86,"column":38}},"type":"default-arg","locations":[{"start":{"line":86,"column":36},"end":{"line":86,"column":38}}]},"10":{"loc":{"start":{"line":112,"column":20},"end":{"line":112,"column":63}},"type":"cond-expr","locations":[{"start":{"line":112,"column":50},"end":{"line":112,"column":54}},{"start":{"line":112,"column":54},"end":{"line":112,"column":63}}]},"11":{"loc":{"start":{"line":112,"column":20},"end":{"line":112,"column":54}},"type":"binary-expr","locations":[{"start":{"line":112,"column":20},"end":{"line":112,"column":54}},{"start":{"line":112,"column":50},"end":{"line":112,"column":54}}]},"12":{"loc":{"start":{"line":114,"column":2},"end":{"line":116,"column":27}},"type":"if","locations":[{"start":{"line":114,"column":2},"end":{"line":116,"column":27}},{"start":{"line":115,"column":7},"end":{"line":116,"column":27}}]},"13":{"loc":{"start":{"line":115,"column":7},"end":{"line":116,"column":27}},"type":"if","locations":[{"start":{"line":115,"column":7},"end":{"line":116,"column":27}},{"start":{"line":116,"column":7},"end":{"line":116,"column":27}}]},"14":{"loc":{"start":{"line":117,"column":18},"end":{"line":117,"column":58}},"type":"cond-expr","locations":[{"start":{"line":117,"column":44},"end":{"line":117,"column":48}},{"start":{"line":117,"column":48},"end":{"line":117,"column":58}}]},"15":{"loc":{"start":{"line":117,"column":18},"end":{"line":117,"column":48}},"type":"binary-expr","locations":[{"start":{"line":117,"column":18},"end":{"line":117,"column":48}},{"start":{"line":117,"column":44},"end":{"line":117,"column":48}}]},"16":{"loc":{"start":{"line":169,"column":18},"end":{"line":169,"column":66}},"type":"cond-expr","locations":[{"start":{"line":169,"column":41},"end":{"line":169,"column":52}},{"start":{"line":169,"column":55},"end":{"line":169,"column":66}}]},"17":{"loc":{"start":{"line":171,"column":8},"end":{"line":173,"column":36}},"type":"binary-expr","locations":[{"start":{"line":171,"column":8},"end":{"line":171,"column":38}},{"start":{"line":172,"column":8},"end":{"line":172,"column":32}},{"start":{"line":173,"column":8},"end":{"line":173,"column":36}}]},"18":{"loc":{"start":{"line":174,"column":6},"end":{"line":177,"column":7}},"type":"if","locations":[{"start":{"line":174,"column":6},"end":{"line":177,"column":7}}]},"19":{"loc":{"start":{"line":198,"column":2},"end":{"line":198,"column":35}},"type":"if","locations":[{"start":{"line":198,"column":2},"end":{"line":198,"column":35}}]},"20":{"loc":{"start":{"line":205,"column":29},"end":{"line":205,"column":47}},"type":"cond-expr","locations":[{"start":{"line":205,"column":41},"end":{"line":205,"column":45}},{"start":{"line":205,"column":45},"end":{"line":205,"column":47}}]},"21":{"loc":{"start":{"line":205,"column":29},"end":{"line":205,"column":45}},"type":"binary-expr","locations":[{"start":{"line":205,"column":29},"end":{"line":205,"column":45}},{"start":{"line":205,"column":41},"end":{"line":205,"column":45}}]},"22":{"loc":{"start":{"line":210,"column":4},"end":{"line":217,"column":5}},"type":"if","locations":[{"start":{"line":210,"column":4},"end":{"line":217,"column":5}}]},"23":{"loc":{"start":{"line":219,"column":4},"end":{"line":226,"column":5}},"type":"if","locations":[{"start":{"line":219,"column":4},"end":{"line":226,"column":5}}]},"24":{"loc":{"start":{"line":231,"column":56},"end":{"line":231,"column":96}},"type":"cond-expr","locations":[{"start":{"line":231,"column":79},"end":{"line":231,"column":90}},{"start":{"line":231,"column":93},"end":{"line":231,"column":96}}]},"25":{"loc":{"start":{"line":256,"column":2},"end":{"line":256,"column":79}},"type":"if","locations":[{"start":{"line":256,"column":2},"end":{"line":256,"column":79}}]}},"s":{"0":20,"1":20,"2":20,"3":20,"4":20,"5":20,"6":20,"7":20,"8":20,"9":85,"10":20,"11":20,"12":20,"13":20,"14":85,"15":2,"16":1,"17":1,"18":9,"19":13,"20":81,"21":9,"22":9,"23":9,"24":9,"25":7,"26":9,"27":72,"28":72,"29":72,"30":72,"31":69,"32":72,"33":11,"34":11,"35":0,"36":11,"37":0,"38":11,"39":11,"40":6,"41":6,"42":6,"43":66,"44":66,"45":3,"46":3,"47":3,"48":1,"49":1,"50":5,"51":20,"52":7,"53":1,"54":6,"55":6,"56":5,"57":6,"58":5,"59":5,"60":2,"61":2,"62":5,"63":2,"64":2,"65":5,"66":1,"67":1,"68":1,"69":0,"70":1},"f":{"0":85,"1":2,"2":9,"3":13,"4":81,"5":9,"6":9,"7":72,"8":72,"9":11,"10":6,"11":6,"12":7,"13":6,"14":1},"b":{"0":[20],"1":[0,20],"2":[20,20],"3":[0,20],"4":[20,20],"5":[0,20],"6":[20,20],"7":[1],"8":[6],"9":[0],"10":[0,11],"11":[11,11],"12":[0,11],"13":[0,11],"14":[0,11],"15":[11,11],"16":[3,0],"17":[3,3,2],"18":[1],"19":[1],"20":[6,0],"21":[6,6],"22":[2],"23":[2],"24":[1,0],"25":[0]}}
}
