TN:
SF:lib\db\memgraph.ts
FN:20,getDriver
FN:36,closeDriver
FN:47,toPlainObject
FN:49,(anonymous_12)
FN:59,wrapSkipLimit
FN:70,runRead
FN:71,(anonymous_15)
FN:84,runWrite
FN:85,(anonymous_17)
FN:111,resolveEmbedDim
FN:120,getSchemaStatements
FN:160,initSchema
FN:197,ensureVectorIndexes
FN:205,(anonymous_24)
FN:249,getOrCreateUserMg
FNF:15
FNH:15
FNDA:85,getDriver
FNDA:2,closeDriver
FNDA:9,toPlainObject
FNDA:13,(anonymous_12)
FNDA:81,wrapSkipLimit
FNDA:9,runRead
FNDA:9,(anonymous_15)
FNDA:72,runWrite
FNDA:72,(anonymous_17)
FNDA:11,resolveEmbedDim
FNDA:6,getSchemaStatements
FNDA:6,initSchema
FNDA:7,ensureVectorIndexes
FNDA:6,(anonymous_24)
FNDA:1,getOrCreateUserMg
DA:12,20
DA:18,20
DA:20,20
DA:21,85
DA:22,20
DA:23,20
DA:24,20
DA:25,20
DA:32,85
DA:36,20
DA:37,2
DA:38,1
DA:39,1
DA:48,9
DA:49,13
DA:60,81
DA:70,20
DA:71,9
DA:74,9
DA:75,9
DA:76,9
DA:77,7
DA:79,9
DA:84,20
DA:85,72
DA:88,72
DA:89,72
DA:90,72
DA:91,69
DA:93,72
DA:112,11
DA:114,11
DA:115,11
DA:116,11
DA:117,11
DA:121,6
DA:122,6
DA:160,20
DA:161,6
DA:162,66
DA:163,66
DA:169,3
DA:171,3
DA:174,3
DA:175,1
DA:176,1
DA:180,5
DA:187,20
DA:197,20
DA:198,7
DA:200,6
DA:201,6
DA:204,5
DA:205,6
DA:208,5
DA:210,5
DA:211,2
DA:212,2
DA:219,5
DA:220,2
DA:221,2
DA:228,5
DA:231,1
DA:249,20
DA:250,1
DA:256,1
DA:257,1
LF:67
LH:67
BRDA:21,0,0,20
BRDA:22,1,0,0
BRDA:22,1,1,20
BRDA:22,2,0,20
BRDA:22,2,1,20
BRDA:23,3,0,0
BRDA:23,3,1,20
BRDA:23,4,0,20
BRDA:23,4,1,20
BRDA:24,5,0,0
BRDA:24,5,1,20
BRDA:24,6,0,20
BRDA:24,6,1,20
BRDA:37,7,0,1
BRDA:72,8,0,6
BRDA:86,9,0,0
BRDA:112,10,0,0
BRDA:112,10,1,11
BRDA:112,11,0,11
BRDA:112,11,1,11
BRDA:114,12,0,0
BRDA:114,12,1,11
BRDA:115,13,0,0
BRDA:115,13,1,11
BRDA:117,14,0,0
BRDA:117,14,1,11
BRDA:117,15,0,11
BRDA:117,15,1,11
BRDA:169,16,0,3
BRDA:169,16,1,0
BRDA:171,17,0,3
BRDA:171,17,1,3
BRDA:171,17,2,2
BRDA:174,18,0,1
BRDA:198,19,0,1
BRDA:205,20,0,6
BRDA:205,20,1,0
BRDA:205,21,0,6
BRDA:205,21,1,6
BRDA:210,22,0,2
BRDA:219,23,0,2
BRDA:231,24,0,1
BRDA:231,24,1,0
BRDA:256,25,0,0
BRF:44
BRH:32
end_of_record
