TN:
SF:app\api\v1\memories\[memoryId]\route.ts
FN:13,GET
FN:13,(anonymous_8)
FN:56,PUT
FN:56,(anonymous_10)
FNF:4
FNH:4
FNDA:5,GET
FNDA:5,(anonymous_8)
FNDA:5,PUT
FNDA:5,(anonymous_10)
DA:7,1
DA:8,1
DA:9,1
DA:13,5
DA:14,5
DA:17,5
DA:20,5
DA:21,2
DA:24,3
DA:36,3
DA:37,1
DA:39,2
DA:40,2
DA:56,5
DA:57,5
DA:58,5
DA:59,5
DA:60,5
DA:61,5
DA:62,5
DA:63,2
DA:66,3
DA:70,3
DA:71,1
DA:74,2
DA:76,2
DA:86,2
DA:87,2
LF:28
LH:28
BRDA:17,0,0,4
BRDA:17,0,1,1
BRDA:17,1,0,5
BRDA:17,1,1,4
BRDA:17,2,0,3
BRDA:17,2,1,2
BRDA:17,3,0,5
BRDA:17,3,1,3
BRDA:20,4,0,2
BRDA:20,5,0,5
BRDA:20,5,1,4
BRDA:36,6,0,1
BRDA:43,7,0,2
BRDA:43,7,1,0
BRDA:44,8,0,2
BRDA:44,8,1,0
BRDA:46,9,0,2
BRDA:46,9,1,1
BRDA:47,10,0,2
BRDA:47,10,1,0
BRDA:48,11,0,2
BRDA:48,11,1,0
BRDA:49,12,0,2
BRDA:49,12,1,1
BRDA:50,13,0,2
BRDA:50,13,1,2
BRDA:52,14,0,2
BRDA:52,14,1,2
BRDA:59,15,0,5
BRDA:59,15,1,5
BRDA:61,16,0,5
BRDA:61,16,1,4
BRDA:61,16,2,4
BRDA:62,17,0,2
BRDA:62,18,0,5
BRDA:62,18,1,4
BRDA:70,19,0,1
BRDA:86,20,0,2
BRDA:86,20,1,0
BRDA:86,21,0,2
BRDA:86,21,1,2
BRDA:88,22,0,2
BRDA:88,22,1,0
BRDA:88,23,0,2
BRDA:88,23,1,2
BRDA:89,24,0,2
BRDA:89,24,1,0
BRDA:89,25,0,2
BRDA:89,25,1,2
BRDA:90,26,0,2
BRDA:90,26,1,0
BRDA:91,27,0,2
BRDA:91,27,1,0
BRDA:93,28,0,2
BRDA:93,28,1,1
BRDA:94,29,0,2
BRDA:94,29,1,1
BRDA:95,30,0,1
BRDA:95,30,1,1
BRDA:96,31,0,2
BRDA:96,31,1,1
BRF:61
BRH:52
end_of_record
TN:
SF:lib\ai\client.ts
FN:13,getLLMClient
FN:33,resetLLMClient
FNF:2
FNH:2
FNDA:8,getLLMClient
FNDA:2,resetLLMClient
DA:9,9
DA:11,9
DA:13,9
DA:14,8
DA:15,8
DA:16,8
DA:17,8
DA:18,8
DA:22,0
DA:29,0
DA:33,9
DA:34,2
LF:12
LH:10
BRDA:14,0,0,8
BRDA:17,1,0,8
BRDA:17,2,0,8
BRDA:17,2,1,0
BRDA:25,3,0,0
BRDA:25,3,1,0
BRDA:25,4,0,0
BRDA:25,4,1,0
BRDA:26,5,0,0
BRDA:26,5,1,0
BRDA:26,6,0,0
BRDA:26,6,1,0
BRF:12
BRH:3
end_of_record
TN:
SF:lib\clusters\build.ts
FN:26,rebuildClusters
FN:70,(anonymous_9)
FN:70,(anonymous_10)
FN:74,(anonymous_11)
FN:77,(anonymous_12)
FNF:5
FNH:5
FNDA:4,rebuildClusters
FNDA:4,(anonymous_9)
FNDA:4,(anonymous_10)
FNDA:10,(anonymous_11)
FNDA:10,(anonymous_12)
DA:16,1
DA:17,1
DA:18,1
DA:26,1
DA:28,4
DA:34,4
DA:35,4
DA:38,3
DA:49,3
DA:52,2
DA:53,2
DA:54,11
DA:55,11
DA:56,11
DA:60,2
DA:66,2
DA:69,2
DA:70,4
DA:71,4
DA:73,3
DA:74,10
DA:76,3
DA:77,10
DA:79,3
LF:24
LH:24
BRDA:34,0,0,4
BRDA:34,0,1,0
BRDA:34,1,0,4
BRDA:34,1,1,4
BRDA:34,2,0,0
BRDA:34,2,1,4
BRDA:34,3,0,4
BRDA:34,3,1,4
BRDA:35,4,0,1
BRDA:49,5,0,1
BRDA:55,6,0,4
BRDA:71,7,0,1
BRF:12
BRH:10
end_of_record
TN:
SF:lib\clusters\summarize.ts
FN:11,_resetOpenAIClient
FN:15,summarizeCluster
FN:24,(anonymous_10)
FNF:3
FNH:3
FNDA:2,_resetOpenAIClient
FNDA:2,summarizeCluster
FNDA:4,(anonymous_10)
DA:8,1
DA:11,1
DA:12,2
DA:15,1
DA:19,2
DA:22,2
DA:24,4
DA:27,2
DA:28,2
DA:45,0
DA:47,0
DA:48,0
DA:50,0
DA:53,0
DA:58,2
LF:15
LH:10
BRDA:19,0,0,0
BRDA:19,0,1,2
BRDA:19,1,0,2
BRDA:19,1,1,2
BRDA:19,2,0,0
BRDA:19,2,1,2
BRDA:19,3,0,2
BRDA:19,3,1,2
BRDA:45,4,0,0
BRDA:45,4,1,0
BRDA:45,5,0,0
BRDA:45,5,1,0
BRDA:45,6,0,0
BRDA:45,6,1,0
BRDA:45,7,0,0
BRDA:45,7,1,0
BRDA:45,8,0,0
BRDA:45,8,1,0
BRDA:45,9,0,0
BRDA:45,9,1,0
BRDA:54,10,0,0
BRDA:54,10,1,0
BRDA:54,11,0,0
BRDA:54,11,1,0
BRDA:55,12,0,0
BRDA:55,12,1,0
BRDA:55,13,0,0
BRDA:55,13,1,0
BRF:28
BRH:6
end_of_record
TN:
SF:lib\config\helpers.ts
FN:9,getDefaultConfiguration
FN:22,getConfigFromDb
FN:47,saveConfigToDb
FN:57,deepUpdate
FN:92,getDedupConfig
FN:119,getContextWindowConfig
FNF:6
FNH:4
FNDA:4,getDefaultConfiguration
FNDA:4,getConfigFromDb
FNDA:0,saveConfigToDb
FNDA:0,deepUpdate
FNDA:3,getDedupConfig
FNDA:1,getContextWindowConfig
DA:7,6
DA:9,6
DA:10,4
DA:22,6
DA:23,4
DA:24,4
DA:28,3
DA:29,3
DA:30,1
DA:31,1
DA:33,0
DA:36,3
DA:37,3
DA:42,1
DA:47,6
DA:48,0
DA:49,0
DA:54,0
DA:57,6
DA:58,0
DA:59,0
DA:66,0
DA:68,0
DA:71,0
DA:92,6
DA:93,3
DA:94,3
DA:95,3
DA:96,3
DA:102,0
DA:119,6
DA:120,1
DA:121,1
DA:122,1
DA:123,1
DA:128,0
LF:36
LH:25
BRDA:38,0,0,1
BRDA:38,0,1,2
BRDA:38,1,0,3
BRDA:38,1,1,3
BRDA:39,2,0,0
BRDA:39,2,1,3
BRDA:39,3,0,3
BRDA:39,3,1,3
BRDA:59,4,0,0
BRDA:59,4,1,0
BRDA:60,5,0,0
BRDA:60,5,1,0
BRDA:60,5,2,0
BRDA:60,5,3,0
BRDA:60,5,4,0
BRDA:95,6,0,1
BRDA:95,6,1,2
BRDA:95,7,0,3
BRDA:95,7,1,3
BRDA:95,8,0,0
BRDA:95,8,1,3
BRDA:95,9,0,3
BRDA:95,9,1,3
BRDA:95,10,0,0
BRDA:95,10,1,3
BRDA:95,11,0,3
BRDA:95,11,1,3
BRDA:97,12,0,1
BRDA:97,12,1,2
BRDA:97,13,0,3
BRDA:97,13,1,3
BRDA:98,14,0,1
BRDA:98,14,1,2
BRDA:98,15,0,3
BRDA:98,15,1,3
BRDA:99,16,0,0
BRDA:99,16,1,3
BRDA:99,17,0,3
BRDA:99,17,1,3
BRDA:122,18,0,0
BRDA:122,18,1,1
BRDA:122,19,0,1
BRDA:122,19,1,1
BRDA:122,20,0,0
BRDA:122,20,1,1
BRDA:122,21,0,1
BRDA:122,21,1,1
BRDA:122,22,0,0
BRDA:122,22,1,1
BRDA:122,23,0,1
BRDA:122,23,1,1
BRDA:124,24,0,0
BRDA:124,24,1,1
BRDA:124,25,0,1
BRDA:124,25,1,1
BRDA:125,26,0,0
BRDA:125,26,1,1
BRDA:125,27,0,1
BRDA:125,27,1,1
BRF:59
BRH:43
end_of_record
TN:
SF:lib\db\memgraph.ts
FN:20,getDriver
FN:36,closeDriver
FN:47,toPlainObject
FN:49,(anonymous_12)
FN:59,wrapSkipLimit
FN:70,runRead
FN:71,(anonymous_15)
FN:84,runWrite
FN:85,(anonymous_17)
FN:111,resolveEmbedDim
FN:120,getSchemaStatements
FN:160,initSchema
FN:197,ensureVectorIndexes
FN:205,(anonymous_24)
FN:249,getOrCreateUserMg
FNF:15
FNH:12
FNDA:89,getDriver
FNDA:0,closeDriver
FNDA:18,toPlainObject
FNDA:74,(anonymous_12)
FNDA:87,wrapSkipLimit
FNDA:21,runRead
FNDA:21,(anonymous_15)
FNDA:66,runWrite
FNDA:66,(anonymous_17)
FNDA:4,resolveEmbedDim
FNDA:4,getSchemaStatements
FNDA:4,initSchema
FNDA:0,ensureVectorIndexes
FNDA:0,(anonymous_24)
FNDA:1,getOrCreateUserMg
DA:12,29
DA:18,29
DA:20,29
DA:21,89
DA:22,27
DA:23,27
DA:24,27
DA:25,27
DA:32,89
DA:36,29
DA:37,0
DA:38,0
DA:39,0
DA:48,18
DA:49,74
DA:60,87
DA:70,29
DA:71,21
DA:74,21
DA:75,21
DA:76,21
DA:77,20
DA:79,21
DA:84,29
DA:85,66
DA:88,66
DA:89,66
DA:90,66
DA:91,66
DA:93,66
DA:112,4
DA:114,4
DA:115,4
DA:116,4
DA:117,4
DA:121,4
DA:122,4
DA:160,29
DA:161,4
DA:162,52
DA:163,52
DA:169,0
DA:171,0
DA:174,0
DA:175,0
DA:176,0
DA:180,4
DA:187,29
DA:197,29
DA:198,0
DA:200,0
DA:201,0
DA:204,0
DA:205,0
DA:208,0
DA:210,0
DA:211,0
DA:212,0
DA:219,0
DA:220,0
DA:221,0
DA:228,0
DA:231,0
DA:249,29
DA:250,1
DA:256,1
DA:257,1
LF:67
LH:45
BRDA:21,0,0,27
BRDA:22,1,0,0
BRDA:22,1,1,27
BRDA:22,2,0,27
BRDA:22,2,1,27
BRDA:23,3,0,0
BRDA:23,3,1,27
BRDA:23,4,0,27
BRDA:23,4,1,27
BRDA:24,5,0,0
BRDA:24,5,1,27
BRDA:24,6,0,27
BRDA:24,6,1,27
BRDA:37,7,0,0
BRDA:72,8,0,0
BRDA:86,9,0,0
BRDA:112,10,0,0
BRDA:112,10,1,4
BRDA:112,11,0,4
BRDA:112,11,1,4
BRDA:114,12,0,0
BRDA:114,12,1,4
BRDA:115,13,0,0
BRDA:115,13,1,4
BRDA:117,14,0,0
BRDA:117,14,1,4
BRDA:117,15,0,4
BRDA:117,15,1,4
BRDA:169,16,0,0
BRDA:169,16,1,0
BRDA:171,17,0,0
BRDA:171,17,1,0
BRDA:171,17,2,0
BRDA:174,18,0,0
BRDA:198,19,0,0
BRDA:205,20,0,0
BRDA:205,20,1,0
BRDA:205,21,0,0
BRDA:205,21,1,0
BRDA:210,22,0,0
BRDA:219,23,0,0
BRDA:231,24,0,0
BRDA:231,24,1,0
BRDA:256,25,0,0
BRF:44
BRH:18
end_of_record
TN:
SF:lib\dedup\cache.ts
FN:15,pairHash
FN:23,getCached
FN:31,setCached
FNF:3
FNH:3
FNDA:3,pairHash
FNDA:2,getCached
FNDA:1,setCached
DA:7,2
DA:9,2
DA:10,2
DA:15,2
DA:16,3
DA:17,3
DA:23,2
DA:24,2
DA:25,2
DA:31,2
DA:32,1
DA:33,0
DA:34,0
DA:36,1
LF:14
LH:12
BRDA:16,0,0,2
BRDA:16,0,1,1
BRDA:25,1,0,1
BRDA:25,1,1,1
BRDA:32,2,0,0
BRDA:34,3,0,0
BRF:6
BRH:4
end_of_record
TN:
SF:lib\dedup\findNearDuplicates.ts
FN:22,findNearDuplicates
FN:23,(anonymous_8)
FN:42,(anonymous_9)
FNF:3
FNH:3
FNDA:4,findNearDuplicates
FNDA:4,(anonymous_8)
FNDA:2,(anonymous_9)
DA:7,2
DA:8,2
DA:22,2
DA:23,4
DA:28,4
DA:29,4
DA:31,4
DA:42,3
DA:48,1
DA:49,1
LF:10
LH:10
BRDA:25,0,0,3
BRDA:26,1,0,4
BRF:2
BRH:2
end_of_record
TN:
SF:lib\dedup\index.ts
FN:37,tokenizeWords
FN:42,(anonymous_8)
FN:48,isNegationSafe
FN:52,hasNegation
FN:63,checkDeduplication
FNF:5
FNH:5
FNDA:4,tokenizeWords
FNDA:25,(anonymous_8)
FNDA:2,isNegationSafe
FNDA:4,hasNegation
FNDA:8,checkDeduplication
DA:15,1
DA:16,1
DA:17,1
DA:18,1
DA:29,1
DA:38,4
DA:42,25
DA:49,2
DA:53,4
DA:54,92
DA:56,4
DA:63,1
DA:67,8
DA:68,8
DA:74,7
DA:75,7
DA:76,7
DA:77,7
DA:78,7
DA:85,7
DA:86,7
DA:89,4
DA:90,4
DA:93,4
DA:94,4
DA:95,0
DA:97,4
DA:98,4
DA:99,4
DA:101,0
DA:102,0
DA:106,4
DA:112,2
DA:113,0
DA:114,0
DA:116,2
DA:118,2
DA:119,1
LF:38
LH:33
BRDA:54,0,0,0
BRDA:68,1,0,1
BRDA:74,2,0,0
BRDA:74,2,1,7
BRDA:74,3,0,7
BRDA:74,3,1,7
BRDA:76,4,0,7
BRDA:76,4,1,0
BRDA:77,5,0,7
BRDA:77,5,1,0
BRDA:77,5,2,0
BRDA:78,6,0,0
BRDA:78,6,1,7
BRDA:80,7,0,7
BRDA:80,7,1,0
BRDA:81,8,0,7
BRDA:81,8,1,0
BRDA:81,9,0,7
BRDA:81,9,1,7
BRDA:86,10,0,3
BRDA:94,11,0,0
BRDA:94,11,1,4
BRDA:106,12,0,2
BRDA:112,13,0,0
BRDA:118,14,0,1
BRF:25
BRH:15
end_of_record
TN:
SF:lib\dedup\verifyDuplicate.ts
FN:26,verifyDuplicate
FNF:1
FNH:1
FNDA:4,verifyDuplicate
DA:9,2
DA:13,2
DA:26,2
DA:30,4
DA:31,4
DA:33,4
DA:46,4
DA:50,4
DA:51,3
DA:52,2
LF:10
LH:10
BRDA:31,0,0,0
BRDA:31,0,1,4
BRDA:31,1,0,4
BRDA:31,1,1,4
BRDA:31,2,0,0
BRDA:31,2,1,4
BRDA:31,3,0,4
BRDA:31,3,1,4
BRDA:46,4,0,4
BRDA:46,4,1,0
BRDA:46,5,0,4
BRDA:46,5,1,4
BRDA:46,6,0,0
BRDA:46,6,1,4
BRDA:46,7,0,4
BRDA:46,7,1,4
BRDA:46,8,0,0
BRDA:46,8,1,4
BRDA:46,9,0,4
BRDA:46,9,1,4
BRDA:50,10,0,1
BRDA:51,11,0,1
BRF:22
BRH:17
end_of_record
TN:
SF:lib\embeddings\openai.ts
FN:34,getImpl
FN:37,(anonymous_15)
FN:39,(anonymous_16)
FN:42,(anonymous_17)
FN:70,embed
FN:79,embedBatch
FN:88,checkEmbeddingHealth
FNF:7
FNH:5
FNDA:5,getImpl
FNDA:0,(anonymous_15)
FNDA:0,(anonymous_16)
FNDA:1,(anonymous_17)
FNDA:3,embed
FNDA:1,embedBatch
FNDA:1,checkEmbeddingHealth
DA:27,3
DA:32,3
DA:35,5
DA:36,1
DA:37,0
DA:38,1
DA:39,0
DA:42,1
DA:45,5
DA:50,3
DA:57,3
DA:70,3
DA:71,3
DA:72,3
DA:79,3
DA:80,1
DA:81,1
DA:88,3
DA:96,1
DA:97,1
DA:98,1
LF:21
LH:19
BRDA:27,0,0,0
BRDA:27,0,1,3
BRDA:27,1,0,3
BRDA:27,1,1,3
BRDA:35,2,0,1
BRDA:36,3,0,0
BRDA:36,3,1,1
BRDA:38,4,0,0
BRDA:38,4,1,1
BRDA:51,5,0,0
BRDA:51,5,1,3
BRDA:53,6,0,0
BRDA:53,6,1,3
BRDA:54,7,0,0
BRDA:54,7,1,0
BRDA:54,8,0,0
BRDA:54,8,1,0
BRDA:58,9,0,0
BRDA:58,9,1,3
BRDA:59,10,0,0
BRDA:59,10,1,0
BRDA:59,11,0,0
BRDA:59,11,1,0
BRDA:60,12,0,0
BRDA:60,12,1,3
BRDA:61,13,0,0
BRDA:61,13,1,0
BRDA:61,14,0,0
BRDA:61,14,1,0
BRDA:62,15,0,0
BRDA:62,15,1,3
BRDA:62,16,0,3
BRDA:62,16,1,3
BRF:33
BRH:13
end_of_record
TN:
SF:lib\entities\extract.ts
FN:16,extractEntitiesFromMemory
FNF:1
FNH:1
FNDA:4,extractEntitiesFromMemory
DA:7,2
DA:8,2
DA:16,2
DA:19,4
DA:20,4
DA:22,4
DA:23,4
DA:33,3
DA:34,3
DA:35,2
DA:37,2
DA:38,2
LF:12
LH:12
BRDA:20,0,0,0
BRDA:20,0,1,4
BRDA:20,1,0,4
BRDA:20,1,1,4
BRDA:20,2,0,0
BRDA:20,2,1,4
BRDA:20,3,0,4
BRDA:20,3,1,4
BRDA:33,4,0,3
BRDA:33,4,1,0
BRDA:33,5,0,3
BRDA:33,5,1,3
BRDA:33,6,0,0
BRDA:33,6,1,3
BRDA:33,7,0,3
BRDA:33,7,1,3
BRDA:33,8,0,0
BRDA:33,8,1,3
BRDA:33,9,0,3
BRDA:33,9,1,3
BRDA:35,10,0,2
BRDA:35,10,1,0
BRF:22
BRH:16
end_of_record
TN:
SF:lib\entities\link.ts
FN:11,linkMemoryToEntity
FN:12,(anonymous_8)
FNF:2
FNH:0
FNDA:0,linkMemoryToEntity
FNDA:0,(anonymous_8)
DA:6,1
DA:11,1
DA:12,0
DA:17,0
LF:4
LH:2
BRDA:14,0,0,0
BRDA:15,1,0,0
BRF:2
BRH:0
end_of_record
TN:
SF:lib\entities\prompts.ts
FN:37,buildEntityMergePrompt
FNF:1
FNH:1
FNDA:2,buildEntityMergePrompt
DA:10,4
DA:37,4
DA:41,2
LF:3
LH:3
BRDA:47,0,0,2
BRDA:47,0,1,0
BRDA:52,1,0,2
BRDA:52,1,1,0
BRF:4
BRH:2
end_of_record
TN:
SF:lib\entities\resolve.ts
FN:38,normalizeName
FN:64,getTypeRank
FN:68,isMoreSpecific
FN:102,findEntityBySemantic
FN:144,confirmMergeViaLLM
FN:183,resolveEntity
FN:316,(anonymous_16)
FN:328,embedDescriptionAsync
FNF:8
FNH:8
FNDA:24,normalizeName
FNDA:16,getTypeRank
FNDA:16,isMoreSpecific
FNDA:9,findEntityBySemantic
FNDA:2,confirmMergeViaLLM
FNDA:24,resolveEntity
FNDA:11,(anonymous_16)
FNDA:11,embedDescriptionAsync
DA:22,2
DA:23,2
DA:24,2
DA:25,2
DA:26,2
DA:38,2
DA:39,24
DA:52,2
DA:62,2
DA:65,16
DA:69,16
DA:70,8
DA:77,2
DA:78,2
DA:106,9
DA:107,9
DA:108,9
DA:110,2
DA:128,2
DA:131,2
DA:132,2
DA:133,2
DA:136,7
DA:148,2
DA:150,2
DA:153,2
DA:154,2
DA:158,2
DA:164,2
DA:165,2
DA:166,2
DA:168,0
DA:183,2
DA:187,24
DA:188,24
DA:189,24
DA:190,24
DA:193,24
DA:200,24
DA:217,24
DA:218,5
DA:238,5
DA:239,1
DA:244,1
DA:251,24
DA:252,9
DA:253,9
DA:254,1
DA:260,24
DA:262,16
DA:263,16
DA:265,16
DA:267,16
DA:268,8
DA:285,8
DA:302,8
DA:305,8
DA:314,24
DA:315,24
DA:316,11
DA:317,11
DA:321,24
DA:332,11
DA:333,0
LF:64
LH:62
BRDA:65,0,0,15
BRDA:65,0,1,1
BRDA:65,1,0,16
BRDA:65,1,1,16
BRDA:69,2,0,8
BRDA:107,3,0,8
BRDA:107,3,1,1
BRDA:128,4,0,0
BRDA:133,5,0,1
BRDA:133,5,1,1
BRDA:150,6,0,0
BRDA:150,6,1,2
BRDA:150,7,0,2
BRDA:150,7,1,2
BRDA:150,8,0,0
BRDA:150,8,1,2
BRDA:150,9,0,2
BRDA:150,9,1,2
BRDA:155,10,0,2
BRDA:155,10,1,0
BRDA:155,11,0,2
BRDA:155,11,1,2
BRDA:155,12,0,2
BRDA:155,12,1,0
BRDA:155,13,0,2
BRDA:155,13,1,2
BRDA:164,14,0,2
BRDA:164,14,1,0
BRDA:164,15,0,2
BRDA:164,15,1,2
BRDA:164,16,0,0
BRDA:164,16,1,2
BRDA:164,17,0,2
BRDA:164,17,1,2
BRDA:164,18,0,0
BRDA:164,18,1,2
BRDA:164,19,0,2
BRDA:164,19,1,2
BRDA:189,20,0,24
BRDA:189,20,1,0
BRDA:189,21,0,24
BRDA:189,21,1,24
BRDA:217,22,0,5
BRDA:217,23,0,24
BRDA:217,23,1,11
BRDA:238,24,0,1
BRDA:238,25,0,5
BRDA:238,25,1,2
BRDA:251,26,0,9
BRDA:253,27,0,1
BRDA:260,28,0,16
BRDA:260,28,1,8
BRDA:265,29,0,16
BRDA:265,29,1,0
BRDA:265,30,0,16
BRDA:265,30,1,16
BRDA:267,31,0,8
BRDA:267,32,0,16
BRDA:267,32,1,9
BRDA:278,33,0,8
BRDA:278,33,1,0
BRDA:278,34,0,8
BRDA:278,34,1,8
BRDA:298,35,0,8
BRDA:298,35,1,0
BRDA:298,36,0,8
BRDA:298,36,1,8
BRDA:314,37,0,24
BRDA:314,37,1,0
BRDA:314,38,0,24
BRDA:314,38,1,24
BRDA:315,39,0,11
BRF:72
BRH:59
end_of_record
TN:
SF:lib\entities\worker.ts
FN:21,processEntityExtraction
FNF:1
FNH:1
FNDA:5,processEntityExtraction
DA:16,1
DA:17,1
DA:18,1
DA:19,1
DA:21,1
DA:23,5
DA:27,5
DA:29,4
DA:30,4
DA:33,3
DA:37,3
DA:38,3
DA:41,3
DA:48,3
DA:50,3
DA:53,2
DA:54,2
DA:55,2
DA:56,2
DA:60,2
DA:65,1
LF:21
LH:21
BRDA:27,0,0,1
BRDA:30,1,0,1
BRDA:37,2,0,0
BRDA:54,3,0,0
BRDA:54,4,0,0
BRDA:54,4,1,2
BRDA:54,5,0,2
BRDA:54,5,1,2
BRDA:68,6,0,1
BRDA:68,6,1,0
BRDA:68,7,0,1
BRDA:68,7,1,1
BRF:12
BRH:8
end_of_record
TN:
SF:lib\mcp\server.ts
FN:108,createMcpServer
FN:123,(anonymous_8)
FN:123,(anonymous_9)
FN:145,(anonymous_10)
FN:145,(anonymous_11)
FN:170,(anonymous_12)
FN:216,(anonymous_13)
FN:216,(anonymous_14)
FN:266,(anonymous_15)
FN:293,(anonymous_16)
FN:293,(anonymous_17)
FN:296,(anonymous_18)
FN:304,(anonymous_19)
FN:312,(anonymous_20)
FN:320,(anonymous_21)
FN:321,(anonymous_22)
FN:322,(anonymous_23)
FN:331,(anonymous_24)
FN:365,(anonymous_25)
FN:365,(anonymous_26)
FN:390,(anonymous_27)
FN:429,(anonymous_28)
FN:429,(anonymous_29)
FN:529,(anonymous_30)
FN:529,(anonymous_31)
FN:611,(anonymous_32)
FN:617,(anonymous_33)
FN:642,(anonymous_34)
FN:642,(anonymous_35)
FN:702,(anonymous_36)
FN:703,(anonymous_37)
FN:729,(anonymous_38)
FN:729,(anonymous_39)
FN:769,(anonymous_40)
FN:792,(anonymous_41)
FN:825,(anonymous_42)
FN:830,(anonymous_43)
FN:844,(anonymous_44)
FN:876,(anonymous_45)
FN:876,(anonymous_46)
FN:947,(anonymous_47)
FN:947,(anonymous_48)
FN:997,(anonymous_49)
FN:997,(anonymous_50)
FNF:44
FNH:40
FNDA:11,createMcpServer
FNDA:8,(anonymous_8)
FNDA:8,(anonymous_9)
FNDA:13,(anonymous_10)
FNDA:13,(anonymous_11)
FNDA:0,(anonymous_12)
FNDA:14,(anonymous_13)
FNDA:14,(anonymous_14)
FNDA:7,(anonymous_15)
FNDA:2,(anonymous_16)
FNDA:2,(anonymous_17)
FNDA:2,(anonymous_18)
FNDA:8,(anonymous_19)
FNDA:0,(anonymous_20)
FNDA:7,(anonymous_21)
FNDA:8,(anonymous_22)
FNDA:8,(anonymous_23)
FNDA:8,(anonymous_24)
FNDA:3,(anonymous_25)
FNDA:3,(anonymous_26)
FNDA:0,(anonymous_27)
FNDA:5,(anonymous_28)
FNDA:5,(anonymous_29)
FNDA:3,(anonymous_30)
FNDA:3,(anonymous_31)
FNDA:2,(anonymous_32)
FNDA:1,(anonymous_33)
FNDA:1,(anonymous_34)
FNDA:1,(anonymous_35)
FNDA:1,(anonymous_36)
FNDA:1,(anonymous_37)
FNDA:3,(anonymous_38)
FNDA:3,(anonymous_39)
FNDA:0,(anonymous_40)
FNDA:53,(anonymous_41)
FNDA:11,(anonymous_42)
FNDA:1,(anonymous_43)
FNDA:53,(anonymous_44)
FNDA:4,(anonymous_45)
FNDA:4,(anonymous_46)
FNDA:2,(anonymous_47)
FNDA:2,(anonymous_48)
FNDA:3,(anonymous_49)
FNDA:3,(anonymous_50)
DA:26,1
DA:27,1
DA:28,1
DA:30,1
DA:31,1
DA:32,1
DA:33,1
DA:34,1
DA:35,1
DA:36,1
DA:46,1
DA:57,1
DA:67,1
DA:73,1
DA:79,1
DA:83,1
DA:87,1
DA:93,1
DA:99,1
DA:104,1
DA:108,1
DA:109,11
DA:112,11
DA:123,8
DA:124,8
DA:125,8
DA:128,8
DA:129,8
DA:130,1
DA:133,7
DA:134,7
DA:136,7
DA:144,7
DA:145,13
DA:146,13
DA:148,13
DA:150,12
DA:151,2
DA:152,2
DA:156,10
DA:157,2
DA:158,2
DA:160,8
DA:167,10
DA:170,10
DA:172,10
DA:174,1
DA:175,1
DA:176,1
DA:181,7
DA:183,7
DA:187,0
DA:188,0
DA:189,0
DA:205,11
DA:216,14
DA:217,14
DA:218,14
DA:220,14
DA:222,14
DA:223,14
DA:226,14
DA:227,6
DA:228,6
DA:229,6
DA:231,6
DA:238,6
DA:240,6
DA:257,6
DA:259,6
DA:266,7
DA:279,8
DA:280,8
DA:283,8
DA:290,8
DA:291,8
DA:292,1
DA:293,2
DA:295,8
DA:296,2
DA:299,8
DA:302,8
DA:303,7
DA:304,8
DA:305,7
DA:315,8
DA:321,8
DA:322,8
DA:323,7
DA:324,7
DA:332,8
DA:333,8
DA:348,0
DA:349,0
DA:350,0
DA:356,11
DA:365,3
DA:366,3
DA:368,3
DA:369,3
DA:370,3
DA:373,3
DA:380,3
DA:381,1
DA:385,2
DA:387,2
DA:390,2
DA:392,2
DA:407,0
DA:408,0
DA:409,0
DA:419,11
DA:429,5
DA:430,5
DA:432,5
DA:433,5
DA:434,5
DA:435,5
DA:436,5
DA:439,5
DA:458,5
DA:459,5
DA:460,5
DA:461,2
DA:466,2
DA:467,2
DA:469,2
DA:492,5
DA:493,5
DA:494,5
DA:495,6
DA:496,5
DA:497,5
DA:501,5
DA:502,5
DA:504,5
DA:511,0
DA:512,0
DA:513,0
DA:519,11
DA:529,3
DA:530,3
DA:532,3
DA:534,3
DA:544,3
DA:545,1
DA:549,2
DA:562,2
DA:578,2
DA:597,2
DA:598,2
DA:600,2
DA:611,2
DA:617,1
DA:628,0
DA:629,0
DA:630,0
DA:636,11
DA:642,1
DA:643,1
DA:645,1
DA:647,1
DA:650,1
DA:657,1
DA:660,1
DA:673,1
DA:692,1
DA:702,1
DA:703,1
DA:713,0
DA:719,11
DA:729,3
DA:730,3
DA:732,3
DA:733,3
DA:734,3
DA:735,3
DA:738,3
DA:746,3
DA:747,1
DA:751,2
DA:767,2
DA:768,2
DA:769,0
DA:770,0
DA:785,0
DA:786,0
DA:791,2
DA:792,53
DA:795,2
DA:812,2
DA:822,2
DA:824,2
DA:825,11
DA:830,1
DA:837,2
DA:838,2
DA:840,2
DA:844,53
DA:859,0
DA:860,0
DA:861,0
DA:867,11
DA:876,4
DA:877,4
DA:879,4
DA:880,4
DA:881,4
DA:882,4
DA:883,4
DA:884,4
DA:885,4
DA:889,4
DA:893,4
DA:897,4
DA:898,4
DA:901,4
DA:911,4
DA:912,4
DA:913,4
DA:915,4
DA:931,0
DA:932,0
DA:933,0
DA:939,11
DA:947,2
DA:948,2
DA:950,2
DA:951,2
DA:952,2
DA:953,2
DA:955,2
DA:966,2
DA:967,2
DA:969,2
DA:978,0
DA:979,0
DA:980,0
DA:986,11
DA:997,3
DA:998,3
DA:1000,3
DA:1002,3
DA:1014,3
DA:1015,1
DA:1018,2
DA:1021,2
DA:1027,2
DA:1029,2
DA:1043,0
DA:1044,0
DA:1045,0
DA:1050,11
LF:253
LH:221
BRDA:124,0,0,0
BRDA:125,1,0,0
BRDA:128,2,0,4
BRDA:128,2,1,4
BRDA:129,3,0,1
BRDA:150,4,0,2
BRDA:156,5,0,2
BRDA:156,5,1,8
BRDA:167,6,0,2
BRDA:167,6,1,8
BRDA:174,7,0,1
BRDA:174,7,1,0
BRDA:187,8,0,0
BRDA:187,8,1,0
BRDA:217,9,0,0
BRDA:218,10,0,0
BRDA:220,11,0,14
BRDA:220,11,1,9
BRDA:226,12,0,6
BRDA:227,13,0,2
BRDA:227,13,1,4
BRDA:227,14,0,6
BRDA:227,14,1,6
BRDA:228,15,0,1
BRDA:228,15,1,5
BRDA:228,16,0,6
BRDA:228,16,1,6
BRDA:234,17,0,1
BRDA:234,17,1,5
BRDA:238,18,0,6
BRDA:238,18,1,0
BRDA:238,19,0,6
BRDA:238,19,1,6
BRDA:238,20,0,0
BRDA:238,20,1,6
BRDA:238,21,0,6
BRDA:238,21,1,6
BRDA:245,22,0,1
BRDA:245,22,1,5
BRDA:271,23,0,7
BRDA:271,23,1,0
BRDA:271,24,0,7
BRDA:271,24,1,7
BRDA:279,25,0,0
BRDA:279,25,1,8
BRDA:279,26,0,8
BRDA:279,26,1,8
BRDA:291,27,0,1
BRDA:295,28,0,1
BRDA:302,29,0,7
BRDA:320,30,0,7
BRDA:320,30,1,1
BRDA:323,31,0,7
BRDA:323,31,1,2
BRDA:326,32,0,6
BRDA:326,32,1,1
BRDA:348,33,0,0
BRDA:348,33,1,0
BRDA:366,34,0,0
BRDA:380,35,0,1
BRDA:407,36,0,0
BRDA:407,36,1,0
BRDA:430,37,0,0
BRDA:433,38,0,0
BRDA:433,38,1,5
BRDA:433,39,0,5
BRDA:433,39,1,5
BRDA:434,40,0,1
BRDA:434,40,1,4
BRDA:436,41,0,1
BRDA:466,42,0,0
BRDA:467,43,0,0
BRDA:467,43,1,2
BRDA:495,44,0,5
BRDA:511,45,0,0
BRDA:511,45,1,0
BRDA:530,46,0,0
BRDA:544,47,0,1
BRDA:628,48,0,0
BRDA:628,48,1,0
BRDA:643,49,0,0
BRDA:730,50,0,0
BRDA:733,51,0,0
BRDA:733,51,1,3
BRDA:733,52,0,3
BRDA:733,52,1,3
BRDA:734,53,0,0
BRDA:734,53,1,3
BRDA:734,54,0,3
BRDA:734,54,1,3
BRDA:735,55,0,1
BRDA:735,55,1,2
BRDA:735,56,0,3
BRDA:735,56,1,3
BRDA:746,57,0,1
BRDA:768,58,0,0
BRDA:768,59,0,2
BRDA:768,59,1,0
BRDA:838,60,0,1
BRDA:838,60,1,1
BRDA:847,61,0,51
BRDA:847,61,1,2
BRDA:850,62,0,1
BRDA:850,62,1,1
BRDA:859,63,0,0
BRDA:859,63,1,0
BRDA:877,64,0,0
BRDA:884,65,0,2
BRDA:884,65,1,2
BRDA:884,66,0,4
BRDA:884,66,1,4
BRDA:911,67,0,4
BRDA:911,67,1,0
BRDA:911,68,0,4
BRDA:911,68,1,4
BRDA:911,69,0,0
BRDA:911,69,1,4
BRDA:911,70,0,4
BRDA:911,70,1,4
BRDA:912,71,0,4
BRDA:912,71,1,0
BRDA:912,72,0,4
BRDA:912,72,1,4
BRDA:912,73,0,0
BRDA:912,73,1,4
BRDA:912,74,0,4
BRDA:912,74,1,4
BRDA:920,75,0,4
BRDA:920,75,1,0
BRDA:920,76,0,4
BRDA:920,76,1,4
BRDA:920,77,0,0
BRDA:920,77,1,4
BRDA:920,78,0,4
BRDA:920,78,1,4
BRDA:931,79,0,0
BRDA:931,79,1,0
BRDA:948,80,0,0
BRDA:966,81,0,2
BRDA:966,81,1,0
BRDA:966,82,0,2
BRDA:966,82,1,2
BRDA:966,83,0,0
BRDA:966,83,1,2
BRDA:966,84,0,2
BRDA:966,84,1,2
BRDA:972,85,0,1
BRDA:972,85,1,1
BRDA:978,86,0,0
BRDA:978,86,1,0
BRDA:998,87,0,0
BRDA:1014,88,0,1
BRDA:1014,89,0,3
BRDA:1014,89,1,2
BRDA:1043,90,0,0
BRDA:1043,90,1,0
BRF:156
BRH:106
end_of_record
TN:
SF:lib\mem0\semaphore.ts
FN:12,(anonymous_7)
FN:17,(anonymous_8)
FN:22,(anonymous_9)
FN:28,(anonymous_10)
FN:38,(anonymous_11)
FNF:5
FNH:5
FNDA:12,(anonymous_7)
FNDA:36,(anonymous_8)
FNDA:3,(anonymous_9)
FNDA:31,(anonymous_10)
FNDA:30,(anonymous_11)
DA:8,3
DA:10,12
DA:13,12
DA:18,36
DA:19,33
DA:20,33
DA:22,3
DA:23,3
DA:29,31
DA:30,3
DA:31,3
DA:33,28
DA:39,30
DA:40,30
DA:41,30
DA:43,30
LF:16
LH:16
BRDA:18,0,0,33
BRDA:29,1,0,3
BRDA:29,1,1,28
BRF:3
BRH:3
end_of_record
TN:
SF:lib\memory\bulk.ts
FN:53,getMaxConcurrency
FN:64,bulkAddMemories
FN:76,(anonymous_11)
FN:101,(anonymous_12)
FN:102,(anonymous_13)
FN:102,(anonymous_14)
FN:121,(anonymous_15)
FN:129,(anonymous_16)
FN:145,(anonymous_17)
FN:164,(anonymous_18)
FN:198,(anonymous_19)
FNF:11
FNH:10
FNDA:5,getMaxConcurrency
FNDA:5,bulkAddMemories
FNDA:15,(anonymous_11)
FNDA:11,(anonymous_12)
FNDA:11,(anonymous_13)
FNDA:11,(anonymous_14)
FNDA:6,(anonymous_15)
FNDA:13,(anonymous_16)
FNDA:13,(anonymous_17)
FNDA:13,(anonymous_18)
FNDA:0,(anonymous_19)
DA:14,1
DA:15,1
DA:16,1
DA:17,1
DA:18,1
DA:19,1
DA:54,5
DA:55,5
DA:64,1
DA:73,5
DA:76,15
DA:82,5
DA:83,5
DA:85,5
DA:86,15
DA:87,15
DA:88,1
DA:90,14
DA:91,14
DA:96,5
DA:98,5
DA:99,4
DA:100,4
DA:102,11
DA:103,11
DA:104,11
DA:105,11
DA:106,1
DA:111,10
DA:115,0
DA:121,6
DA:123,1
DA:126,5
DA:129,13
DA:130,5
DA:133,5
DA:145,13
DA:156,5
DA:157,5
DA:163,5
DA:164,13
DA:167,5
DA:188,5
DA:189,5
DA:190,13
DA:196,13
DA:197,13
DA:198,13
DA:199,0
DA:203,5
LF:50
LH:48
BRDA:54,0,0,0
BRDA:54,0,1,5
BRDA:54,1,0,5
BRDA:54,1,1,5
BRDA:70,2,0,5
BRDA:71,3,0,4
BRDA:87,4,0,1
BRDA:87,4,1,14
BRDA:98,5,0,4
BRDA:98,5,1,1
BRDA:98,6,0,5
BRDA:98,6,1,4
BRDA:105,7,0,1
BRDA:105,7,1,10
BRDA:105,8,0,11
BRDA:105,8,1,10
BRDA:126,9,0,0
BRDA:149,10,0,1
BRDA:149,10,1,12
BRDA:149,11,0,13
BRDA:149,11,1,13
BRDA:197,12,0,13
BRDA:197,12,1,0
BRDA:197,13,0,13
BRDA:197,13,1,13
BRF:25
BRH:22
end_of_record
TN:
SF:lib\memory\categorize.ts
FN:41,categorizeMemory
FN:74,(anonymous_9)
FNF:2
FNH:2
FNDA:14,categorizeMemory
FNDA:7,(anonymous_9)
DA:10,6
DA:11,6
DA:13,6
DA:31,6
DA:41,6
DA:45,14
DA:46,14
DA:48,8
DA:52,8
DA:62,7
DA:63,7
DA:64,7
DA:65,7
DA:68,2
DA:69,2
DA:72,7
DA:74,6
DA:75,7
DA:78,6
DA:79,6
DA:87,7
LF:21
LH:21
BRDA:48,0,0,0
BRDA:48,0,1,8
BRDA:48,1,0,8
BRDA:48,1,1,8
BRDA:48,2,0,0
BRDA:48,2,1,8
BRDA:48,3,0,8
BRDA:48,3,1,8
BRDA:62,4,0,6
BRDA:62,4,1,1
BRDA:62,5,0,7
BRDA:62,5,1,7
BRDA:62,6,0,1
BRDA:62,6,1,6
BRDA:62,7,0,7
BRDA:62,7,1,6
BRDA:62,8,0,0
BRDA:62,8,1,7
BRDA:62,9,0,7
BRDA:62,9,1,7
BRDA:62,10,0,0
BRDA:62,10,1,7
BRDA:62,11,0,7
BRDA:62,11,1,7
BRDA:69,12,0,1
BRDA:72,13,0,1
BRF:26
BRH:22
end_of_record
TN:
SF:lib\memory\context.ts
FN:19,getRecentMemories
FN:20,(anonymous_8)
FN:32,(anonymous_9)
FN:44,buildContextPrefix
FN:49,(anonymous_11)
FNF:5
FNH:5
FNDA:4,getRecentMemories
FNDA:4,(anonymous_8)
FNDA:4,(anonymous_9)
FNDA:4,buildContextPrefix
FNDA:3,(anonymous_11)
DA:7,5
DA:19,5
DA:20,4
DA:23,4
DA:32,4
DA:44,5
DA:45,4
DA:47,2
DA:49,3
DA:52,2
LF:10
LH:10
BRDA:21,0,0,0
BRDA:45,1,0,2
BRF:2
BRH:1
end_of_record
TN:
SF:lib\memory\search.ts
FN:56,searchMemories
FN:57,(anonymous_8)
FN:117,listMemories
FNF:3
FNH:1
FNDA:0,searchMemories
FNDA:0,(anonymous_8)
FNDA:3,listMemories
DA:13,3
DA:14,3
DA:56,3
DA:57,0
DA:62,0
DA:67,0
DA:99,0
DA:104,0
DA:106,0
DA:117,3
DA:128,3
DA:129,3
DA:133,3
DA:136,3
DA:137,3
DA:138,3
DA:142,3
DA:144,1
DA:145,1
DA:146,2
DA:148,1
DA:151,1
DA:156,3
DA:160,3
DA:172,3
DA:178,3
DA:183,3
DA:184,3
DA:186,3
LF:29
LH:23
BRDA:59,0,0,0
BRDA:67,1,0,0
BRDA:67,1,1,0
BRDA:104,2,0,0
BRDA:124,3,0,3
BRDA:125,4,0,3
BRDA:126,5,0,2
BRDA:133,6,0,0
BRDA:133,6,1,3
BRDA:137,7,0,0
BRDA:138,8,0,0
BRDA:142,9,0,1
BRDA:142,9,1,2
BRDA:146,10,0,1
BRDA:146,10,1,1
BRDA:156,11,0,0
BRDA:156,11,1,3
BRDA:174,12,0,0
BRDA:174,12,1,3
BRDA:183,13,0,0
BRDA:183,13,1,3
BRDA:183,14,0,3
BRDA:183,14,1,3
BRDA:184,15,0,0
BRDA:184,15,1,3
BRDA:184,16,0,0
BRDA:184,16,1,3
BRDA:184,17,0,3
BRDA:184,17,1,3
BRDA:184,18,0,3
BRDA:184,18,1,0
BRDA:184,19,0,3
BRDA:184,19,1,3
BRF:33
BRH:20
end_of_record
TN:
SF:lib\memory\write.ts
FN:60,addMemory
FN:129,(anonymous_9)
FN:142,updateMemory
FN:173,supersedeMemory
FN:231,(anonymous_14)
FN:243,deleteMemory
FN:261,archiveMemory
FN:276,pauseMemory
FN:297,deleteAllMemories
FN:327,getMemory
FNF:10
FNH:10
FNDA:15,addMemory
FNDA:1,(anonymous_9)
FNDA:3,updateMemory
FNDA:6,supersedeMemory
FNDA:1,(anonymous_14)
FNDA:3,deleteMemory
FNDA:2,archiveMemory
FNDA:1,pauseMemory
FNDA:3,deleteAllMemories
FNDA:3,getMemory
DA:17,6
DA:18,6
DA:19,6
DA:20,6
DA:21,6
DA:22,6
DA:60,6
DA:64,15
DA:65,15
DA:66,15
DA:70,15
DA:71,15
DA:72,15
DA:73,2
DA:74,2
DA:75,2
DA:76,1
DA:80,15
DA:83,15
DA:90,15
DA:116,15
DA:117,2
DA:129,15
DA:131,15
DA:142,6
DA:147,3
DA:148,3
DA:149,3
DA:151,3
DA:160,3
DA:173,6
DA:179,6
DA:180,6
DA:181,6
DA:184,6
DA:191,6
DA:210,6
DA:218,6
DA:219,3
DA:231,6
DA:233,6
DA:243,6
DA:247,3
DA:248,3
DA:254,3
DA:261,6
DA:265,2
DA:266,2
DA:273,2
DA:276,6
DA:280,1
DA:287,1
DA:297,6
DA:301,3
DA:304,3
DA:305,1
DA:306,1
DA:312,2
DA:318,3
DA:319,3
DA:320,3
DA:327,6
DA:331,3
DA:340,3
LF:64
LH:64
BRDA:72,0,0,2
BRDA:72,1,0,15
BRDA:72,1,1,3
BRDA:75,2,0,1
BRDA:110,3,0,1
BRDA:110,3,1,14
BRDA:116,4,0,2
BRDA:218,5,0,3
BRDA:304,6,0,1
BRDA:304,6,1,2
BRDA:319,7,0,1
BRDA:319,7,1,2
BRDA:319,8,0,3
BRDA:319,8,1,3
BRDA:320,9,0,2
BRDA:320,9,1,1
BRDA:320,10,0,0
BRDA:320,10,1,1
BRDA:320,11,0,1
BRDA:320,11,1,1
BRDA:320,12,0,1
BRDA:320,12,1,0
BRDA:320,13,0,1
BRDA:320,13,1,1
BRDA:340,14,0,1
BRDA:340,14,1,2
BRDA:340,15,0,3
BRDA:340,15,1,3
BRF:28
BRH:26
end_of_record
TN:
SF:lib\search\hybrid.ts
FN:45,hybridSearch
FN:54,(anonymous_15)
FN:71,(anonymous_16)
FN:75,(anonymous_17)
FN:80,(anonymous_18)
FN:94,(anonymous_19)
FN:97,(anonymous_20)
FN:108,(anonymous_21)
FN:113,(anonymous_22)
FN:123,(anonymous_23)
FNF:10
FNH:7
FNDA:5,hybridSearch
FNDA:0,(anonymous_15)
FNDA:1,(anonymous_16)
FNDA:1,(anonymous_17)
FNDA:8,(anonymous_18)
FNDA:4,(anonymous_19)
FNDA:8,(anonymous_20)
FNDA:8,(anonymous_21)
FNDA:0,(anonymous_22)
FNDA:0,(anonymous_23)
DA:16,5
DA:17,5
DA:18,5
DA:19,5
DA:45,5
DA:49,5
DA:52,5
DA:57,0
DA:58,0
DA:68,5
DA:69,1
DA:71,1
DA:72,4
DA:73,1
DA:75,1
DA:77,3
DA:80,8
DA:81,5
DA:84,5
DA:94,5
DA:96,5
DA:98,8
DA:99,8
DA:100,4
DA:108,8
DA:110,5
DA:112,5
DA:113,0
DA:114,0
DA:119,0
DA:122,5
DA:123,0
DA:124,0
DA:130,5
LF:34
LH:27
BRDA:49,0,0,0
BRDA:49,1,0,0
BRDA:49,2,0,5
BRDA:53,3,0,4
BRDA:53,3,1,1
BRDA:57,4,0,0
BRDA:57,4,1,0
BRDA:57,5,0,0
BRDA:57,5,1,0
BRDA:57,6,0,0
BRDA:57,6,1,0
BRDA:57,7,0,0
BRDA:57,7,1,0
BRDA:61,8,0,4
BRDA:61,8,1,1
BRDA:68,9,0,1
BRDA:68,9,1,4
BRDA:72,10,0,1
BRDA:72,10,1,3
BRDA:81,11,0,0
BRDA:99,12,0,4
BRDA:103,13,0,4
BRDA:103,13,1,0
BRDA:103,14,0,4
BRDA:103,14,1,4
BRDA:104,15,0,4
BRDA:104,15,1,0
BRDA:104,16,0,4
BRDA:104,16,1,4
BRDA:105,17,0,1
BRDA:105,17,1,3
BRDA:105,18,0,4
BRDA:105,18,1,1
BRDA:110,19,0,0
BRDA:110,19,1,5
BRDA:110,20,0,5
BRDA:110,20,1,5
BRDA:112,21,0,0
BRDA:122,22,0,0
BRF:39
BRH:23
end_of_record
TN:
SF:lib\search\mmr.ts
FN:25,mmrRerank
FN:31,(anonymous_1)
FN:35,(anonymous_2)
FN:50,(anonymous_3)
FN:52,(anonymous_4)
FN:77,cosineSimilarity
FN:78,(anonymous_6)
FN:79,(anonymous_7)
FN:80,(anonymous_8)
FNF:9
FNH:9
FNDA:3,mmrRerank
FNDA:3,(anonymous_1)
FNDA:2,(anonymous_2)
FNDA:2,(anonymous_3)
FNDA:2,(anonymous_4)
FNDA:2,cosineSimilarity
FNDA:8,(anonymous_6)
FNDA:8,(anonymous_7)
FNDA:8,(anonymous_8)
DA:25,1
DA:30,3
DA:31,3
DA:34,1
DA:35,2
DA:38,1
DA:40,1
DA:41,1
DA:42,1
DA:44,1
DA:45,2
DA:46,2
DA:50,2
DA:51,2
DA:53,2
DA:59,0
DA:62,2
DA:63,2
DA:64,2
DA:65,2
DA:69,1
DA:72,1
DA:78,8
DA:79,8
DA:80,8
DA:81,2
LF:26
LH:25
BRDA:28,0,0,1
BRDA:30,1,0,2
BRDA:40,2,0,2
BRDA:40,2,1,1
BRDA:50,3,0,2
BRDA:50,3,1,0
BRDA:50,4,0,2
BRDA:50,4,1,2
BRDA:53,5,0,2
BRDA:53,5,1,0
BRDA:63,6,0,2
BRDA:78,7,0,8
BRDA:78,7,1,0
BRDA:78,8,0,8
BRDA:78,8,1,8
BRDA:81,9,0,2
BRDA:81,9,1,0
BRF:17
BRH:13
end_of_record
TN:
SF:lib\search\rerank.ts
FN:46,crossEncoderRerank
FN:47,(anonymous_8)
FN:61,(anonymous_9)
FN:62,(anonymous_10)
FN:62,(anonymous_11)
FN:90,(anonymous_12)
FNF:6
FNH:6
FNDA:4,crossEncoderRerank
FNDA:4,(anonymous_8)
FNDA:16,(anonymous_9)
FNDA:16,(anonymous_10)
FNDA:16,(anonymous_11)
FNDA:18,(anonymous_12)
DA:10,1
DA:11,1
DA:27,1
DA:46,1
DA:47,4
DA:52,4
DA:54,4
DA:58,4
DA:60,4
DA:62,16
DA:63,16
DA:64,16
DA:77,15
DA:80,15
DA:81,15
DA:83,1
DA:89,4
DA:90,18
LF:18
LH:18
BRDA:49,0,0,0
BRDA:50,1,0,4
BRDA:54,2,0,0
BRDA:54,2,1,4
BRDA:54,3,0,4
BRDA:54,3,1,4
BRDA:54,4,0,0
BRDA:54,4,1,4
BRDA:54,5,0,4
BRDA:54,5,1,4
BRDA:78,6,0,15
BRDA:78,6,1,0
BRDA:78,7,0,15
BRDA:78,7,1,15
BRDA:78,8,0,0
BRDA:78,8,1,15
BRDA:78,9,0,15
BRDA:78,9,1,15
BRDA:78,10,0,0
BRDA:78,10,1,15
BRDA:78,11,0,15
BRDA:78,11,1,15
BRDA:80,12,0,15
BRDA:80,12,1,3
BRF:24
BRH:18
end_of_record
TN:
SF:lib\search\rrf.ts
FN:33,reciprocalRankFusion
FN:58,(anonymous_1)
FN:64,(anonymous_2)
FNF:3
FNH:3
FNDA:8,reciprocalRankFusion
FNDA:23,(anonymous_1)
FNDA:27,(anonymous_2)
DA:24,10
DA:33,10
DA:38,8
DA:43,8
DA:44,13
DA:45,13
DA:46,13
DA:47,13
DA:50,8
DA:51,13
DA:52,13
DA:53,13
DA:54,13
DA:57,8
DA:58,23
DA:64,27
LF:16
LH:16
BRDA:36,0,0,0
BRDA:44,1,0,0
BRDA:44,1,1,13
BRDA:44,2,0,13
BRDA:44,2,1,13
BRDA:51,3,0,3
BRDA:51,3,1,10
BRDA:51,4,0,13
BRDA:51,4,1,13
BRF:9
BRH:7
end_of_record
TN:
SF:lib\search\text.ts
FN:30,textSearch
FN:31,(anonymous_8)
FN:43,(anonymous_9)
FNF:3
FNH:3
FNDA:5,textSearch
FNDA:5,(anonymous_8)
FNDA:4,(anonymous_9)
DA:15,5
DA:30,5
DA:31,5
DA:35,5
DA:43,5
LF:5
LH:5
BRDA:33,0,0,5
BRF:1
BRH:1
end_of_record
